<?xml version="1.0" encoding="UTF-8"?>
<robot generator="Robot 3.2.2 (Python 3.9.0 on win32)" generated="20201203 23:53:32.498" rpa="false">
<suite id="s1" name="MarqetaTest Transaction" source="C:\Users\westagram\OneDrive\Desktop\marqeta-assignment\Test\Testing_Transaction\MarqetaTest_Transaction.robot">
<test id="s1-t1" name="SUITE 1 - TEST CASE 1">
<kw name="Transaction Util" library="marqeta">
<arguments>
<arg>1000</arg>
</arguments>
<assign>
<var>${CARD TOKEN}</var>
</assign>
<msg timestamp="20201203 23:53:35.285" level="INFO">${CARD TOKEN} = 8d0c0b81-93a0-43bf-bcaa-8cabc3b8caab</msg>
<status status="PASS" starttime="20201203 23:53:32.680" endtime="20201203 23:53:35.285"></status>
</kw>
<kw name="SUCCESSULLY CREATE TRANSACTION">
<arguments>
<arg>10</arg>
<arg>ABC_MERCHANT</arg>
<arg>${CARD TOKEN}</arg>
</arguments>
<kw name="Test Success Transaction" library="marqeta">
<arguments>
<arg>${transactionAmount}</arg>
<arg>${merchantID}</arg>
<arg>${CARD TOKEN}</arg>
</arguments>
<assign>
<var>${response}</var>
</assign>
<msg timestamp="20201203 23:53:35.659" level="INFO">${response} = {'transaction': {'type': 'authorization', 'state': 'PENDING', 'identifier': '82', 'token': 'a42bfbfb-1006-4b90-8d23-bf37833f8cd5', 'user_token': '76f12205-dfd9-4ac1-8fb8-b7fdc7a69df7', 'acting_user_to...</msg>
<status status="PASS" starttime="20201203 23:53:35.286" endtime="20201203 23:53:35.659"></status>
</kw>
<kw name="Pretty Print Response" library="marqeta">
<arguments>
<arg>${response}</arg>
</arguments>
<msg timestamp="20201203 23:53:35.661" level="INFO">{'raw_iso8583': {'0': '2110',
                 '11': '000008208805',
                 '112': {'101': '990.00',
                         '102': '1000.00',
                         '103': '840',
                         '22': '0200010000700'},
                 '113': {'2': '106', '29': 'Y', '34': 'Y', '35': 'API'},
                 '12': '20201204075335',
                 '13': '201204',
                 '14': '2412',
                 '15': '20201204',
                 '17': '1204',
                 '180': 'ciwzlqgo',
                 '2': '1111111122736589',
                 '21': '709876168201',
                 '22': '10000000020000000100000001000000',
                 '24': '181',
                 '26': '6411',
                 '3': '000000',
                 '37': '135',
                 '38': '321142',
                 '39': '0000',
                 '4': 10.0,
                 '42': 'ABC_MERCHANT',
                 '43': {'2': 'Marqeta Storefront',
                        '3': '330 Central Ave. St.',
                        '4': 'St. Petersburg',
                        '5': 'CA',
                        '6': '33705',
                        '7': '840'},
                 '44': {'1': 'Approved or completed successfully',
                        '3': '00',
                        '4': 'Approved or completed successfully'},
                 '54': '00028402C00000009900000018402C000000100000',
                 '63': 'DISCOVER',
                 '7': '1204075335'},
 'transaction': {'acquirer': {'system_trace_audit_number': '208805'},
                 'acquirer_fee_amount': 0,
                 'acting_user_token': '76f12205-dfd9-4ac1-8fb8-b7fdc7a69df7',
                 'amount': 10.0,
                 'approval_code': '321142',
                 'card': {'last_four': '6589', 'metadata': {}},
                 'card_acceptor': {'address': '330 Central Ave. St.',
                                   'city': 'St. Petersburg',
                                   'country': 'USA',
                                   'mcc': '6411',
                                   'mcc_groups': ['NONE'],
                                   'mid': 'ABC_MERCHANT',
                                   'name': 'Marqeta Storefront',
                                   'network_mid': 'ABC_MERCHANT',
                                   'poi': {'partial_approval_capable': '1'},
                                   'state': 'CA',
                                   'zip': '33705'},
                 'card_token': '8d0c0b81-93a0-43bf-bcaa-8cabc3b8caab',
                 'created_time': '2020-12-04T07:53:35Z',
                 'currency_code': 'USD',
                 'duration': 61,
                 'gpa': {'available_balance': 990.0,
                         'balances': {'USD': {'available_balance': 990.0,
                                              'credit_balance': 0.0,
                                              'currency_code': 'USD',
                                              'impacted_amount': -10.0,
                                              'ledger_balance': 1000.0,
                                              'pending_credits': 0.0}},
                         'credit_balance': 0.0,
                         'currency_code': 'USD',
                         'impacted_amount': -10.0,
                         'ledger_balance': 1000.0,
                         'pending_credits': 0.0},
                 'identifier': '82',
                 'is_installment': False,
                 'is_recurring': False,
                 'issuer_interchange_amount': 0,
                 'issuer_payment_node': '6e9f8d699bb8de211dde694e995d7011',
                 'issuer_received_time': '2020-12-04T07:53:35.367Z',
                 'network': 'DISCOVER',
                 'network_reference_id': '709876168201',
                 'request_amount': 10.0,
                 'response': {'code': '0000',
                              'memo': 'Approved or completed successfully'},
                 'settlement_date': '2020-12-04T00:00:00Z',
                 'state': 'PENDING',
                 'token': 'a42bfbfb-1006-4b90-8d23-bf37833f8cd5',
                 'type': 'authorization',
                 'user': {'metadata': {}},
                 'user_token': '76f12205-dfd9-4ac1-8fb8-b7fdc7a69df7',
                 'user_transaction_time': '2020-12-04T07:53:35Z'}}</msg>
<status status="PASS" starttime="20201203 23:53:35.659" endtime="20201203 23:53:35.661"></status>
</kw>
<status status="PASS" starttime="20201203 23:53:35.286" endtime="20201203 23:53:35.662"></status>
</kw>
<status status="PASS" starttime="20201203 23:53:32.679" endtime="20201203 23:53:35.662" critical="yes"></status>
</test>
<test id="s1-t2" name="SUITE 1 - TEST CASE 2">
<kw name="Transaction Util" library="marqeta">
<arguments>
<arg>1000</arg>
</arguments>
<assign>
<var>${CARD TOKEN}</var>
</assign>
<msg timestamp="20201203 23:53:37.330" level="INFO">${CARD TOKEN} = 07be150a-c424-4d2a-9cb6-422cdd65d21c</msg>
<status status="PASS" starttime="20201203 23:53:35.664" endtime="20201203 23:53:37.330"></status>
</kw>
<kw name="SUCCESSULLY CREATE TRANSACTION">
<arguments>
<arg>0.01</arg>
<arg>ABC_MERCHANT</arg>
<arg>${CARD TOKEN}</arg>
</arguments>
<kw name="Test Success Transaction" library="marqeta">
<arguments>
<arg>${transactionAmount}</arg>
<arg>${merchantID}</arg>
<arg>${CARD TOKEN}</arg>
</arguments>
<assign>
<var>${response}</var>
</assign>
<msg timestamp="20201203 23:53:37.737" level="INFO">${response} = {'transaction': {'type': 'authorization', 'state': 'PENDING', 'identifier': '84', 'token': '9bf819db-782e-4863-a1bf-7e7c2dcbfade', 'user_token': '3773f9b1-c4b9-4fa8-98a0-90ea9c426a59', 'acting_user_to...</msg>
<status status="PASS" starttime="20201203 23:53:37.332" endtime="20201203 23:53:37.738"></status>
</kw>
<kw name="Pretty Print Response" library="marqeta">
<arguments>
<arg>${response}</arg>
</arguments>
<msg timestamp="20201203 23:53:37.740" level="INFO">{'raw_iso8583': {'0': '2110',
                 '11': '000005227075',
                 '112': {'101': '999.99',
                         '102': '1000.00',
                         '103': '840',
                         '22': '0200010000700'},
                 '113': {'2': '106', '29': 'Y', '34': 'Y', '35': 'API'},
                 '12': '20201204075337',
                 '13': '201204',
                 '14': '2412',
                 '15': '20201204',
                 '17': '1204',
                 '180': 'ciwzlqgo',
                 '2': '1111113740287003',
                 '21': '069833978786',
                 '22': '10000000020000000100000001000000',
                 '24': '181',
                 '26': '6411',
                 '3': '000000',
                 '37': '152',
                 '38': '509441',
                 '39': '0000',
                 '4': 0.01,
                 '42': 'ABC_MERCHANT',
                 '43': {'2': 'Marqeta Storefront',
                        '3': '330 Central Ave. St.',
                        '4': 'St. Petersburg',
                        '5': 'CA',
                        '6': '33705',
                        '7': '840'},
                 '44': {'1': 'Approved or completed successfully',
                        '3': '00',
                        '4': 'Approved or completed successfully'},
                 '54': '00028402C00000009999900018402C000000100000',
                 '63': 'DISCOVER',
                 '7': '1204075337'},
 'transaction': {'acquirer': {'system_trace_audit_number': '227075'},
                 'acquirer_fee_amount': 0,
                 'acting_user_token': '3773f9b1-c4b9-4fa8-98a0-90ea9c426a59',
                 'amount': 0.01,
                 'approval_code': '509441',
                 'card': {'last_four': '7003', 'metadata': {}},
                 'card_acceptor': {'address': '330 Central Ave. St.',
                                   'city': 'St. Petersburg',
                                   'country': 'USA',
                                   'mcc': '6411',
                                   'mcc_groups': ['NONE'],
                                   'mid': 'ABC_MERCHANT',
                                   'name': 'Marqeta Storefront',
                                   'network_mid': 'ABC_MERCHANT',
                                   'poi': {'partial_approval_capable': '1'},
                                   'state': 'CA',
                                   'zip': '33705'},
                 'card_token': '07be150a-c424-4d2a-9cb6-422cdd65d21c',
                 'created_time': '2020-12-04T07:53:37Z',
                 'currency_code': 'USD',
                 'duration': 65,
                 'gpa': {'available_balance': 999.99,
                         'balances': {'USD': {'available_balance': 999.99,
                                              'credit_balance': 0.0,
                                              'currency_code': 'USD',
                                              'impacted_amount': -0.01,
                                              'ledger_balance': 1000.0,
                                              'pending_credits': 0.0}},
                         'credit_balance': 0.0,
                         'currency_code': 'USD',
                         'impacted_amount': -0.01,
                         'ledger_balance': 1000.0,
                         'pending_credits': 0.0},
                 'identifier': '84',
                 'is_installment': False,
                 'is_recurring': False,
                 'issuer_interchange_amount': 0,
                 'issuer_payment_node': '00b8d031e0a4759766b5b5266f5229d8',
                 'issuer_received_time': '2020-12-04T07:53:37.431Z',
                 'network': 'DISCOVER',
                 'network_reference_id': '069833978786',
                 'request_amount': 0.01,
                 'response': {'code': '0000',
                              'memo': 'Approved or completed successfully'},
                 'settlement_date': '2020-12-04T00:00:00Z',
                 'state': 'PENDING',
                 'token': '9bf819db-782e-4863-a1bf-7e7c2dcbfade',
                 'type': 'authorization',
                 'user': {'metadata': {}},
                 'user_token': '3773f9b1-c4b9-4fa8-98a0-90ea9c426a59',
                 'user_transaction_time': '2020-12-04T07:53:37Z'}}</msg>
<status status="PASS" starttime="20201203 23:53:37.738" endtime="20201203 23:53:37.740"></status>
</kw>
<status status="PASS" starttime="20201203 23:53:37.331" endtime="20201203 23:53:37.740"></status>
</kw>
<status status="PASS" starttime="20201203 23:53:35.664" endtime="20201203 23:53:37.741" critical="yes"></status>
</test>
<test id="s1-t3" name="SUITE 1 - TEST CASE 3">
<kw name="Transaction Util" library="marqeta">
<arguments>
<arg>1000</arg>
</arguments>
<assign>
<var>${CARD TOKEN}</var>
</assign>
<msg timestamp="20201203 23:53:39.366" level="INFO">${CARD TOKEN} = 549541ef-966f-4eb4-bf85-b4ff900ec498</msg>
<status status="PASS" starttime="20201203 23:53:37.743" endtime="20201203 23:53:39.366"></status>
</kw>
<kw name="UNSUCCESSULLY CREATE TRANSACTION">
<arguments>
<arg>0.0000001</arg>
<arg>ABC_MERCHANT</arg>
<arg>${CARD TOKEN}</arg>
</arguments>
<kw name="Test Failed Transaction" library="marqeta">
<arguments>
<arg>${transactionAmount}</arg>
<arg>${merchantID}</arg>
<arg>${CARD TOKEN}</arg>
</arguments>
<assign>
<var>${response}</var>
</assign>
<msg timestamp="20201203 23:53:39.607" level="INFO">${response} = {'error_code': '1000', 'error_message': 'System Error', 'error_context': 'rounding problem, amount=1E-7 scale=2'}</msg>
<status status="PASS" starttime="20201203 23:53:39.368" endtime="20201203 23:53:39.608"></status>
</kw>
<kw name="Pretty Print Response" library="marqeta">
<arguments>
<arg>${response}</arg>
</arguments>
<msg timestamp="20201203 23:53:39.608" level="INFO">{'error_code': '1000',
 'error_context': 'rounding problem, amount=1E-7 scale=2',
 'error_message': 'System Error'}</msg>
<status status="PASS" starttime="20201203 23:53:39.608" endtime="20201203 23:53:39.608"></status>
</kw>
<status status="PASS" starttime="20201203 23:53:39.367" endtime="20201203 23:53:39.608"></status>
</kw>
<status status="PASS" starttime="20201203 23:53:37.742" endtime="20201203 23:53:39.609" critical="yes"></status>
</test>
<test id="s1-t4" name="SUITE 1 - TEST CASE 4">
<kw name="Transaction Util" library="marqeta">
<arguments>
<arg>1000000000000</arg>
</arguments>
<assign>
<var>${CARD TOKEN}</var>
</assign>
<msg timestamp="20201203 23:53:41.213" level="INFO">${CARD TOKEN} = 3243d233-329b-460d-aa79-9c77e5848959</msg>
<status status="PASS" starttime="20201203 23:53:39.610" endtime="20201203 23:53:41.213"></status>
</kw>
<kw name="SUCCESSULLY CREATE TRANSACTION">
<arguments>
<arg>999999999999</arg>
<arg>ABC_MERCHANT</arg>
<arg>${CARD TOKEN}</arg>
</arguments>
<kw name="Test Success Transaction" library="marqeta">
<arguments>
<arg>${transactionAmount}</arg>
<arg>${merchantID}</arg>
<arg>${CARD TOKEN}</arg>
</arguments>
<assign>
<var>${response}</var>
</assign>
<msg timestamp="20201203 23:53:41.504" level="INFO">${response} = {'transaction': {'type': 'authorization', 'state': 'DECLINED', 'identifier': '86', 'token': '36545b8f-0bb8-4b40-a397-1a7835ae70e9', 'user_token': 'e7df9be0-e96d-4117-8315-6cd2361a1e39', 'acting_user_t...</msg>
<status status="PASS" starttime="20201203 23:53:41.214" endtime="20201203 23:53:41.504"></status>
</kw>
<kw name="Pretty Print Response" library="marqeta">
<arguments>
<arg>${response}</arg>
</arguments>
<msg timestamp="20201203 23:53:41.506" level="INFO">{'raw_iso8583': {'0': '2110',
                 '11': '000005183831',
                 '112': {'103': '840', '22': '0200010000700'},
                 '113': {'2': '106', '29': 'Y', '34': 'Y', '35': 'API'},
                 '12': '20201204075341',
                 '13': '201204',
                 '14': '2412',
                 '15': '20201204',
                 '17': '1204',
                 '180': 'ciwzlqgo',
                 '2': '1111110394346051',
                 '21': '509194514747',
                 '22': '10000000020000000100000001000000',
                 '24': '181',
                 '26': '6411',
                 '3': '000000',
                 '37': '153',
                 '39': '0051',
                 '4': 999999999999.0,
                 '42': 'ABC_MERCHANT',
                 '43': {'2': 'Marqeta Storefront',
                        '3': '330 Central Ave. St.',
                        '4': 'St. Petersburg',
                        '5': 'CA',
                        '6': '33705',
                        '7': '840'},
                 '44': {'1': 'Not sufficient funds',
                        '2': 'Purchase power is just 0.00',
                        '3': '51',
                        '4': 'Not sufficient funds'},
                 '63': 'DISCOVER',
                 '7': '1204075341'},
 'transaction': {'acquirer': {'system_trace_audit_number': '183831'},
                 'acquirer_fee_amount': 0,
                 'acting_user_token': 'e7df9be0-e96d-4117-8315-6cd2361a1e39',
                 'amount': 999999999999.0,
                 'card': {'last_four': '6051', 'metadata': {}},
                 'card_acceptor': {'address': '330 Central Ave. St.',
                                   'city': 'St. Petersburg',
                                   'country': 'USA',
                                   'mcc': '6411',
                                   'mcc_groups': ['NONE'],
                                   'mid': 'ABC_MERCHANT',
                                   'name': 'Marqeta Storefront',
                                   'network_mid': 'ABC_MERCHANT',
                                   'poi': {'partial_approval_capable': '1'},
                                   'state': 'CA',
                                   'zip': '33705'},
                 'card_token': '3243d233-329b-460d-aa79-9c77e5848959',
                 'created_time': '2020-12-04T07:53:41Z',
                 'currency_code': 'USD',
                 'duration': 35,
                 'gpa': {'available_balance': 0.0,
                         'balances': {'USD': {'available_balance': 0.0,
                                              'credit_balance': 0.0,
                                              'currency_code': 'USD',
                                              'ledger_balance': 0.0,
                                              'pending_credits': 0.0}},
                         'credit_balance': 0.0,
                         'currency_code': 'USD',
                         'ledger_balance': 0.0,
                         'pending_credits': 0.0},
                 'identifier': '86',
                 'is_installment': False,
                 'is_recurring': False,
                 'issuer_interchange_amount': 0,
                 'issuer_payment_node': '00b8d031e0a4759766b5b5266f5229d8',
                 'issuer_received_time': '2020-12-04T07:53:41.291Z',
                 'network': 'DISCOVER',
                 'network_reference_id': '509194514747',
                 'request_amount': 999999999999.0,
                 'response': {'code': '1016', 'memo': 'Not sufficient funds'},
                 'settlement_date': '2020-12-04T00:00:00Z',
                 'state': 'DECLINED',
                 'token': '36545b8f-0bb8-4b40-a397-1a7835ae70e9',
                 'type': 'authorization',
                 'user': {'metadata': {}},
                 'user_token': 'e7df9be0-e96d-4117-8315-6cd2361a1e39',
                 'user_transaction_time': '2020-12-04T07:53:41Z'}}</msg>
<status status="PASS" starttime="20201203 23:53:41.504" endtime="20201203 23:53:41.506"></status>
</kw>
<status status="PASS" starttime="20201203 23:53:41.214" endtime="20201203 23:53:41.507"></status>
</kw>
<status status="PASS" starttime="20201203 23:53:39.610" endtime="20201203 23:53:41.507" critical="yes"></status>
</test>
<test id="s1-t5" name="SUITE 1 - TEST CASE 5">
<kw name="Transaction Util" library="marqeta">
<arguments>
<arg>1000</arg>
</arguments>
<assign>
<var>${CARD TOKEN}</var>
</assign>
<msg timestamp="20201203 23:53:43.155" level="INFO">${CARD TOKEN} = 7bd991e8-3956-450b-8b38-09e50e927001</msg>
<status status="PASS" starttime="20201203 23:53:41.509" endtime="20201203 23:53:43.155"></status>
</kw>
<kw name="UNSUCCESSULLY CREATE TRANSACTION">
<arguments>
<arg>ABC10</arg>
<arg>ABC_MERCHANT</arg>
<arg>${CARD TOKEN}</arg>
</arguments>
<kw name="Test Failed Transaction" library="marqeta">
<arguments>
<arg>${transactionAmount}</arg>
<arg>${merchantID}</arg>
<arg>${CARD TOKEN}</arg>
</arguments>
<assign>
<var>${response}</var>
</assign>
<msg timestamp="20201203 23:53:43.380" level="INFO">${response} = {'error_code': '400037', 'error_message': "Malformed JSON request received: Can not construct instance of java.math.BigDecimal from String value 'ABC10': not a valid representation at line: 1 column: ...</msg>
<status status="PASS" starttime="20201203 23:53:43.157" endtime="20201203 23:53:43.380"></status>
</kw>
<kw name="Pretty Print Response" library="marqeta">
<arguments>
<arg>${response}</arg>
</arguments>
<msg timestamp="20201203 23:53:43.381" level="INFO">{'error_code': '400037',
 'error_message': 'Malformed JSON request received: Can not construct instance '
                  "of java.math.BigDecimal from String value 'ABC10': not a "
                  'valid representation at line: 1 column: 2'}</msg>
<status status="PASS" starttime="20201203 23:53:43.380" endtime="20201203 23:53:43.381"></status>
</kw>
<status status="PASS" starttime="20201203 23:53:43.156" endtime="20201203 23:53:43.381"></status>
</kw>
<status status="PASS" starttime="20201203 23:53:41.508" endtime="20201203 23:53:43.382" critical="yes"></status>
</test>
<test id="s1-t6" name="SUITE 1 - TEST CASE 6">
<kw name="Transaction Util" library="marqeta">
<arguments>
<arg>1000</arg>
</arguments>
<assign>
<var>${CARD TOKEN}</var>
</assign>
<msg timestamp="20201203 23:53:45.088" level="INFO">${CARD TOKEN} = 6ad057c2-13eb-40d7-9830-97a6cd10f5d2</msg>
<status status="PASS" starttime="20201203 23:53:43.383" endtime="20201203 23:53:45.088"></status>
</kw>
<kw name="UNSUCCESSULLY CREATE TRANSACTION">
<arguments>
<arg>10</arg>
<arg>ABC_MERCHANT</arg>
<arg>INVALID_CARD_TOKEN</arg>
</arguments>
<kw name="Test Failed Transaction" library="marqeta">
<arguments>
<arg>${transactionAmount}</arg>
<arg>${merchantID}</arg>
<arg>${CARD TOKEN}</arg>
</arguments>
<assign>
<var>${response}</var>
</assign>
<msg timestamp="20201203 23:53:45.327" level="INFO">${response} = {'error_message': 'General input exception: Card not found', 'error_code': '400036'}</msg>
<status status="PASS" starttime="20201203 23:53:45.089" endtime="20201203 23:53:45.327"></status>
</kw>
<kw name="Pretty Print Response" library="marqeta">
<arguments>
<arg>${response}</arg>
</arguments>
<msg timestamp="20201203 23:53:45.328" level="INFO">{'error_code': '400036',
 'error_message': 'General input exception: Card not found'}</msg>
<status status="PASS" starttime="20201203 23:53:45.327" endtime="20201203 23:53:45.328"></status>
</kw>
<status status="PASS" starttime="20201203 23:53:45.089" endtime="20201203 23:53:45.328"></status>
</kw>
<status status="PASS" starttime="20201203 23:53:43.383" endtime="20201203 23:53:45.329" critical="yes"></status>
</test>
<test id="s1-t7" name="SUITE 2 - TEST CASE 1">
<kw name="Transaction Util" library="marqeta">
<arguments>
<arg>1000</arg>
</arguments>
<assign>
<var>${CARD TOKEN}</var>
</assign>
<msg timestamp="20201203 23:53:47.112" level="INFO">${CARD TOKEN} = 4ac47a1f-9596-4077-81b3-bc69b4643701</msg>
<status status="PASS" starttime="20201203 23:53:45.331" endtime="20201203 23:53:47.112"></status>
</kw>
<kw name="SUCCESSULLY CREATE TRANSACTION">
<arguments>
<arg>10</arg>
<arg>ABC_MERCHANT</arg>
<arg>${CARD TOKEN}</arg>
</arguments>
<kw name="Test Success Transaction" library="marqeta">
<arguments>
<arg>${transactionAmount}</arg>
<arg>${merchantID}</arg>
<arg>${CARD TOKEN}</arg>
</arguments>
<assign>
<var>${response}</var>
</assign>
<msg timestamp="20201203 23:53:47.440" level="INFO">${response} = {'transaction': {'type': 'authorization', 'state': 'PENDING', 'identifier': '90', 'token': '478b4484-5c47-4446-bae3-71f320338de8', 'user_token': '621203f3-b724-465c-af59-c9ad7ad20a7c', 'acting_user_to...</msg>
<status status="PASS" starttime="20201203 23:53:47.114" endtime="20201203 23:53:47.440"></status>
</kw>
<kw name="Pretty Print Response" library="marqeta">
<arguments>
<arg>${response}</arg>
</arguments>
<msg timestamp="20201203 23:53:47.443" level="INFO">{'raw_iso8583': {'0': '2110',
                 '11': '000009872488',
                 '112': {'101': '990.00',
                         '102': '1000.00',
                         '103': '840',
                         '22': '0200010000700'},
                 '113': {'2': '106', '29': 'Y', '34': 'Y', '35': 'API'},
                 '12': '20201204075347',
                 '13': '201204',
                 '14': '2412',
                 '15': '20201204',
                 '17': '1204',
                 '180': 'ciwzlqgo',
                 '2': '1111113929979669',
                 '21': '845839897282',
                 '22': '10000000020000000100000001000000',
                 '24': '181',
                 '26': '6411',
                 '3': '000000',
                 '37': '136',
                 '38': '479272',
                 '39': '0000',
                 '4': 10.0,
                 '42': 'ABC_MERCHANT',
                 '43': {'2': 'Marqeta Storefront',
                        '3': '330 Central Ave. St.',
                        '4': 'St. Petersburg',
                        '5': 'CA',
                        '6': '33705',
                        '7': '840'},
                 '44': {'1': 'Approved or completed successfully',
                        '3': '00',
                        '4': 'Approved or completed successfully'},
                 '54': '00028402C00000009900000018402C000000100000',
                 '63': 'DISCOVER',
                 '7': '1204075347'},
 'transaction': {'acquirer': {'system_trace_audit_number': '872488'},
                 'acquirer_fee_amount': 0,
                 'acting_user_token': '621203f3-b724-465c-af59-c9ad7ad20a7c',
                 'amount': 10.0,
                 'approval_code': '479272',
                 'card': {'last_four': '9669', 'metadata': {}},
                 'card_acceptor': {'address': '330 Central Ave. St.',
                                   'city': 'St. Petersburg',
                                   'country': 'USA',
                                   'mcc': '6411',
                                   'mcc_groups': ['NONE'],
                                   'mid': 'ABC_MERCHANT',
                                   'name': 'Marqeta Storefront',
                                   'network_mid': 'ABC_MERCHANT',
                                   'poi': {'partial_approval_capable': '1'},
                                   'state': 'CA',
                                   'zip': '33705'},
                 'card_token': '4ac47a1f-9596-4077-81b3-bc69b4643701',
                 'created_time': '2020-12-04T07:53:47Z',
                 'currency_code': 'USD',
                 'duration': 46,
                 'gpa': {'available_balance': 990.0,
                         'balances': {'USD': {'available_balance': 990.0,
                                              'credit_balance': 0.0,
                                              'currency_code': 'USD',
                                              'impacted_amount': -10.0,
                                              'ledger_balance': 1000.0,
                                              'pending_credits': 0.0}},
                         'credit_balance': 0.0,
                         'currency_code': 'USD',
                         'impacted_amount': -10.0,
                         'ledger_balance': 1000.0,
                         'pending_credits': 0.0},
                 'identifier': '90',
                 'is_installment': False,
                 'is_recurring': False,
                 'issuer_interchange_amount': 0,
                 'issuer_payment_node': '6e9f8d699bb8de211dde694e995d7011',
                 'issuer_received_time': '2020-12-04T07:53:47.195Z',
                 'network': 'DISCOVER',
                 'network_reference_id': '845839897282',
                 'request_amount': 10.0,
                 'response': {'code': '0000',
                              'memo': 'Approved or completed successfully'},
                 'settlement_date': '2020-12-04T00:00:00Z',
                 'state': 'PENDING',
                 'token': '478b4484-5c47-4446-bae3-71f320338de8',
                 'type': 'authorization',
                 'user': {'metadata': {}},
                 'user_token': '621203f3-b724-465c-af59-c9ad7ad20a7c',
                 'user_transaction_time': '2020-12-04T07:53:47Z'}}</msg>
<status status="PASS" starttime="20201203 23:53:47.441" endtime="20201203 23:53:47.443"></status>
</kw>
<status status="PASS" starttime="20201203 23:53:47.113" endtime="20201203 23:53:47.443"></status>
</kw>
<status status="PASS" starttime="20201203 23:53:45.330" endtime="20201203 23:53:47.444" critical="yes"></status>
</test>
<test id="s1-t8" name="SUITE 2 - TEST CASE 2">
<kw name="Transaction Util" library="marqeta">
<arguments>
<arg>1000</arg>
</arguments>
<assign>
<var>${CARD TOKEN}</var>
</assign>
<msg timestamp="20201203 23:53:49.119" level="INFO">${CARD TOKEN} = 88037f68-b0b2-496d-a132-46933c185c7a</msg>
<status status="PASS" starttime="20201203 23:53:47.446" endtime="20201203 23:53:49.119"></status>
</kw>
<kw name="SUCCESSULLY CREATE TRANSACTION">
<arguments>
<arg>9999</arg>
<arg>ABC_MERCHANT</arg>
<arg>${CARD TOKEN}</arg>
</arguments>
<kw name="Test Success Transaction" library="marqeta">
<arguments>
<arg>${transactionAmount}</arg>
<arg>${merchantID}</arg>
<arg>${CARD TOKEN}</arg>
</arguments>
<assign>
<var>${response}</var>
</assign>
<msg timestamp="20201203 23:53:49.492" level="INFO">${response} = {'transaction': {'type': 'authorization', 'state': 'PENDING', 'identifier': '92', 'token': 'd6d4a4f0-9071-4167-b4d7-684ae16a9f11', 'user_token': '6d6c89d0-925f-4ae2-a5e0-939af46cdfa6', 'acting_user_to...</msg>
<status status="PASS" starttime="20201203 23:53:49.120" endtime="20201203 23:53:49.492"></status>
</kw>
<kw name="Pretty Print Response" library="marqeta">
<arguments>
<arg>${response}</arg>
</arguments>
<msg timestamp="20201203 23:53:49.495" level="INFO">{'raw_iso8583': {'0': '2110',
                 '11': '000006716844',
                 '112': {'101': '0.00',
                         '102': '1000.00',
                         '103': '840',
                         '22': '0200010000700'},
                 '113': {'2': '106', '29': 'Y', '34': 'Y', '35': 'API'},
                 '12': '20201204075349',
                 '13': '201204',
                 '14': '2412',
                 '15': '20201204',
                 '17': '1204',
                 '180': 'ciwzlqgo',
                 '2': '1111119391644806',
                 '21': '772331506463',
                 '22': '10000000020000000100000001000000',
                 '24': '181',
                 '26': '6411',
                 '3': '000000',
                 '37': '154',
                 '38': '514835',
                 '39': '0010',
                 '4': 1000.0,
                 '42': 'ABC_MERCHANT',
                 '43': {'2': 'Marqeta Storefront',
                        '3': '330 Central Ave. St.',
                        '4': 'St. Petersburg',
                        '5': 'CA',
                        '6': '33705',
                        '7': '840'},
                 '44': {'1': 'Partially approved',
                        '2': '9999.00',
                        '3': '10',
                        '4': 'Approved for partial amount'},
                 '54': '00028402C00000000000000018402C000000100000',
                 '63': 'DISCOVER',
                 '7': '1204075349'},
 'transaction': {'acquirer': {'system_trace_audit_number': '716844'},
                 'acquirer_fee_amount': 0,
                 'acting_user_token': '6d6c89d0-925f-4ae2-a5e0-939af46cdfa6',
                 'amount': 1000.0,
                 'approval_code': '514835',
                 'card': {'last_four': '4806', 'metadata': {}},
                 'card_acceptor': {'address': '330 Central Ave. St.',
                                   'city': 'St. Petersburg',
                                   'country': 'USA',
                                   'mcc': '6411',
                                   'mcc_groups': ['NONE'],
                                   'mid': 'ABC_MERCHANT',
                                   'name': 'Marqeta Storefront',
                                   'network_mid': 'ABC_MERCHANT',
                                   'poi': {'partial_approval_capable': '1'},
                                   'state': 'CA',
                                   'zip': '33705'},
                 'card_token': '88037f68-b0b2-496d-a132-46933c185c7a',
                 'created_time': '2020-12-04T07:53:49Z',
                 'currency_code': 'USD',
                 'duration': 52,
                 'gpa': {'available_balance': 0.0,
                         'balances': {'USD': {'available_balance': 0.0,
                                              'credit_balance': 0.0,
                                              'currency_code': 'USD',
                                              'impacted_amount': -1000.0,
                                              'ledger_balance': 1000.0,
                                              'pending_credits': 0.0}},
                         'credit_balance': 0.0,
                         'currency_code': 'USD',
                         'impacted_amount': -1000.0,
                         'ledger_balance': 1000.0,
                         'pending_credits': 0.0},
                 'identifier': '92',
                 'is_installment': False,
                 'is_recurring': False,
                 'issuer_interchange_amount': 0,
                 'issuer_payment_node': '00b8d031e0a4759766b5b5266f5229d8',
                 'issuer_received_time': '2020-12-04T07:53:49.208Z',
                 'network': 'DISCOVER',
                 'network_reference_id': '772331506463',
                 'request_amount': 9999.0,
                 'response': {'code': '0002', 'memo': 'Partially approved'},
                 'settlement_date': '2020-12-04T00:00:00Z',
                 'state': 'PENDING',
                 'token': 'd6d4a4f0-9071-4167-b4d7-684ae16a9f11',
                 'type': 'authorization',
                 'user': {'metadata': {}},
                 'user_token': '6d6c89d0-925f-4ae2-a5e0-939af46cdfa6',
                 'user_transaction_time': '2020-12-04T07:53:49Z'}}</msg>
<status status="PASS" starttime="20201203 23:53:49.492" endtime="20201203 23:53:49.495"></status>
</kw>
<status status="PASS" starttime="20201203 23:53:49.120" endtime="20201203 23:53:49.495"></status>
</kw>
<status status="PASS" starttime="20201203 23:53:47.445" endtime="20201203 23:53:49.496" critical="yes"></status>
</test>
<test id="s1-t9" name="SUITE 2 - TEST CASE 3">
<kw name="Transaction Util" library="marqeta">
<arguments>
<arg>1000</arg>
</arguments>
<assign>
<var>${CARD TOKEN}</var>
</assign>
<msg timestamp="20201203 23:53:51.221" level="INFO">${CARD TOKEN} = 427ab215-9be8-4eb2-aa92-eb553fc0b197</msg>
<status status="PASS" starttime="20201203 23:53:49.498" endtime="20201203 23:53:51.221"></status>
</kw>
<kw name="SUCCESSULLY CREATE MULTIPLE TRANSACTION">
<arguments>
<arg>10</arg>
<arg>ABC_MERCHANT</arg>
<arg>${CARD TOKEN}</arg>
<arg>10</arg>
</arguments>
<kw name="Test Success Multiple Transaction" library="marqeta">
<arguments>
<arg>${transactionAmount}</arg>
<arg>${merchantID}</arg>
<arg>${CARD TOKEN}</arg>
<arg>${nTransaction}</arg>
</arguments>
<status status="PASS" starttime="20201203 23:53:51.223" endtime="20201203 23:53:51.944"></status>
</kw>
<status status="PASS" starttime="20201203 23:53:51.222" endtime="20201203 23:53:51.944"></status>
</kw>
<status status="PASS" starttime="20201203 23:53:49.497" endtime="20201203 23:53:51.945" critical="yes"></status>
</test>
<test id="s1-t10" name="SUITE 2 - TEST CASE 4">
<kw name="Transaction Util" library="marqeta">
<arguments>
<arg>1000</arg>
</arguments>
<assign>
<var>${CARD TOKEN}</var>
</assign>
<msg timestamp="20201203 23:53:53.627" level="INFO">${CARD TOKEN} = e38bf36a-fa1d-4701-85d3-46c1210d4ae7</msg>
<status status="PASS" starttime="20201203 23:53:51.947" endtime="20201203 23:53:53.627"></status>
</kw>
<kw name="SUCCESSULLY CREATE MULTIPLE TRANSACTION">
<arguments>
<arg>10</arg>
<arg>ABC_MERCHANT</arg>
<arg>${CARD TOKEN}</arg>
<arg>1000</arg>
</arguments>
<kw name="Test Success Multiple Transaction" library="marqeta">
<arguments>
<arg>${transactionAmount}</arg>
<arg>${merchantID}</arg>
<arg>${CARD TOKEN}</arg>
<arg>${nTransaction}</arg>
</arguments>
<status status="PASS" starttime="20201203 23:53:53.629" endtime="20201203 23:53:54.968"></status>
</kw>
<status status="PASS" starttime="20201203 23:53:53.628" endtime="20201203 23:53:54.968"></status>
</kw>
<status status="PASS" starttime="20201203 23:53:51.947" endtime="20201203 23:53:54.974" critical="yes"></status>
</test>
<doc>Transaction Testing for Marqeta</doc>
<status status="PASS" starttime="20201203 23:53:32.500" endtime="20201203 23:53:54.977"></status>
</suite>
<statistics>
<total>
<stat pass="10" fail="0">Critical Tests</stat>
<stat pass="10" fail="0">All Tests</stat>
</total>
<tag>
</tag>
<suite>
<stat pass="10" fail="0" id="s1" name="MarqetaTest Transaction">MarqetaTest Transaction</stat>
</suite>
</statistics>
<errors>
</errors>
</robot>
