<?xml version="1.0" encoding="UTF-8"?>
<robot generator="Robot 3.2.2 (Python 3.9.0 on win32)" generated="20201203 23:52:43.346" rpa="false">
<suite id="s1" name="MarqetaTest User" source="C:\Users\westagram\OneDrive\Desktop\marqeta-assignment\Test\Testing_User\MarqetaTest_User.robot">
<test id="s1-t1" name="SUITE 1 - TEST CASE 1">
<kw name="SUCCESSULLY CREATE USER">
<arguments>
<arg>JOHN</arg>
<arg>Smith</arg>
<arg>1990-01-01</arg>
</arguments>
<kw name="Test Success User" library="marqeta">
<arguments>
<arg>${firstName}</arg>
<arg>${lastName}</arg>
<arg>${birthday}</arg>
</arguments>
<assign>
<var>${response}</var>
</assign>
<msg timestamp="20201203 23:52:43.914" level="INFO">${response} = {'token': 'add3db87-ae62-4bee-b9d8-5300068949ca', 'active': True, 'first_name': 'JOHN', 'last_name': 'Smith', 'uses_parent_account': False, 'corporate_card_holder': False, 'created_time': '2020-12-04T...</msg>
<status status="PASS" starttime="20201203 23:52:43.538" endtime="20201203 23:52:43.914"></status>
</kw>
<kw name="Pretty Print Response" library="marqeta">
<arguments>
<arg>${response}</arg>
</arguments>
<msg timestamp="20201203 23:52:43.915" level="INFO">{'account_holder_group_token': 'DEFAULT_AHG',
 'active': True,
 'birth_date': '1990-01-01',
 'corporate_card_holder': False,
 'created_time': '2020-12-04T07:52:43Z',
 'deposit_account': {'account_number': '40014464289129205',
                     'allow_immediate_credit': False,
                     'routing_number': '293748000',
                     'token': 'f6ef241a-e3eb-48cc-8444-2abbbcd3fcde'},
 'first_name': 'JOHN',
 'last_modified_time': '2020-12-04T07:52:43Z',
 'last_name': 'Smith',
 'metadata': {},
 'status': 'ACTIVE',
 'token': 'add3db87-ae62-4bee-b9d8-5300068949ca',
 'uses_parent_account': False}</msg>
<status status="PASS" starttime="20201203 23:52:43.914" endtime="20201203 23:52:43.915"></status>
</kw>
<status status="PASS" starttime="20201203 23:52:43.537" endtime="20201203 23:52:43.915"></status>
</kw>
<status status="PASS" starttime="20201203 23:52:43.537" endtime="20201203 23:52:43.916" critical="yes"></status>
</test>
<test id="s1-t2" name="SUITE 1 - TEST CASE 2">
<kw name="SUCCESSULLY CREATE USER">
<arguments>
<arg>john</arg>
<arg>Smith</arg>
<arg>1990-01-01</arg>
</arguments>
<kw name="Test Success User" library="marqeta">
<arguments>
<arg>${firstName}</arg>
<arg>${lastName}</arg>
<arg>${birthday}</arg>
</arguments>
<assign>
<var>${response}</var>
</assign>
<msg timestamp="20201203 23:52:44.207" level="INFO">${response} = {'token': '2c678ac2-04b1-4a95-8ff9-3d9b9acf6870', 'active': True, 'first_name': 'john', 'last_name': 'Smith', 'uses_parent_account': False, 'corporate_card_holder': False, 'created_time': '2020-12-04T...</msg>
<status status="PASS" starttime="20201203 23:52:43.918" endtime="20201203 23:52:44.208"></status>
</kw>
<kw name="Pretty Print Response" library="marqeta">
<arguments>
<arg>${response}</arg>
</arguments>
<msg timestamp="20201203 23:52:44.208" level="INFO">{'account_holder_group_token': 'DEFAULT_AHG',
 'active': True,
 'birth_date': '1990-01-01',
 'corporate_card_holder': False,
 'created_time': '2020-12-04T07:52:44Z',
 'deposit_account': {'account_number': '40014464729737054',
                     'allow_immediate_credit': False,
                     'routing_number': '293748000',
                     'token': '180b002d-1724-433d-9edf-a142883f8020'},
 'first_name': 'john',
 'last_modified_time': '2020-12-04T07:52:44Z',
 'last_name': 'Smith',
 'metadata': {},
 'status': 'ACTIVE',
 'token': '2c678ac2-04b1-4a95-8ff9-3d9b9acf6870',
 'uses_parent_account': False}</msg>
<status status="PASS" starttime="20201203 23:52:44.208" endtime="20201203 23:52:44.208"></status>
</kw>
<status status="PASS" starttime="20201203 23:52:43.917" endtime="20201203 23:52:44.208"></status>
</kw>
<status status="PASS" starttime="20201203 23:52:43.917" endtime="20201203 23:52:44.209" critical="yes"></status>
</test>
<test id="s1-t3" name="SUITE 1 - TEST CASE 3">
<kw name="SUCCESSULLY CREATE USER">
<arguments>
<arg>JoHn</arg>
<arg>Smith</arg>
<arg>1990-01-01</arg>
</arguments>
<kw name="Test Success User" library="marqeta">
<arguments>
<arg>${firstName}</arg>
<arg>${lastName}</arg>
<arg>${birthday}</arg>
</arguments>
<assign>
<var>${response}</var>
</assign>
<msg timestamp="20201203 23:52:44.488" level="INFO">${response} = {'token': '38e417cd-19df-4587-b8b4-9c3b40ea125b', 'active': True, 'first_name': 'JoHn', 'last_name': 'Smith', 'uses_parent_account': False, 'corporate_card_holder': False, 'created_time': '2020-12-04T...</msg>
<status status="PASS" starttime="20201203 23:52:44.211" endtime="20201203 23:52:44.488"></status>
</kw>
<kw name="Pretty Print Response" library="marqeta">
<arguments>
<arg>${response}</arg>
</arguments>
<msg timestamp="20201203 23:52:44.489" level="INFO">{'account_holder_group_token': 'DEFAULT_AHG',
 'active': True,
 'birth_date': '1990-01-01',
 'corporate_card_holder': False,
 'created_time': '2020-12-04T07:52:44Z',
 'deposit_account': {'account_number': '40014464176312518',
                     'allow_immediate_credit': False,
                     'routing_number': '293748000',
                     'token': 'a406cbb0-9bfc-4a6f-97f1-50b423401d6e'},
 'first_name': 'JoHn',
 'last_modified_time': '2020-12-04T07:52:44Z',
 'last_name': 'Smith',
 'metadata': {},
 'status': 'ACTIVE',
 'token': '38e417cd-19df-4587-b8b4-9c3b40ea125b',
 'uses_parent_account': False}</msg>
<status status="PASS" starttime="20201203 23:52:44.488" endtime="20201203 23:52:44.489"></status>
</kw>
<status status="PASS" starttime="20201203 23:52:44.211" endtime="20201203 23:52:44.489"></status>
</kw>
<status status="PASS" starttime="20201203 23:52:44.210" endtime="20201203 23:52:44.490" critical="yes"></status>
</test>
<test id="s1-t4" name="SUITE 1 - TEST CASE 4">
<kw name="SUCCESSULLY CREATE USER">
<arguments>
<arg>$JoHn</arg>
<arg>Smith</arg>
<arg>1990-01-01</arg>
</arguments>
<kw name="Test Success User" library="marqeta">
<arguments>
<arg>${firstName}</arg>
<arg>${lastName}</arg>
<arg>${birthday}</arg>
</arguments>
<assign>
<var>${response}</var>
</assign>
<msg timestamp="20201203 23:52:44.767" level="INFO">${response} = {'token': '842a74b4-4aba-4a58-a225-7b7969f55570', 'active': True, 'first_name': '$JoHn', 'last_name': 'Smith', 'uses_parent_account': False, 'corporate_card_holder': False, 'created_time': '2020-12-04...</msg>
<status status="PASS" starttime="20201203 23:52:44.492" endtime="20201203 23:52:44.767"></status>
</kw>
<kw name="Pretty Print Response" library="marqeta">
<arguments>
<arg>${response}</arg>
</arguments>
<msg timestamp="20201203 23:52:44.768" level="INFO">{'account_holder_group_token': 'DEFAULT_AHG',
 'active': True,
 'birth_date': '1990-01-01',
 'corporate_card_holder': False,
 'created_time': '2020-12-04T07:52:44Z',
 'deposit_account': {'account_number': '40014464628909002',
                     'allow_immediate_credit': False,
                     'routing_number': '293748000',
                     'token': 'dd2d5f48-3326-4ed1-aa90-4691edea3f5a'},
 'first_name': '$JoHn',
 'last_modified_time': '2020-12-04T07:52:44Z',
 'last_name': 'Smith',
 'metadata': {},
 'status': 'ACTIVE',
 'token': '842a74b4-4aba-4a58-a225-7b7969f55570',
 'uses_parent_account': False}</msg>
<status status="PASS" starttime="20201203 23:52:44.767" endtime="20201203 23:52:44.768"></status>
</kw>
<status status="PASS" starttime="20201203 23:52:44.491" endtime="20201203 23:52:44.768"></status>
</kw>
<status status="PASS" starttime="20201203 23:52:44.491" endtime="20201203 23:52:44.768" critical="yes"></status>
</test>
<test id="s1-t5" name="SUITE 1 - TEST CASE 5">
<kw name="SUCCESSULLY CREATE USER">
<arguments>
<arg>Jo_hn</arg>
<arg>Smith</arg>
<arg>1990-01-01</arg>
</arguments>
<kw name="Test Success User" library="marqeta">
<arguments>
<arg>${firstName}</arg>
<arg>${lastName}</arg>
<arg>${birthday}</arg>
</arguments>
<assign>
<var>${response}</var>
</assign>
<msg timestamp="20201203 23:52:45.048" level="INFO">${response} = {'token': 'c97b04d7-bce6-45c1-b4d3-b26efee7b14d', 'active': True, 'first_name': 'Jo_hn', 'last_name': 'Smith', 'uses_parent_account': False, 'corporate_card_holder': False, 'created_time': '2020-12-04...</msg>
<status status="PASS" starttime="20201203 23:52:44.771" endtime="20201203 23:52:45.048"></status>
</kw>
<kw name="Pretty Print Response" library="marqeta">
<arguments>
<arg>${response}</arg>
</arguments>
<msg timestamp="20201203 23:52:45.049" level="INFO">{'account_holder_group_token': 'DEFAULT_AHG',
 'active': True,
 'birth_date': '1990-01-01',
 'corporate_card_holder': False,
 'created_time': '2020-12-04T07:52:44Z',
 'deposit_account': {'account_number': '40014464087580625',
                     'allow_immediate_credit': False,
                     'routing_number': '293748000',
                     'token': 'd384cea3-30de-4be2-b313-0056e8cb5a41'},
 'first_name': 'Jo_hn',
 'last_modified_time': '2020-12-04T07:52:44Z',
 'last_name': 'Smith',
 'metadata': {},
 'status': 'ACTIVE',
 'token': 'c97b04d7-bce6-45c1-b4d3-b26efee7b14d',
 'uses_parent_account': False}</msg>
<status status="PASS" starttime="20201203 23:52:45.049" endtime="20201203 23:52:45.049"></status>
</kw>
<status status="PASS" starttime="20201203 23:52:44.771" endtime="20201203 23:52:45.049"></status>
</kw>
<status status="PASS" starttime="20201203 23:52:44.770" endtime="20201203 23:52:45.050" critical="yes"></status>
</test>
<test id="s1-t6" name="SUITE 1 - TEST CASE 6">
<kw name="SUCCESSULLY CREATE USER">
<arguments>
<arg>Jo hn</arg>
<arg>Smith</arg>
<arg>1990-01-01</arg>
</arguments>
<kw name="Test Success User" library="marqeta">
<arguments>
<arg>${firstName}</arg>
<arg>${lastName}</arg>
<arg>${birthday}</arg>
</arguments>
<assign>
<var>${response}</var>
</assign>
<msg timestamp="20201203 23:52:45.338" level="INFO">${response} = {'token': 'dd097cf0-e392-4d1c-82fb-3463d9be62fd', 'active': True, 'first_name': 'Jo hn', 'last_name': 'Smith', 'uses_parent_account': False, 'corporate_card_holder': False, 'created_time': '2020-12-04...</msg>
<status status="PASS" starttime="20201203 23:52:45.052" endtime="20201203 23:52:45.338"></status>
</kw>
<kw name="Pretty Print Response" library="marqeta">
<arguments>
<arg>${response}</arg>
</arguments>
<msg timestamp="20201203 23:52:45.338" level="INFO">{'account_holder_group_token': 'DEFAULT_AHG',
 'active': True,
 'birth_date': '1990-01-01',
 'corporate_card_holder': False,
 'created_time': '2020-12-04T07:52:45Z',
 'deposit_account': {'account_number': '40014464552381277',
                     'allow_immediate_credit': False,
                     'routing_number': '293748000',
                     'token': '8f40308e-4379-4c82-8bc2-4096d9f29a6d'},
 'first_name': 'Jo hn',
 'last_modified_time': '2020-12-04T07:52:45Z',
 'last_name': 'Smith',
 'metadata': {},
 'status': 'ACTIVE',
 'token': 'dd097cf0-e392-4d1c-82fb-3463d9be62fd',
 'uses_parent_account': False}</msg>
<status status="PASS" starttime="20201203 23:52:45.338" endtime="20201203 23:52:45.338"></status>
</kw>
<status status="PASS" starttime="20201203 23:52:45.052" endtime="20201203 23:52:45.338"></status>
</kw>
<status status="PASS" starttime="20201203 23:52:45.051" endtime="20201203 23:52:45.339" critical="yes"></status>
</test>
<test id="s1-t7" name="SUITE 1 - TEST CASE 7">
<kw name="SUCCESSULLY CREATE USER">
<arguments>
<arg>J</arg>
<arg>Smith</arg>
<arg>1990-01-01</arg>
</arguments>
<kw name="Test Success User" library="marqeta">
<arguments>
<arg>${firstName}</arg>
<arg>${lastName}</arg>
<arg>${birthday}</arg>
</arguments>
<assign>
<var>${response}</var>
</assign>
<msg timestamp="20201203 23:52:45.615" level="INFO">${response} = {'token': '3f4317b6-0709-4c9b-a5de-1e581a285367', 'active': True, 'first_name': 'J', 'last_name': 'Smith', 'uses_parent_account': False, 'corporate_card_holder': False, 'created_time': '2020-12-04T07:...</msg>
<status status="PASS" starttime="20201203 23:52:45.341" endtime="20201203 23:52:45.615"></status>
</kw>
<kw name="Pretty Print Response" library="marqeta">
<arguments>
<arg>${response}</arg>
</arguments>
<msg timestamp="20201203 23:52:45.616" level="INFO">{'account_holder_group_token': 'DEFAULT_AHG',
 'active': True,
 'birth_date': '1990-01-01',
 'corporate_card_holder': False,
 'created_time': '2020-12-04T07:52:45Z',
 'deposit_account': {'account_number': '40014464023365537',
                     'allow_immediate_credit': False,
                     'routing_number': '293748000',
                     'token': '4b4a9028-edd4-4d67-9235-32706605ffb8'},
 'first_name': 'J',
 'last_modified_time': '2020-12-04T07:52:45Z',
 'last_name': 'Smith',
 'metadata': {},
 'status': 'ACTIVE',
 'token': '3f4317b6-0709-4c9b-a5de-1e581a285367',
 'uses_parent_account': False}</msg>
<status status="PASS" starttime="20201203 23:52:45.615" endtime="20201203 23:52:45.616"></status>
</kw>
<status status="PASS" starttime="20201203 23:52:45.341" endtime="20201203 23:52:45.616"></status>
</kw>
<status status="PASS" starttime="20201203 23:52:45.340" endtime="20201203 23:52:45.616" critical="yes"></status>
</test>
<test id="s1-t8" name="SUITE 1 - TEST CASE 8">
<kw name="SUCCESSULLY CREATE USER">
<arguments>
<arg>j</arg>
<arg>Smith</arg>
<arg>1990-01-01</arg>
</arguments>
<kw name="Test Success User" library="marqeta">
<arguments>
<arg>${firstName}</arg>
<arg>${lastName}</arg>
<arg>${birthday}</arg>
</arguments>
<assign>
<var>${response}</var>
</assign>
<msg timestamp="20201203 23:52:45.889" level="INFO">${response} = {'token': 'a80dcf7c-7a92-44e5-b001-1b33988d0c76', 'active': True, 'first_name': 'j', 'last_name': 'Smith', 'uses_parent_account': False, 'corporate_card_holder': False, 'created_time': '2020-12-04T07:...</msg>
<status status="PASS" starttime="20201203 23:52:45.619" endtime="20201203 23:52:45.889"></status>
</kw>
<kw name="Pretty Print Response" library="marqeta">
<arguments>
<arg>${response}</arg>
</arguments>
<msg timestamp="20201203 23:52:45.890" level="INFO">{'account_holder_group_token': 'DEFAULT_AHG',
 'active': True,
 'birth_date': '1990-01-01',
 'corporate_card_holder': False,
 'created_time': '2020-12-04T07:52:45Z',
 'deposit_account': {'account_number': '40014464500587785',
                     'allow_immediate_credit': False,
                     'routing_number': '293748000',
                     'token': '5c1e526f-1482-44ec-8394-1826db946245'},
 'first_name': 'j',
 'last_modified_time': '2020-12-04T07:52:45Z',
 'last_name': 'Smith',
 'metadata': {},
 'status': 'ACTIVE',
 'token': 'a80dcf7c-7a92-44e5-b001-1b33988d0c76',
 'uses_parent_account': False}</msg>
<status status="PASS" starttime="20201203 23:52:45.889" endtime="20201203 23:52:45.890"></status>
</kw>
<status status="PASS" starttime="20201203 23:52:45.618" endtime="20201203 23:52:45.890"></status>
</kw>
<status status="PASS" starttime="20201203 23:52:45.618" endtime="20201203 23:52:45.891" critical="yes"></status>
</test>
<test id="s1-t9" name="SUITE 2 - TEST CASE 1">
<kw name="SUCCESSULLY CREATE USER">
<arguments>
<arg>John</arg>
<arg>SMITH</arg>
<arg>1990-01-01</arg>
</arguments>
<kw name="Test Success User" library="marqeta">
<arguments>
<arg>${firstName}</arg>
<arg>${lastName}</arg>
<arg>${birthday}</arg>
</arguments>
<assign>
<var>${response}</var>
</assign>
<msg timestamp="20201203 23:52:46.155" level="INFO">${response} = {'token': '3f2fb180-2542-46e2-b4d9-361d67f52338', 'active': True, 'first_name': 'John', 'last_name': 'SMITH', 'uses_parent_account': False, 'corporate_card_holder': False, 'created_time': '2020-12-04T...</msg>
<status status="PASS" starttime="20201203 23:52:45.894" endtime="20201203 23:52:46.155"></status>
</kw>
<kw name="Pretty Print Response" library="marqeta">
<arguments>
<arg>${response}</arg>
</arguments>
<msg timestamp="20201203 23:52:46.155" level="INFO">{'account_holder_group_token': 'DEFAULT_AHG',
 'active': True,
 'birth_date': '1990-01-01',
 'corporate_card_holder': False,
 'created_time': '2020-12-04T07:52:45Z',
 'deposit_account': {'account_number': '40014464984102978',
                     'allow_immediate_credit': False,
                     'routing_number': '293748000',
                     'token': 'd1cd9826-abcb-43c4-968d-9f43d4f5fa9f'},
 'first_name': 'John',
 'last_modified_time': '2020-12-04T07:52:45Z',
 'last_name': 'SMITH',
 'metadata': {},
 'status': 'ACTIVE',
 'token': '3f2fb180-2542-46e2-b4d9-361d67f52338',
 'uses_parent_account': False}</msg>
<status status="PASS" starttime="20201203 23:52:46.155" endtime="20201203 23:52:46.156"></status>
</kw>
<status status="PASS" starttime="20201203 23:52:45.893" endtime="20201203 23:52:46.156"></status>
</kw>
<status status="PASS" starttime="20201203 23:52:45.893" endtime="20201203 23:52:46.157" critical="yes"></status>
</test>
<test id="s1-t10" name="SUITE 2 - TEST CASE 2">
<kw name="SUCCESSULLY CREATE USER">
<arguments>
<arg>John</arg>
<arg>smith</arg>
<arg>1990-01-01</arg>
</arguments>
<kw name="Test Success User" library="marqeta">
<arguments>
<arg>${firstName}</arg>
<arg>${lastName}</arg>
<arg>${birthday}</arg>
</arguments>
<assign>
<var>${response}</var>
</assign>
<msg timestamp="20201203 23:52:46.472" level="INFO">${response} = {'token': 'f89f7d3a-946d-462e-b71e-8bd195a710a9', 'active': True, 'first_name': 'John', 'last_name': 'smith', 'uses_parent_account': False, 'corporate_card_holder': False, 'created_time': '2020-12-04T...</msg>
<status status="PASS" starttime="20201203 23:52:46.159" endtime="20201203 23:52:46.472"></status>
</kw>
<kw name="Pretty Print Response" library="marqeta">
<arguments>
<arg>${response}</arg>
</arguments>
<msg timestamp="20201203 23:52:46.473" level="INFO">{'account_holder_group_token': 'DEFAULT_AHG',
 'active': True,
 'birth_date': '1990-01-01',
 'corporate_card_holder': False,
 'created_time': '2020-12-04T07:52:46Z',
 'deposit_account': {'account_number': '40014464473966297',
                     'allow_immediate_credit': False,
                     'routing_number': '293748000',
                     'token': 'fd20b454-4106-4971-a0cc-42da6fd18d7d'},
 'first_name': 'John',
 'last_modified_time': '2020-12-04T07:52:46Z',
 'last_name': 'smith',
 'metadata': {},
 'status': 'ACTIVE',
 'token': 'f89f7d3a-946d-462e-b71e-8bd195a710a9',
 'uses_parent_account': False}</msg>
<status status="PASS" starttime="20201203 23:52:46.473" endtime="20201203 23:52:46.473"></status>
</kw>
<status status="PASS" starttime="20201203 23:52:46.159" endtime="20201203 23:52:46.473"></status>
</kw>
<status status="PASS" starttime="20201203 23:52:46.158" endtime="20201203 23:52:46.474" critical="yes"></status>
</test>
<test id="s1-t11" name="SUITE 2 - TEST CASE 3">
<kw name="SUCCESSULLY CREATE USER">
<arguments>
<arg>John</arg>
<arg>SmItH</arg>
<arg>1990-01-01</arg>
</arguments>
<kw name="Test Success User" library="marqeta">
<arguments>
<arg>${firstName}</arg>
<arg>${lastName}</arg>
<arg>${birthday}</arg>
</arguments>
<assign>
<var>${response}</var>
</assign>
<msg timestamp="20201203 23:52:46.744" level="INFO">${response} = {'token': '4549bb9d-7ad6-4a3a-a5f0-9a06decaf7d4', 'active': True, 'first_name': 'John', 'last_name': 'SmItH', 'uses_parent_account': False, 'corporate_card_holder': False, 'created_time': '2020-12-04T...</msg>
<status status="PASS" starttime="20201203 23:52:46.476" endtime="20201203 23:52:46.744"></status>
</kw>
<kw name="Pretty Print Response" library="marqeta">
<arguments>
<arg>${response}</arg>
</arguments>
<msg timestamp="20201203 23:52:46.745" level="INFO">{'account_holder_group_token': 'DEFAULT_AHG',
 'active': True,
 'birth_date': '1990-01-01',
 'corporate_card_holder': False,
 'created_time': '2020-12-04T07:52:46Z',
 'deposit_account': {'account_number': '40014464970232847',
                     'allow_immediate_credit': False,
                     'routing_number': '293748000',
                     'token': '93bdbef6-6ea6-4053-88e5-f43374925891'},
 'first_name': 'John',
 'last_modified_time': '2020-12-04T07:52:46Z',
 'last_name': 'SmItH',
 'metadata': {},
 'status': 'ACTIVE',
 'token': '4549bb9d-7ad6-4a3a-a5f0-9a06decaf7d4',
 'uses_parent_account': False}</msg>
<status status="PASS" starttime="20201203 23:52:46.744" endtime="20201203 23:52:46.745"></status>
</kw>
<status status="PASS" starttime="20201203 23:52:46.476" endtime="20201203 23:52:46.745"></status>
</kw>
<status status="PASS" starttime="20201203 23:52:46.475" endtime="20201203 23:52:46.746" critical="yes"></status>
</test>
<test id="s1-t12" name="SUITE 2 - TEST CASE 4">
<kw name="SUCCESSULLY CREATE USER">
<arguments>
<arg>John</arg>
<arg>$Smith</arg>
<arg>1990-01-01</arg>
</arguments>
<kw name="Test Success User" library="marqeta">
<arguments>
<arg>${firstName}</arg>
<arg>${lastName}</arg>
<arg>${birthday}</arg>
</arguments>
<assign>
<var>${response}</var>
</assign>
<msg timestamp="20201203 23:52:47.001" level="INFO">${response} = {'token': '1d4d924b-a1ad-4e65-9afc-0e28c2d2850a', 'active': True, 'first_name': 'John', 'last_name': '$Smith', 'uses_parent_account': False, 'corporate_card_holder': False, 'created_time': '2020-12-04...</msg>
<status status="PASS" starttime="20201203 23:52:46.748" endtime="20201203 23:52:47.001"></status>
</kw>
<kw name="Pretty Print Response" library="marqeta">
<arguments>
<arg>${response}</arg>
</arguments>
<msg timestamp="20201203 23:52:47.001" level="INFO">{'account_holder_group_token': 'DEFAULT_AHG',
 'active': True,
 'birth_date': '1990-01-01',
 'corporate_card_holder': False,
 'created_time': '2020-12-04T07:52:46Z',
 'deposit_account': {'account_number': '40014464472958402',
                     'allow_immediate_credit': False,
                     'routing_number': '293748000',
                     'token': 'c25e017d-d82e-429b-be67-324d1e9061b6'},
 'first_name': 'John',
 'last_modified_time': '2020-12-04T07:52:46Z',
 'last_name': '$Smith',
 'metadata': {},
 'status': 'ACTIVE',
 'token': '1d4d924b-a1ad-4e65-9afc-0e28c2d2850a',
 'uses_parent_account': False}</msg>
<status status="PASS" starttime="20201203 23:52:47.001" endtime="20201203 23:52:47.001"></status>
</kw>
<status status="PASS" starttime="20201203 23:52:46.748" endtime="20201203 23:52:47.002"></status>
</kw>
<status status="PASS" starttime="20201203 23:52:46.747" endtime="20201203 23:52:47.002" critical="yes"></status>
</test>
<test id="s1-t13" name="SUITE 2 - TEST CASE 5">
<kw name="SUCCESSULLY CREATE USER">
<arguments>
<arg>John</arg>
<arg>Smi_th</arg>
<arg>1990-01-01</arg>
</arguments>
<kw name="Test Success User" library="marqeta">
<arguments>
<arg>${firstName}</arg>
<arg>${lastName}</arg>
<arg>${birthday}</arg>
</arguments>
<assign>
<var>${response}</var>
</assign>
<msg timestamp="20201203 23:52:47.268" level="INFO">${response} = {'token': '595fa549-1348-48e5-bab0-9a62fa7862d0', 'active': True, 'first_name': 'John', 'last_name': 'Smi_th', 'uses_parent_account': False, 'corporate_card_holder': False, 'created_time': '2020-12-04...</msg>
<status status="PASS" starttime="20201203 23:52:47.008" endtime="20201203 23:52:47.268"></status>
</kw>
<kw name="Pretty Print Response" library="marqeta">
<arguments>
<arg>${response}</arg>
</arguments>
<msg timestamp="20201203 23:52:47.269" level="INFO">{'account_holder_group_token': 'DEFAULT_AHG',
 'active': True,
 'birth_date': '1990-01-01',
 'corporate_card_holder': False,
 'created_time': '2020-12-04T07:52:47Z',
 'deposit_account': {'account_number': '40014464982198556',
                     'allow_immediate_credit': False,
                     'routing_number': '293748000',
                     'token': '08a44020-1951-487c-8021-d79ef328eb4f'},
 'first_name': 'John',
 'last_modified_time': '2020-12-04T07:52:47Z',
 'last_name': 'Smi_th',
 'metadata': {},
 'status': 'ACTIVE',
 'token': '595fa549-1348-48e5-bab0-9a62fa7862d0',
 'uses_parent_account': False}</msg>
<status status="PASS" starttime="20201203 23:52:47.269" endtime="20201203 23:52:47.270"></status>
</kw>
<status status="PASS" starttime="20201203 23:52:47.008" endtime="20201203 23:52:47.270"></status>
</kw>
<status status="PASS" starttime="20201203 23:52:47.007" endtime="20201203 23:52:47.270" critical="yes"></status>
</test>
<test id="s1-t14" name="SUITE 2 - TEST CASE 6">
<kw name="SUCCESSULLY CREATE USER">
<arguments>
<arg>John</arg>
<arg>Smi th</arg>
<arg>1990-01-01</arg>
</arguments>
<kw name="Test Success User" library="marqeta">
<arguments>
<arg>${firstName}</arg>
<arg>${lastName}</arg>
<arg>${birthday}</arg>
</arguments>
<assign>
<var>${response}</var>
</assign>
<msg timestamp="20201203 23:52:47.543" level="INFO">${response} = {'token': '8778674d-814b-4483-a788-8a386d68c5e7', 'active': True, 'first_name': 'John', 'last_name': 'Smi th', 'uses_parent_account': False, 'corporate_card_holder': False, 'created_time': '2020-12-04...</msg>
<status status="PASS" starttime="20201203 23:52:47.272" endtime="20201203 23:52:47.544"></status>
</kw>
<kw name="Pretty Print Response" library="marqeta">
<arguments>
<arg>${response}</arg>
</arguments>
<msg timestamp="20201203 23:52:47.544" level="INFO">{'account_holder_group_token': 'DEFAULT_AHG',
 'active': True,
 'birth_date': '1990-01-01',
 'corporate_card_holder': False,
 'created_time': '2020-12-04T07:52:47Z',
 'deposit_account': {'account_number': '40014464498009552',
                     'allow_immediate_credit': False,
                     'routing_number': '293748000',
                     'token': '4ec4e69b-177c-4ae4-8cd8-ee1daaff6f48'},
 'first_name': 'John',
 'last_modified_time': '2020-12-04T07:52:47Z',
 'last_name': 'Smi th',
 'metadata': {},
 'status': 'ACTIVE',
 'token': '8778674d-814b-4483-a788-8a386d68c5e7',
 'uses_parent_account': False}</msg>
<status status="PASS" starttime="20201203 23:52:47.544" endtime="20201203 23:52:47.544"></status>
</kw>
<status status="PASS" starttime="20201203 23:52:47.272" endtime="20201203 23:52:47.544"></status>
</kw>
<status status="PASS" starttime="20201203 23:52:47.271" endtime="20201203 23:52:47.545" critical="yes"></status>
</test>
<test id="s1-t15" name="SUITE 2 - TEST CASE 7">
<kw name="SUCCESSULLY CREATE USER">
<arguments>
<arg>John</arg>
<arg>S</arg>
<arg>1990-01-01</arg>
</arguments>
<kw name="Test Success User" library="marqeta">
<arguments>
<arg>${firstName}</arg>
<arg>${lastName}</arg>
<arg>${birthday}</arg>
</arguments>
<assign>
<var>${response}</var>
</assign>
<msg timestamp="20201203 23:52:47.799" level="INFO">${response} = {'token': 'b405a76f-a936-4944-9d63-6fefc9ed29a0', 'active': True, 'first_name': 'John', 'last_name': 'S', 'uses_parent_account': False, 'corporate_card_holder': False, 'created_time': '2020-12-04T07:5...</msg>
<status status="PASS" starttime="20201203 23:52:47.547" endtime="20201203 23:52:47.799"></status>
</kw>
<kw name="Pretty Print Response" library="marqeta">
<arguments>
<arg>${response}</arg>
</arguments>
<msg timestamp="20201203 23:52:47.799" level="INFO">{'account_holder_group_token': 'DEFAULT_AHG',
 'active': True,
 'birth_date': '1990-01-01',
 'corporate_card_holder': False,
 'created_time': '2020-12-04T07:52:47Z',
 'deposit_account': {'account_number': '40014464020447577',
                     'allow_immediate_credit': False,
                     'routing_number': '293748000',
                     'token': '92c9a279-a1ce-4316-bf3d-94696fbea3fb'},
 'first_name': 'John',
 'last_modified_time': '2020-12-04T07:52:47Z',
 'last_name': 'S',
 'metadata': {},
 'status': 'ACTIVE',
 'token': 'b405a76f-a936-4944-9d63-6fefc9ed29a0',
 'uses_parent_account': False}</msg>
<status status="PASS" starttime="20201203 23:52:47.799" endtime="20201203 23:52:47.799"></status>
</kw>
<status status="PASS" starttime="20201203 23:52:47.547" endtime="20201203 23:52:47.799"></status>
</kw>
<status status="PASS" starttime="20201203 23:52:47.546" endtime="20201203 23:52:47.800" critical="yes"></status>
</test>
<test id="s1-t16" name="SUITE 2 - TEST CASE 8">
<kw name="SUCCESSULLY CREATE USER">
<arguments>
<arg>John</arg>
<arg>s</arg>
<arg>1990-01-01</arg>
</arguments>
<kw name="Test Success User" library="marqeta">
<arguments>
<arg>${firstName}</arg>
<arg>${lastName}</arg>
<arg>${birthday}</arg>
</arguments>
<assign>
<var>${response}</var>
</assign>
<msg timestamp="20201203 23:52:48.096" level="INFO">${response} = {'token': '6af3e8bd-4c4c-495e-8253-08e3c691bc29', 'active': True, 'first_name': 'John', 'last_name': 's', 'uses_parent_account': False, 'corporate_card_holder': False, 'created_time': '2020-12-04T07:5...</msg>
<status status="PASS" starttime="20201203 23:52:47.802" endtime="20201203 23:52:48.096"></status>
</kw>
<kw name="Pretty Print Response" library="marqeta">
<arguments>
<arg>${response}</arg>
</arguments>
<msg timestamp="20201203 23:52:48.096" level="INFO">{'account_holder_group_token': 'DEFAULT_AHG',
 'active': True,
 'birth_date': '1990-01-01',
 'corporate_card_holder': False,
 'created_time': '2020-12-04T07:52:47Z',
 'deposit_account': {'account_number': '40014464549569026',
                     'allow_immediate_credit': False,
                     'routing_number': '293748000',
                     'token': 'c1c48a11-e00c-4d26-834a-8b663442ad4c'},
 'first_name': 'John',
 'last_modified_time': '2020-12-04T07:52:47Z',
 'last_name': 's',
 'metadata': {},
 'status': 'ACTIVE',
 'token': '6af3e8bd-4c4c-495e-8253-08e3c691bc29',
 'uses_parent_account': False}</msg>
<status status="PASS" starttime="20201203 23:52:48.096" endtime="20201203 23:52:48.096"></status>
</kw>
<status status="PASS" starttime="20201203 23:52:47.802" endtime="20201203 23:52:48.097"></status>
</kw>
<status status="PASS" starttime="20201203 23:52:47.801" endtime="20201203 23:52:48.097" critical="yes"></status>
</test>
<test id="s1-t17" name="SUITE 3 - TEST CASE 1">
<kw name="SUCCESSULLY CREATE USER">
<arguments>
<arg>John</arg>
<arg>Smith</arg>
<arg>1990-01-01</arg>
</arguments>
<kw name="Test Success User" library="marqeta">
<arguments>
<arg>${firstName}</arg>
<arg>${lastName}</arg>
<arg>${birthday}</arg>
</arguments>
<assign>
<var>${response}</var>
</assign>
<msg timestamp="20201203 23:52:48.388" level="INFO">${response} = {'token': '627bfddd-d86c-4534-9328-5f32caed68d7', 'active': True, 'first_name': 'John', 'last_name': 'Smith', 'uses_parent_account': False, 'corporate_card_holder': False, 'created_time': '2020-12-04T...</msg>
<status status="PASS" starttime="20201203 23:52:48.099" endtime="20201203 23:52:48.388"></status>
</kw>
<kw name="Pretty Print Response" library="marqeta">
<arguments>
<arg>${response}</arg>
</arguments>
<msg timestamp="20201203 23:52:48.389" level="INFO">{'account_holder_group_token': 'DEFAULT_AHG',
 'active': True,
 'birth_date': '1990-01-01',
 'corporate_card_holder': False,
 'created_time': '2020-12-04T07:52:48Z',
 'deposit_account': {'account_number': '40014464085430880',
                     'allow_immediate_credit': False,
                     'routing_number': '293748000',
                     'token': 'd09d8e46-e61f-4d18-8d19-5850e5926c2d'},
 'first_name': 'John',
 'last_modified_time': '2020-12-04T07:52:48Z',
 'last_name': 'Smith',
 'metadata': {},
 'status': 'ACTIVE',
 'token': '627bfddd-d86c-4534-9328-5f32caed68d7',
 'uses_parent_account': False}</msg>
<status status="PASS" starttime="20201203 23:52:48.388" endtime="20201203 23:52:48.389"></status>
</kw>
<status status="PASS" starttime="20201203 23:52:48.099" endtime="20201203 23:52:48.389"></status>
</kw>
<status status="PASS" starttime="20201203 23:52:48.098" endtime="20201203 23:52:48.390" critical="yes"></status>
</test>
<test id="s1-t18" name="SUITE 3 - TEST CASE 2">
<kw name="UNSUCCESSULLY CREATE USER">
<arguments>
<arg>John</arg>
<arg>Smith</arg>
<arg>1990-01-32</arg>
</arguments>
<kw name="Test Failed User" library="marqeta">
<arguments>
<arg>${firstName}</arg>
<arg>${lastName}</arg>
<arg>${birthday}</arg>
</arguments>
<assign>
<var>${response}</var>
</assign>
<msg timestamp="20201203 23:52:48.640" level="INFO">${response} = {'error_code': '400058', 'error_message': 'Invalid birth date format received'}</msg>
<status status="PASS" starttime="20201203 23:52:48.392" endtime="20201203 23:52:48.641"></status>
</kw>
<kw name="Pretty Print Response" library="marqeta">
<arguments>
<arg>${response}</arg>
</arguments>
<msg timestamp="20201203 23:52:48.641" level="INFO">{'error_code': '400058', 'error_message': 'Invalid birth date format received'}</msg>
<status status="PASS" starttime="20201203 23:52:48.641" endtime="20201203 23:52:48.641"></status>
</kw>
<status status="PASS" starttime="20201203 23:52:48.392" endtime="20201203 23:52:48.641"></status>
</kw>
<status status="PASS" starttime="20201203 23:52:48.391" endtime="20201203 23:52:48.642" critical="yes"></status>
</test>
<test id="s1-t19" name="SUITE 3 - TEST CASE 3">
<kw name="SUCCESSULLY CREATE USER">
<arguments>
<arg>John</arg>
<arg>Smith</arg>
<arg>1992-02-29</arg>
</arguments>
<kw name="Test Success User" library="marqeta">
<arguments>
<arg>${firstName}</arg>
<arg>${lastName}</arg>
<arg>${birthday}</arg>
</arguments>
<assign>
<var>${response}</var>
</assign>
<msg timestamp="20201203 23:52:48.923" level="INFO">${response} = {'token': '797330d4-b841-4b50-8c20-23c511c5e4b0', 'active': True, 'first_name': 'John', 'last_name': 'Smith', 'uses_parent_account': False, 'corporate_card_holder': False, 'created_time': '2020-12-04T...</msg>
<status status="PASS" starttime="20201203 23:52:48.644" endtime="20201203 23:52:48.923"></status>
</kw>
<kw name="Pretty Print Response" library="marqeta">
<arguments>
<arg>${response}</arg>
</arguments>
<msg timestamp="20201203 23:52:48.924" level="INFO">{'account_holder_group_token': 'DEFAULT_AHG',
 'active': True,
 'birth_date': '1992-02-29',
 'corporate_card_holder': False,
 'created_time': '2020-12-04T07:52:48Z',
 'deposit_account': {'account_number': '40014464628089938',
                     'allow_immediate_credit': False,
                     'routing_number': '293748000',
                     'token': '9f49bff4-3c4e-47e2-99b8-b8b9c2fa4279'},
 'first_name': 'John',
 'last_modified_time': '2020-12-04T07:52:48Z',
 'last_name': 'Smith',
 'metadata': {},
 'status': 'ACTIVE',
 'token': '797330d4-b841-4b50-8c20-23c511c5e4b0',
 'uses_parent_account': False}</msg>
<status status="PASS" starttime="20201203 23:52:48.924" endtime="20201203 23:52:48.924"></status>
</kw>
<status status="PASS" starttime="20201203 23:52:48.644" endtime="20201203 23:52:48.924"></status>
</kw>
<status status="PASS" starttime="20201203 23:52:48.643" endtime="20201203 23:52:48.925" critical="yes"></status>
</test>
<test id="s1-t20" name="SUITE 3 - TEST CASE 4">
<kw name="UNSUCCESSULLY CREATE USER">
<arguments>
<arg>John</arg>
<arg>Smith</arg>
<arg>1990-02-29</arg>
</arguments>
<kw name="Test Failed User" library="marqeta">
<arguments>
<arg>${firstName}</arg>
<arg>${lastName}</arg>
<arg>${birthday}</arg>
</arguments>
<assign>
<var>${response}</var>
</assign>
<msg timestamp="20201203 23:52:49.150" level="INFO">${response} = {'error_code': '400058', 'error_message': 'Invalid birth date format received'}</msg>
<status status="PASS" starttime="20201203 23:52:48.927" endtime="20201203 23:52:49.150"></status>
</kw>
<kw name="Pretty Print Response" library="marqeta">
<arguments>
<arg>${response}</arg>
</arguments>
<msg timestamp="20201203 23:52:49.150" level="INFO">{'error_code': '400058', 'error_message': 'Invalid birth date format received'}</msg>
<status status="PASS" starttime="20201203 23:52:49.150" endtime="20201203 23:52:49.150"></status>
</kw>
<status status="PASS" starttime="20201203 23:52:48.927" endtime="20201203 23:52:49.150"></status>
</kw>
<status status="PASS" starttime="20201203 23:52:48.926" endtime="20201203 23:52:49.151" critical="yes"></status>
</test>
<test id="s1-t21" name="SUITE 3 - TEST CASE 5">
<kw name="UNSUCCESSULLY CREATE USER">
<arguments>
<arg>John</arg>
<arg>Smith</arg>
<arg>1990-13-01</arg>
</arguments>
<kw name="Test Failed User" library="marqeta">
<arguments>
<arg>${firstName}</arg>
<arg>${lastName}</arg>
<arg>${birthday}</arg>
</arguments>
<assign>
<var>${response}</var>
</assign>
<msg timestamp="20201203 23:52:49.389" level="INFO">${response} = {'error_code': '400058', 'error_message': 'Invalid birth date format received'}</msg>
<status status="PASS" starttime="20201203 23:52:49.153" endtime="20201203 23:52:49.389"></status>
</kw>
<kw name="Pretty Print Response" library="marqeta">
<arguments>
<arg>${response}</arg>
</arguments>
<msg timestamp="20201203 23:52:49.390" level="INFO">{'error_code': '400058', 'error_message': 'Invalid birth date format received'}</msg>
<status status="PASS" starttime="20201203 23:52:49.389" endtime="20201203 23:52:49.390"></status>
</kw>
<status status="PASS" starttime="20201203 23:52:49.153" endtime="20201203 23:52:49.390"></status>
</kw>
<status status="PASS" starttime="20201203 23:52:49.152" endtime="20201203 23:52:49.390" critical="yes"></status>
</test>
<test id="s1-t22" name="SUITE 3 - TEST CASE 6">
<kw name="SUCCESSULLY CREATE USER">
<arguments>
<arg>John</arg>
<arg>Smith</arg>
<arg>2010-01-01</arg>
</arguments>
<kw name="Test Success User" library="marqeta">
<arguments>
<arg>${firstName}</arg>
<arg>${lastName}</arg>
<arg>${birthday}</arg>
</arguments>
<assign>
<var>${response}</var>
</assign>
<msg timestamp="20201203 23:52:49.652" level="INFO">${response} = {'token': 'a3a36cfc-e87f-478f-9ab3-5b8e13e5a062', 'active': True, 'first_name': 'John', 'last_name': 'Smith', 'uses_parent_account': False, 'corporate_card_holder': False, 'created_time': '2020-12-04T...</msg>
<status status="PASS" starttime="20201203 23:52:49.392" endtime="20201203 23:52:49.652"></status>
</kw>
<kw name="Pretty Print Response" library="marqeta">
<arguments>
<arg>${response}</arg>
</arguments>
<msg timestamp="20201203 23:52:49.653" level="INFO">{'account_holder_group_token': 'DEFAULT_AHG',
 'active': True,
 'birth_date': '2010-01-01',
 'corporate_card_holder': False,
 'created_time': '2020-12-04T07:52:49Z',
 'deposit_account': {'account_number': '40014464177603634',
                     'allow_immediate_credit': False,
                     'routing_number': '293748000',
                     'token': '666e2f41-2113-496d-aa61-6fde72b0e510'},
 'first_name': 'John',
 'last_modified_time': '2020-12-04T07:52:49Z',
 'last_name': 'Smith',
 'metadata': {},
 'status': 'ACTIVE',
 'token': 'a3a36cfc-e87f-478f-9ab3-5b8e13e5a062',
 'uses_parent_account': False}</msg>
<status status="PASS" starttime="20201203 23:52:49.652" endtime="20201203 23:52:49.653"></status>
</kw>
<status status="PASS" starttime="20201203 23:52:49.392" endtime="20201203 23:52:49.653"></status>
</kw>
<status status="PASS" starttime="20201203 23:52:49.391" endtime="20201203 23:52:49.654" critical="yes"></status>
</test>
<test id="s1-t23" name="SUITE 3 - TEST CASE 7">
<kw name="UNSUCCESSULLY CREATE USER">
<arguments>
<arg>John</arg>
<arg>Smith</arg>
<arg>2030-01-01</arg>
</arguments>
<kw name="Test Failed User" library="marqeta">
<arguments>
<arg>${firstName}</arg>
<arg>${lastName}</arg>
<arg>${birthday}</arg>
</arguments>
<assign>
<var>${response}</var>
</assign>
<msg timestamp="20201203 23:52:49.881" level="INFO">${response} = {'error_message': 'Birth date cannot be a future date', 'error_code': '400002'}</msg>
<status status="PASS" starttime="20201203 23:52:49.656" endtime="20201203 23:52:49.881"></status>
</kw>
<kw name="Pretty Print Response" library="marqeta">
<arguments>
<arg>${response}</arg>
</arguments>
<msg timestamp="20201203 23:52:49.882" level="INFO">{'error_code': '400002', 'error_message': 'Birth date cannot be a future date'}</msg>
<status status="PASS" starttime="20201203 23:52:49.881" endtime="20201203 23:52:49.882"></status>
</kw>
<status status="PASS" starttime="20201203 23:52:49.655" endtime="20201203 23:52:49.882"></status>
</kw>
<status status="PASS" starttime="20201203 23:52:49.655" endtime="20201203 23:52:49.883" critical="yes"></status>
</test>
<test id="s1-t24" name="SUITE 3 - TEST CASE 8">
<kw name="UNSUCCESSULLY CREATE USER">
<arguments>
<arg>John</arg>
<arg>Smith</arg>
<arg>01-01-1990</arg>
</arguments>
<kw name="Test Failed User" library="marqeta">
<arguments>
<arg>${firstName}</arg>
<arg>${lastName}</arg>
<arg>${birthday}</arg>
</arguments>
<assign>
<var>${response}</var>
</assign>
<msg timestamp="20201203 23:52:50.124" level="INFO">${response} = {'error_code': '400058', 'error_message': 'Invalid birth date format received'}</msg>
<status status="PASS" starttime="20201203 23:52:49.886" endtime="20201203 23:52:50.124"></status>
</kw>
<kw name="Pretty Print Response" library="marqeta">
<arguments>
<arg>${response}</arg>
</arguments>
<msg timestamp="20201203 23:52:50.125" level="INFO">{'error_code': '400058', 'error_message': 'Invalid birth date format received'}</msg>
<status status="PASS" starttime="20201203 23:52:50.124" endtime="20201203 23:52:50.125"></status>
</kw>
<status status="PASS" starttime="20201203 23:52:49.885" endtime="20201203 23:52:50.125"></status>
</kw>
<status status="PASS" starttime="20201203 23:52:49.885" endtime="20201203 23:52:50.125" critical="yes"></status>
</test>
<doc>User Testing for Marqeta</doc>
<status status="PASS" starttime="20201203 23:52:43.348" endtime="20201203 23:52:50.128"></status>
</suite>
<statistics>
<total>
<stat pass="24" fail="0">Critical Tests</stat>
<stat pass="24" fail="0">All Tests</stat>
</total>
<tag>
</tag>
<suite>
<stat pass="24" fail="0" id="s1" name="MarqetaTest User">MarqetaTest User</stat>
</suite>
</statistics>
<errors>
</errors>
</robot>
