<?xml version="1.0" encoding="UTF-8"?>
<robot generator="Robot 3.2.2 (Python 3.9.0 on win32)" generated="20201203 23:53:20.301" rpa="false">
<suite id="s1" name="MarqetaTest Card" source="C:\Users\westagram\OneDrive\Desktop\marqeta-assignment\Test\Testing_Card\MarqetaTest_Card.robot">
<test id="s1-t1" name="SUITE 1 - TEST CASE 1">
<kw name="Get New Testing Valid User Token" library="marqeta">
<assign>
<var>${newValidUserToken}</var>
</assign>
<msg timestamp="20201203 23:53:20.872" level="INFO">${newValidUserToken} = a17eeed6-6d9d-4104-b755-e3831f525933</msg>
<status status="PASS" starttime="20201203 23:53:20.481" endtime="20201203 23:53:20.872"></status>
</kw>
<kw name="UNSUCCESSULLY CREATE CARD">
<arguments>
<arg>${newValidUserToken}</arg>
<arg>INVALID_CARD_PRODUCT_TOKEN</arg>
</arguments>
<kw name="Test Failed Card" library="marqeta">
<arguments>
<arg>${userToken}</arg>
<arg>${cardProductToken}</arg>
</arguments>
<assign>
<var>${response}</var>
</assign>
<msg timestamp="20201203 23:53:21.116" level="INFO">${response} = {'error_message': 'Card product not found', 'error_code': '400016'}</msg>
<status status="PASS" starttime="20201203 23:53:20.873" endtime="20201203 23:53:21.116"></status>
</kw>
<kw name="Pretty Print Response" library="marqeta">
<arguments>
<arg>${response}</arg>
</arguments>
<msg timestamp="20201203 23:53:21.117" level="INFO">{'error_code': '400016', 'error_message': 'Card product not found'}</msg>
<status status="PASS" starttime="20201203 23:53:21.116" endtime="20201203 23:53:21.117"></status>
</kw>
<status status="PASS" starttime="20201203 23:53:20.872" endtime="20201203 23:53:21.117"></status>
</kw>
<status status="PASS" starttime="20201203 23:53:20.480" endtime="20201203 23:53:21.117" critical="yes"></status>
</test>
<test id="s1-t2" name="SUITE 1 - TEST CASE 2">
<kw name="Get New Testing Valid Card Product Token" library="marqeta">
<assign>
<var>${newValidCardProductToken}</var>
</assign>
<msg timestamp="20201203 23:53:21.395" level="INFO">${newValidCardProductToken} = 94756adb-9b65-4a04-a747-9b011353d4e6</msg>
<status status="PASS" starttime="20201203 23:53:21.120" endtime="20201203 23:53:21.395"></status>
</kw>
<kw name="UNSUCCESSULLY CREATE CARD">
<arguments>
<arg>INVALID_USER_TOKEN</arg>
<arg>${newValidCardProductToken}</arg>
</arguments>
<kw name="Test Failed Card" library="marqeta">
<arguments>
<arg>${userToken}</arg>
<arg>${cardProductToken}</arg>
</arguments>
<assign>
<var>${response}</var>
</assign>
<msg timestamp="20201203 23:53:21.639" level="INFO">${response} = {'error_message': 'Cardholder not found', 'error_code': '400010'}</msg>
<status status="PASS" starttime="20201203 23:53:21.396" endtime="20201203 23:53:21.639"></status>
</kw>
<kw name="Pretty Print Response" library="marqeta">
<arguments>
<arg>${response}</arg>
</arguments>
<msg timestamp="20201203 23:53:21.640" level="INFO">{'error_code': '400010', 'error_message': 'Cardholder not found'}</msg>
<status status="PASS" starttime="20201203 23:53:21.639" endtime="20201203 23:53:21.640"></status>
</kw>
<status status="PASS" starttime="20201203 23:53:21.395" endtime="20201203 23:53:21.640"></status>
</kw>
<status status="PASS" starttime="20201203 23:53:21.119" endtime="20201203 23:53:21.641" critical="yes"></status>
</test>
<test id="s1-t3" name="SUITE 1 - TEST CASE 3">
<kw name="UNSUCCESSULLY CREATE CARD">
<arguments>
<arg>INVALID_USER_TOKEN</arg>
<arg>INVALID_CARD_PRODUCT_TOKEN</arg>
</arguments>
<kw name="Test Failed Card" library="marqeta">
<arguments>
<arg>${userToken}</arg>
<arg>${cardProductToken}</arg>
</arguments>
<assign>
<var>${response}</var>
</assign>
<msg timestamp="20201203 23:53:21.889" level="INFO">${response} = {'error_message': 'Card product not found', 'error_code': '400016'}</msg>
<status status="PASS" starttime="20201203 23:53:21.643" endtime="20201203 23:53:21.889"></status>
</kw>
<kw name="Pretty Print Response" library="marqeta">
<arguments>
<arg>${response}</arg>
</arguments>
<msg timestamp="20201203 23:53:21.889" level="INFO">{'error_code': '400016', 'error_message': 'Card product not found'}</msg>
<status status="PASS" starttime="20201203 23:53:21.889" endtime="20201203 23:53:21.889"></status>
</kw>
<status status="PASS" starttime="20201203 23:53:21.643" endtime="20201203 23:53:21.889"></status>
</kw>
<status status="PASS" starttime="20201203 23:53:21.642" endtime="20201203 23:53:21.890" critical="yes"></status>
</test>
<test id="s1-t4" name="SUITE 1 - TEST CASE 4">
<kw name="SUCCESSULLY CREATE CARD">
<kw name="Get New Testing Valid User Token" library="marqeta">
<assign>
<var>${newValidUserToken}</var>
</assign>
<msg timestamp="20201203 23:53:22.181" level="INFO">${newValidUserToken} = 3ba06778-ed90-4313-8b9c-2ac86ccd90b1</msg>
<status status="PASS" starttime="20201203 23:53:21.892" endtime="20201203 23:53:22.181"></status>
</kw>
<kw name="Get New Testing Valid Card Product Token" library="marqeta">
<assign>
<var>${newValidCardProductToken}</var>
</assign>
<msg timestamp="20201203 23:53:22.596" level="INFO">${newValidCardProductToken} = d370128a-0e22-4fcb-b487-ac54296b0c17</msg>
<status status="PASS" starttime="20201203 23:53:22.181" endtime="20201203 23:53:22.596"></status>
</kw>
<kw name="Test Success Card" library="marqeta">
<arguments>
<arg>${newValidUserToken}</arg>
<arg>${newValidCardProductToken}</arg>
</arguments>
<assign>
<var>${response}</var>
</assign>
<msg timestamp="20201203 23:53:23.336" level="INFO">${response} = {'created_time': '2020-12-04T07:53:23Z', 'last_modified_time': '2020-12-04T07:53:23Z', 'token': '629d4553-2bae-4ed4-b229-302aa1a6d95c', 'user_token': '3ba06778-ed90-4313-8b9c-2ac86ccd90b1', 'card_prod...</msg>
<status status="PASS" starttime="20201203 23:53:22.597" endtime="20201203 23:53:23.336"></status>
</kw>
<kw name="Pretty Print Response" library="marqeta">
<arguments>
<arg>${response}</arg>
</arguments>
<msg timestamp="20201203 23:53:23.337" level="INFO">{'barcode': '15752949248390638313',
 'card_product_token': 'd370128a-0e22-4fcb-b487-ac54296b0c17',
 'created_time': '2020-12-04T07:53:23Z',
 'expedite': False,
 'expiration': '1224',
 'expiration_time': '2024-12-31T23:59:59Z',
 'fulfillment_status': 'ISSUED',
 'instrument_type': 'VIRTUAL_PAN',
 'last_four': '6279',
 'last_modified_time': '2020-12-04T07:53:23Z',
 'metadata': {},
 'pan': '111111______6279',
 'pin_is_set': False,
 'state': 'ACTIVE',
 'state_reason': 'New card activated',
 'token': '629d4553-2bae-4ed4-b229-302aa1a6d95c',
 'user_token': '3ba06778-ed90-4313-8b9c-2ac86ccd90b1'}</msg>
<status status="PASS" starttime="20201203 23:53:23.336" endtime="20201203 23:53:23.337"></status>
</kw>
<status status="PASS" starttime="20201203 23:53:21.892" endtime="20201203 23:53:23.337"></status>
</kw>
<status status="PASS" starttime="20201203 23:53:21.891" endtime="20201203 23:53:23.337" critical="yes"></status>
</test>
<doc>Card Testing for Marqeta</doc>
<status status="PASS" starttime="20201203 23:53:20.304" endtime="20201203 23:53:23.339"></status>
</suite>
<statistics>
<total>
<stat pass="4" fail="0">Critical Tests</stat>
<stat pass="4" fail="0">All Tests</stat>
</total>
<tag>
</tag>
<suite>
<stat pass="4" fail="0" id="s1" name="MarqetaTest Card">MarqetaTest Card</stat>
</suite>
</statistics>
<errors>
</errors>
</robot>
