<?xml version="1.0" encoding="UTF-8"?>
<robot generator="Robot 3.2.2 (Python 3.9.0 on win32)" generated="20201202 00:20:53.832" rpa="false">
<suite id="s1" name="MarqetaTest CardProduct" source="C:\Users\westagram\Desktop\Marqeta\Test\Testing_CardProduct\MarqetaTest_CardProduct.robot">
<test id="s1-t1" name="SUITE 1 - TEST CASE 1">
<kw name="SUCCESSULLY CREATE CARD">
<arguments>
<arg>TEST_CARD</arg>
<arg>${TRUE}</arg>
<arg>2019-01-01</arg>
<arg>2020-12-12</arg>
</arguments>
<kw name="Test Success Card Product" library="marqeta">
<arguments>
<arg>${name}</arg>
<arg>${active}</arg>
<arg>${startDate}</arg>
<arg>${endDate}</arg>
</arguments>
<assign>
<var>${response}</var>
</assign>
<msg timestamp="20201202 00:20:54.608" level="INFO">${response} = {'token': 'b90f8ae8-b54b-477f-b05d-beef0b2d0847', 'name': 'TEST_CARD', 'active': True, 'start_date': '2019-01-01', 'end_date': '2020-12-12', 'config': {'poi': {'other': {'allow': True, 'card_presence_...</msg>
<status status="PASS" starttime="20201202 00:20:54.020" endtime="20201202 00:20:54.608"></status>
</kw>
<kw name="Pretty Print Response" library="marqeta">
<arguments>
<arg>${response}</arg>
</arguments>
<msg timestamp="20201202 00:20:54.611" level="INFO">{'active': True,
 'config': {'card_life_cycle': {'activate_upon_issue': False,
                                'card_service_code': 101,
                                'expiration_offset': {'unit': 'YEARS',
                                                      'value': 4},
                                'update_expiration_upon_activation': False},
            'clearing_and_settlement': {'overdraft_destination': 'GPA'},
            'digital_wallet_tokenization': {'card_art_id': '',
                                            'provisioning_controls': {'in_app_provisioning': {'address_verification': {'validate': True},
                                                                                              'enabled': False},
                                                                      'manual_entry': {'address_verification': {'validate': True},
                                                                                       'enabled': False},
                                                                      'wallet_provider_card_on_file': {'address_verification': {'validate': True},
                                                                                                       'enabled': False}}},
            'fulfillment': {'all_zero_card_security_code': False,
                            'allow_card_creation': True,
                            'bin_prefix': '111111',
                            'bulk_ship': False,
                            'enable_offline_pin': False,
                            'fulfillment_provider': 'PERFECTPLASTIC',
                            'package_id': '0',
                            'pan_length': '16',
                            'payment_instrument': 'PHYSICAL_MSR',
                            'uppercase_name_lines': True},
            'jit_funding': {'paymentcard_funding_source': {'enabled': False,
                                                           'refunds_destination': ''},
                            'program_funding_source': {'enabled': False,
                                                       'funding_source_token': '',
                                                       'refunds_destination': ''},
                            'programgateway_funding_source': {'always_fund': True,
                                                              'enabled': False,
                                                              'funding_source_token': '',
                                                              'refunds_destination': ''}},
            'poi': {'atm': False,
                    'ecommerce': True,
                    'other': {'allow': True,
                              'card_presence_required': False,
                              'cardholder_presence_required': False}},
            'selective_auth': {'dmd_location_sensitivity': 0,
                               'enable_regex_search_chain': False,
                               'sa_mode': 1},
            'special': {'merchant_on_boarding': False},
            'transaction_controls': {'accepted_countries_token': 'accept_us_only',
                                     'address_verification': {'auth_messages': {'decline_on_address_number_mismatch': False,
                                                                                'decline_on_postal_code_mismatch': False,
                                                                                'validate': True},
                                                              'av_messages': {'decline_on_address_number_mismatch': False,
                                                                              'decline_on_postal_code_mismatch': True,
                                                                              'validate': True}},
                                     'allow_chip_fallback': True,
                                     'allow_first_pin_set_via_financial_transaction': False,
                                     'allow_gpa_auth': True,
                                     'allow_mcc_group_authorization_controls': True,
                                     'allow_network_load': False,
                                     'allow_network_load_card_activation': False,
                                     'allow_quasi_cash': False,
                                     'always_require_icc': False,
                                     'always_require_pin': False,
                                     'enable_partial_auth_approval': True,
                                     'ignore_card_suspended_state': False,
                                     'require_card_not_present_card_security_code': False,
                                     'strong_customer_authentication_limits': {}}},
 'created_time': '2020-12-02T08:20:50Z',
 'end_date': '2020-12-12',
 'last_modified_time': '2020-12-02T08:20:50Z',
 'name': 'TEST_CARD',
 'start_date': '2019-01-01',
 'token': 'b90f8ae8-b54b-477f-b05d-beef0b2d0847'}</msg>
<status status="PASS" starttime="20201202 00:20:54.609" endtime="20201202 00:20:54.611"></status>
</kw>
<status status="PASS" starttime="20201202 00:20:54.019" endtime="20201202 00:20:54.611"></status>
</kw>
<status status="PASS" starttime="20201202 00:20:54.018" endtime="20201202 00:20:54.612" critical="yes"></status>
</test>
<test id="s1-t2" name="SUITE 1 - TEST CASE 2">
<kw name="UNSUCCESSULLY CREATE CARD">
<arguments>
<arg>TEST_CARD</arg>
<arg>${TRUE}</arg>
<arg>2019-01-32</arg>
<arg>2020-12-12</arg>
</arguments>
<kw name="Test Failed Card Product" library="marqeta">
<arguments>
<arg>${name}</arg>
<arg>${active}</arg>
<arg>${startDate}</arg>
<arg>${endDate}</arg>
</arguments>
<assign>
<var>${response}</var>
</assign>
<msg timestamp="20201202 00:20:54.852" level="INFO">${response} = {'error_code': '400044', 'error_message': 'Invalid start date format received'}</msg>
<status status="PASS" starttime="20201202 00:20:54.614" endtime="20201202 00:20:54.852"></status>
</kw>
<kw name="Pretty Print Response" library="marqeta">
<arguments>
<arg>${response}</arg>
</arguments>
<msg timestamp="20201202 00:20:54.852" level="INFO">{'error_code': '400044', 'error_message': 'Invalid start date format received'}</msg>
<status status="PASS" starttime="20201202 00:20:54.852" endtime="20201202 00:20:54.852"></status>
</kw>
<status status="PASS" starttime="20201202 00:20:54.614" endtime="20201202 00:20:54.853"></status>
</kw>
<status status="PASS" starttime="20201202 00:20:54.613" endtime="20201202 00:20:54.853" critical="yes"></status>
</test>
<test id="s1-t3" name="SUITE 1 - TEST CASE 3">
<kw name="SUCCESSULLY CREATE CARD">
<arguments>
<arg>TEST_CARD</arg>
<arg>${TRUE}</arg>
<arg>2020-02-29</arg>
<arg>2020-12-12</arg>
</arguments>
<kw name="Test Success Card Product" library="marqeta">
<arguments>
<arg>${name}</arg>
<arg>${active}</arg>
<arg>${startDate}</arg>
<arg>${endDate}</arg>
</arguments>
<assign>
<var>${response}</var>
</assign>
<msg timestamp="20201202 00:20:55.150" level="INFO">${response} = {'token': 'cc7e08fb-7783-41d0-9a35-9c812a54d862', 'name': 'TEST_CARD', 'active': True, 'start_date': '2020-02-29', 'end_date': '2020-12-12', 'config': {'poi': {'other': {'allow': True, 'card_presence_...</msg>
<status status="PASS" starttime="20201202 00:20:54.856" endtime="20201202 00:20:55.150"></status>
</kw>
<kw name="Pretty Print Response" library="marqeta">
<arguments>
<arg>${response}</arg>
</arguments>
<msg timestamp="20201202 00:20:55.153" level="INFO">{'active': True,
 'config': {'card_life_cycle': {'activate_upon_issue': False,
                                'card_service_code': 101,
                                'expiration_offset': {'unit': 'YEARS',
                                                      'value': 4},
                                'update_expiration_upon_activation': False},
            'clearing_and_settlement': {'overdraft_destination': 'GPA'},
            'digital_wallet_tokenization': {'card_art_id': '',
                                            'provisioning_controls': {'in_app_provisioning': {'address_verification': {'validate': True},
                                                                                              'enabled': False},
                                                                      'manual_entry': {'address_verification': {'validate': True},
                                                                                       'enabled': False},
                                                                      'wallet_provider_card_on_file': {'address_verification': {'validate': True},
                                                                                                       'enabled': False}}},
            'fulfillment': {'all_zero_card_security_code': False,
                            'allow_card_creation': True,
                            'bin_prefix': '111111',
                            'bulk_ship': False,
                            'enable_offline_pin': False,
                            'fulfillment_provider': 'PERFECTPLASTIC',
                            'package_id': '0',
                            'pan_length': '16',
                            'payment_instrument': 'PHYSICAL_MSR',
                            'uppercase_name_lines': True},
            'jit_funding': {'paymentcard_funding_source': {'enabled': False,
                                                           'refunds_destination': ''},
                            'program_funding_source': {'enabled': False,
                                                       'funding_source_token': '',
                                                       'refunds_destination': ''},
                            'programgateway_funding_source': {'always_fund': True,
                                                              'enabled': False,
                                                              'funding_source_token': '',
                                                              'refunds_destination': ''}},
            'poi': {'atm': False,
                    'ecommerce': True,
                    'other': {'allow': True,
                              'card_presence_required': False,
                              'cardholder_presence_required': False}},
            'selective_auth': {'dmd_location_sensitivity': 0,
                               'enable_regex_search_chain': False,
                               'sa_mode': 1},
            'special': {'merchant_on_boarding': False},
            'transaction_controls': {'accepted_countries_token': 'accept_us_only',
                                     'address_verification': {'auth_messages': {'decline_on_address_number_mismatch': False,
                                                                                'decline_on_postal_code_mismatch': False,
                                                                                'validate': True},
                                                              'av_messages': {'decline_on_address_number_mismatch': False,
                                                                              'decline_on_postal_code_mismatch': True,
                                                                              'validate': True}},
                                     'allow_chip_fallback': True,
                                     'allow_first_pin_set_via_financial_transaction': False,
                                     'allow_gpa_auth': True,
                                     'allow_mcc_group_authorization_controls': True,
                                     'allow_network_load': False,
                                     'allow_network_load_card_activation': False,
                                     'allow_quasi_cash': False,
                                     'always_require_icc': False,
                                     'always_require_pin': False,
                                     'enable_partial_auth_approval': True,
                                     'ignore_card_suspended_state': False,
                                     'require_card_not_present_card_security_code': False,
                                     'strong_customer_authentication_limits': {}}},
 'created_time': '2020-12-02T08:20:51Z',
 'end_date': '2020-12-12',
 'last_modified_time': '2020-12-02T08:20:51Z',
 'name': 'TEST_CARD',
 'start_date': '2020-02-29',
 'token': 'cc7e08fb-7783-41d0-9a35-9c812a54d862'}</msg>
<status status="PASS" starttime="20201202 00:20:55.150" endtime="20201202 00:20:55.153"></status>
</kw>
<status status="PASS" starttime="20201202 00:20:54.856" endtime="20201202 00:20:55.154"></status>
</kw>
<status status="PASS" starttime="20201202 00:20:54.855" endtime="20201202 00:20:55.155" critical="yes"></status>
</test>
<test id="s1-t4" name="SUITE 1 - TEST CASE 4">
<kw name="SUCCESSULLY CREATE CARD">
<arguments>
<arg>TEST_CARD</arg>
<arg>${TRUE}</arg>
<arg>2019-02-29</arg>
<arg>2020-12-12</arg>
</arguments>
<kw name="Test Success Card Product" library="marqeta">
<arguments>
<arg>${name}</arg>
<arg>${active}</arg>
<arg>${startDate}</arg>
<arg>${endDate}</arg>
</arguments>
<assign>
<var>${response}</var>
</assign>
<msg timestamp="20201202 00:20:55.428" level="INFO">${response} = {'token': 'bb4429ac-d1ed-494e-99a2-d593dba9e932', 'name': 'TEST_CARD', 'active': True, 'start_date': '2019-03-01', 'end_date': '2020-12-12', 'config': {'poi': {'other': {'allow': True, 'card_presence_...</msg>
<status status="PASS" starttime="20201202 00:20:55.159" endtime="20201202 00:20:55.428"></status>
</kw>
<kw name="Pretty Print Response" library="marqeta">
<arguments>
<arg>${response}</arg>
</arguments>
<msg timestamp="20201202 00:20:55.431" level="INFO">{'active': True,
 'config': {'card_life_cycle': {'activate_upon_issue': False,
                                'card_service_code': 101,
                                'expiration_offset': {'unit': 'YEARS',
                                                      'value': 4},
                                'update_expiration_upon_activation': False},
            'clearing_and_settlement': {'overdraft_destination': 'GPA'},
            'digital_wallet_tokenization': {'card_art_id': '',
                                            'provisioning_controls': {'in_app_provisioning': {'address_verification': {'validate': True},
                                                                                              'enabled': False},
                                                                      'manual_entry': {'address_verification': {'validate': True},
                                                                                       'enabled': False},
                                                                      'wallet_provider_card_on_file': {'address_verification': {'validate': True},
                                                                                                       'enabled': False}}},
            'fulfillment': {'all_zero_card_security_code': False,
                            'allow_card_creation': True,
                            'bin_prefix': '111111',
                            'bulk_ship': False,
                            'enable_offline_pin': False,
                            'fulfillment_provider': 'PERFECTPLASTIC',
                            'package_id': '0',
                            'pan_length': '16',
                            'payment_instrument': 'PHYSICAL_MSR',
                            'uppercase_name_lines': True},
            'jit_funding': {'paymentcard_funding_source': {'enabled': False,
                                                           'refunds_destination': ''},
                            'program_funding_source': {'enabled': False,
                                                       'funding_source_token': '',
                                                       'refunds_destination': ''},
                            'programgateway_funding_source': {'always_fund': True,
                                                              'enabled': False,
                                                              'funding_source_token': '',
                                                              'refunds_destination': ''}},
            'poi': {'atm': False,
                    'ecommerce': True,
                    'other': {'allow': True,
                              'card_presence_required': False,
                              'cardholder_presence_required': False}},
            'selective_auth': {'dmd_location_sensitivity': 0,
                               'enable_regex_search_chain': False,
                               'sa_mode': 1},
            'special': {'merchant_on_boarding': False},
            'transaction_controls': {'accepted_countries_token': 'accept_us_only',
                                     'address_verification': {'auth_messages': {'decline_on_address_number_mismatch': False,
                                                                                'decline_on_postal_code_mismatch': False,
                                                                                'validate': True},
                                                              'av_messages': {'decline_on_address_number_mismatch': False,
                                                                              'decline_on_postal_code_mismatch': True,
                                                                              'validate': True}},
                                     'allow_chip_fallback': True,
                                     'allow_first_pin_set_via_financial_transaction': False,
                                     'allow_gpa_auth': True,
                                     'allow_mcc_group_authorization_controls': True,
                                     'allow_network_load': False,
                                     'allow_network_load_card_activation': False,
                                     'allow_quasi_cash': False,
                                     'always_require_icc': False,
                                     'always_require_pin': False,
                                     'enable_partial_auth_approval': True,
                                     'ignore_card_suspended_state': False,
                                     'require_card_not_present_card_security_code': False,
                                     'strong_customer_authentication_limits': {}}},
 'created_time': '2020-12-02T08:20:51Z',
 'end_date': '2020-12-12',
 'last_modified_time': '2020-12-02T08:20:51Z',
 'name': 'TEST_CARD',
 'start_date': '2019-03-01',
 'token': 'bb4429ac-d1ed-494e-99a2-d593dba9e932'}</msg>
<status status="PASS" starttime="20201202 00:20:55.429" endtime="20201202 00:20:55.431"></status>
</kw>
<status status="PASS" starttime="20201202 00:20:55.158" endtime="20201202 00:20:55.431"></status>
</kw>
<status status="PASS" starttime="20201202 00:20:55.157" endtime="20201202 00:20:55.432" critical="yes"></status>
</test>
<test id="s1-t5" name="SUITE 1 - TEST CASE 5">
<kw name="UNSUCCESSULLY CREATE CARD">
<arguments>
<arg>TEST_CARD</arg>
<arg>${TRUE}</arg>
<arg>2019-13-01</arg>
<arg>2020-12-12</arg>
</arguments>
<kw name="Test Failed Card Product" library="marqeta">
<arguments>
<arg>${name}</arg>
<arg>${active}</arg>
<arg>${startDate}</arg>
<arg>${endDate}</arg>
</arguments>
<assign>
<var>${response}</var>
</assign>
<msg timestamp="20201202 00:20:55.681" level="INFO">${response} = {'error_code': '400044', 'error_message': 'Invalid start date format received'}</msg>
<status status="PASS" starttime="20201202 00:20:55.434" endtime="20201202 00:20:55.681"></status>
</kw>
<kw name="Pretty Print Response" library="marqeta">
<arguments>
<arg>${response}</arg>
</arguments>
<msg timestamp="20201202 00:20:55.682" level="INFO">{'error_code': '400044', 'error_message': 'Invalid start date format received'}</msg>
<status status="PASS" starttime="20201202 00:20:55.681" endtime="20201202 00:20:55.682"></status>
</kw>
<status status="PASS" starttime="20201202 00:20:55.434" endtime="20201202 00:20:55.682"></status>
</kw>
<status status="PASS" starttime="20201202 00:20:55.433" endtime="20201202 00:20:55.683" critical="yes"></status>
</test>
<test id="s1-t6" name="SUITE 1 - TEST CASE 6">
<kw name="UNSUCCESSULLY CREATE CARD">
<arguments>
<arg>TEST_CARD</arg>
<arg>${TRUE}</arg>
<arg>01-01-2019</arg>
<arg>2020-12-12</arg>
</arguments>
<kw name="Test Failed Card Product" library="marqeta">
<arguments>
<arg>${name}</arg>
<arg>${active}</arg>
<arg>${startDate}</arg>
<arg>${endDate}</arg>
</arguments>
<assign>
<var>${response}</var>
</assign>
<msg timestamp="20201202 00:20:55.942" level="INFO">${response} = {'error_code': '400044', 'error_message': 'Invalid start date format received'}</msg>
<status status="PASS" starttime="20201202 00:20:55.686" endtime="20201202 00:20:55.942"></status>
</kw>
<kw name="Pretty Print Response" library="marqeta">
<arguments>
<arg>${response}</arg>
</arguments>
<msg timestamp="20201202 00:20:55.942" level="INFO">{'error_code': '400044', 'error_message': 'Invalid start date format received'}</msg>
<status status="PASS" starttime="20201202 00:20:55.942" endtime="20201202 00:20:55.942"></status>
</kw>
<status status="PASS" starttime="20201202 00:20:55.685" endtime="20201202 00:20:55.942"></status>
</kw>
<status status="PASS" starttime="20201202 00:20:55.684" endtime="20201202 00:20:55.943" critical="yes"></status>
</test>
<test id="s1-t7" name="SUITE 1 - TEST CASE 7">
<kw name="UNSUCCESSULLY CREATE CARD">
<arguments>
<arg>TEST_CARD</arg>
<arg>${TRUE}</arg>
<arg>2022-01-01</arg>
<arg>2020-12-12</arg>
</arguments>
<kw name="Test Failed Card Product" library="marqeta">
<arguments>
<arg>${name}</arg>
<arg>${active}</arg>
<arg>${startDate}</arg>
<arg>${endDate}</arg>
</arguments>
<assign>
<var>${response}</var>
</assign>
<msg timestamp="20201202 00:20:56.212" level="FAIL">201 == 201</msg>
<status status="FAIL" starttime="20201202 00:20:55.946" endtime="20201202 00:20:56.212"></status>
</kw>
<status status="FAIL" starttime="20201202 00:20:55.945" endtime="20201202 00:20:56.212"></status>
</kw>
<status status="FAIL" starttime="20201202 00:20:55.945" endtime="20201202 00:20:56.213" critical="yes">201 == 201</status>
</test>
<test id="s1-t8" name="SUITE 2 - TEST CASE 1">
<kw name="SUCCESSULLY CREATE CARD">
<arguments>
<arg>TEST_CARD</arg>
<arg>${TRUE}</arg>
<arg>2018-01-01</arg>
<arg>2019-01-01</arg>
</arguments>
<kw name="Test Success Card Product" library="marqeta">
<arguments>
<arg>${name}</arg>
<arg>${active}</arg>
<arg>${startDate}</arg>
<arg>${endDate}</arg>
</arguments>
<assign>
<var>${response}</var>
</assign>
<msg timestamp="20201202 00:20:56.511" level="INFO">${response} = {'token': 'b923d9fd-777f-4ace-bde9-16045377a554', 'name': 'TEST_CARD', 'active': True, 'start_date': '2018-01-01', 'end_date': '2019-01-01', 'config': {'poi': {'other': {'allow': True, 'card_presence_...</msg>
<status status="PASS" starttime="20201202 00:20:56.219" endtime="20201202 00:20:56.512"></status>
</kw>
<kw name="Pretty Print Response" library="marqeta">
<arguments>
<arg>${response}</arg>
</arguments>
<msg timestamp="20201202 00:20:56.514" level="INFO">{'active': True,
 'config': {'card_life_cycle': {'activate_upon_issue': False,
                                'card_service_code': 101,
                                'expiration_offset': {'unit': 'YEARS',
                                                      'value': 4},
                                'update_expiration_upon_activation': False},
            'clearing_and_settlement': {'overdraft_destination': 'GPA'},
            'digital_wallet_tokenization': {'card_art_id': '',
                                            'provisioning_controls': {'in_app_provisioning': {'address_verification': {'validate': True},
                                                                                              'enabled': False},
                                                                      'manual_entry': {'address_verification': {'validate': True},
                                                                                       'enabled': False},
                                                                      'wallet_provider_card_on_file': {'address_verification': {'validate': True},
                                                                                                       'enabled': False}}},
            'fulfillment': {'all_zero_card_security_code': False,
                            'allow_card_creation': True,
                            'bin_prefix': '111111',
                            'bulk_ship': False,
                            'enable_offline_pin': False,
                            'fulfillment_provider': 'PERFECTPLASTIC',
                            'package_id': '0',
                            'pan_length': '16',
                            'payment_instrument': 'PHYSICAL_MSR',
                            'uppercase_name_lines': True},
            'jit_funding': {'paymentcard_funding_source': {'enabled': False,
                                                           'refunds_destination': ''},
                            'program_funding_source': {'enabled': False,
                                                       'funding_source_token': '',
                                                       'refunds_destination': ''},
                            'programgateway_funding_source': {'always_fund': True,
                                                              'enabled': False,
                                                              'funding_source_token': '',
                                                              'refunds_destination': ''}},
            'poi': {'atm': False,
                    'ecommerce': True,
                    'other': {'allow': True,
                              'card_presence_required': False,
                              'cardholder_presence_required': False}},
            'selective_auth': {'dmd_location_sensitivity': 0,
                               'enable_regex_search_chain': False,
                               'sa_mode': 1},
            'special': {'merchant_on_boarding': False},
            'transaction_controls': {'accepted_countries_token': 'accept_us_only',
                                     'address_verification': {'auth_messages': {'decline_on_address_number_mismatch': False,
                                                                                'decline_on_postal_code_mismatch': False,
                                                                                'validate': True},
                                                              'av_messages': {'decline_on_address_number_mismatch': False,
                                                                              'decline_on_postal_code_mismatch': True,
                                                                              'validate': True}},
                                     'allow_chip_fallback': True,
                                     'allow_first_pin_set_via_financial_transaction': False,
                                     'allow_gpa_auth': True,
                                     'allow_mcc_group_authorization_controls': True,
                                     'allow_network_load': False,
                                     'allow_network_load_card_activation': False,
                                     'allow_quasi_cash': False,
                                     'always_require_icc': False,
                                     'always_require_pin': False,
                                     'enable_partial_auth_approval': True,
                                     'ignore_card_suspended_state': False,
                                     'require_card_not_present_card_security_code': False,
                                     'strong_customer_authentication_limits': {}}},
 'created_time': '2020-12-02T08:20:52Z',
 'end_date': '2019-01-01',
 'last_modified_time': '2020-12-02T08:20:52Z',
 'name': 'TEST_CARD',
 'start_date': '2018-01-01',
 'token': 'b923d9fd-777f-4ace-bde9-16045377a554'}</msg>
<status status="PASS" starttime="20201202 00:20:56.512" endtime="20201202 00:20:56.514"></status>
</kw>
<status status="PASS" starttime="20201202 00:20:56.219" endtime="20201202 00:20:56.514"></status>
</kw>
<status status="PASS" starttime="20201202 00:20:56.218" endtime="20201202 00:20:56.515" critical="yes"></status>
</test>
<test id="s1-t9" name="SUITE 2 - TEST CASE 2">
<kw name="UNSUCCESSULLY CREATE CARD">
<arguments>
<arg>TEST_CARD</arg>
<arg>${TRUE}</arg>
<arg>2018-01-01</arg>
<arg>2019-01-32</arg>
</arguments>
<kw name="Test Failed Card Product" library="marqeta">
<arguments>
<arg>${name}</arg>
<arg>${active}</arg>
<arg>${startDate}</arg>
<arg>${endDate}</arg>
</arguments>
<assign>
<var>${response}</var>
</assign>
<msg timestamp="20201202 00:20:56.766" level="INFO">${response} = {'error_code': '400045', 'error_message': 'Invalid end date format received'}</msg>
<status status="PASS" starttime="20201202 00:20:56.517" endtime="20201202 00:20:56.766"></status>
</kw>
<kw name="Pretty Print Response" library="marqeta">
<arguments>
<arg>${response}</arg>
</arguments>
<msg timestamp="20201202 00:20:56.766" level="INFO">{'error_code': '400045', 'error_message': 'Invalid end date format received'}</msg>
<status status="PASS" starttime="20201202 00:20:56.766" endtime="20201202 00:20:56.766"></status>
</kw>
<status status="PASS" starttime="20201202 00:20:56.517" endtime="20201202 00:20:56.766"></status>
</kw>
<status status="PASS" starttime="20201202 00:20:56.516" endtime="20201202 00:20:56.767" critical="yes"></status>
</test>
<test id="s1-t10" name="SUITE 2 - TEST CASE 3">
<kw name="SUCCESSULLY CREATE CARD">
<arguments>
<arg>TEST_CARD</arg>
<arg>${TRUE}</arg>
<arg>2018-01-01</arg>
<arg>2020-02-29</arg>
</arguments>
<kw name="Test Success Card Product" library="marqeta">
<arguments>
<arg>${name}</arg>
<arg>${active}</arg>
<arg>${startDate}</arg>
<arg>${endDate}</arg>
</arguments>
<assign>
<var>${response}</var>
</assign>
<msg timestamp="20201202 00:20:57.035" level="INFO">${response} = {'token': '72043bc2-af52-48db-8c72-b505971387da', 'name': 'TEST_CARD', 'active': True, 'start_date': '2018-01-01', 'end_date': '2020-02-29', 'config': {'poi': {'other': {'allow': True, 'card_presence_...</msg>
<status status="PASS" starttime="20201202 00:20:56.769" endtime="20201202 00:20:57.035"></status>
</kw>
<kw name="Pretty Print Response" library="marqeta">
<arguments>
<arg>${response}</arg>
</arguments>
<msg timestamp="20201202 00:20:57.037" level="INFO">{'active': True,
 'config': {'card_life_cycle': {'activate_upon_issue': False,
                                'card_service_code': 101,
                                'expiration_offset': {'unit': 'YEARS',
                                                      'value': 4},
                                'update_expiration_upon_activation': False},
            'clearing_and_settlement': {'overdraft_destination': 'GPA'},
            'digital_wallet_tokenization': {'card_art_id': '',
                                            'provisioning_controls': {'in_app_provisioning': {'address_verification': {'validate': True},
                                                                                              'enabled': False},
                                                                      'manual_entry': {'address_verification': {'validate': True},
                                                                                       'enabled': False},
                                                                      'wallet_provider_card_on_file': {'address_verification': {'validate': True},
                                                                                                       'enabled': False}}},
            'fulfillment': {'all_zero_card_security_code': False,
                            'allow_card_creation': True,
                            'bin_prefix': '111111',
                            'bulk_ship': False,
                            'enable_offline_pin': False,
                            'fulfillment_provider': 'PERFECTPLASTIC',
                            'package_id': '0',
                            'pan_length': '16',
                            'payment_instrument': 'PHYSICAL_MSR',
                            'uppercase_name_lines': True},
            'jit_funding': {'paymentcard_funding_source': {'enabled': False,
                                                           'refunds_destination': ''},
                            'program_funding_source': {'enabled': False,
                                                       'funding_source_token': '',
                                                       'refunds_destination': ''},
                            'programgateway_funding_source': {'always_fund': True,
                                                              'enabled': False,
                                                              'funding_source_token': '',
                                                              'refunds_destination': ''}},
            'poi': {'atm': False,
                    'ecommerce': True,
                    'other': {'allow': True,
                              'card_presence_required': False,
                              'cardholder_presence_required': False}},
            'selective_auth': {'dmd_location_sensitivity': 0,
                               'enable_regex_search_chain': False,
                               'sa_mode': 1},
            'special': {'merchant_on_boarding': False},
            'transaction_controls': {'accepted_countries_token': 'accept_us_only',
                                     'address_verification': {'auth_messages': {'decline_on_address_number_mismatch': False,
                                                                                'decline_on_postal_code_mismatch': False,
                                                                                'validate': True},
                                                              'av_messages': {'decline_on_address_number_mismatch': False,
                                                                              'decline_on_postal_code_mismatch': True,
                                                                              'validate': True}},
                                     'allow_chip_fallback': True,
                                     'allow_first_pin_set_via_financial_transaction': False,
                                     'allow_gpa_auth': True,
                                     'allow_mcc_group_authorization_controls': True,
                                     'allow_network_load': False,
                                     'allow_network_load_card_activation': False,
                                     'allow_quasi_cash': False,
                                     'always_require_icc': False,
                                     'always_require_pin': False,
                                     'enable_partial_auth_approval': True,
                                     'ignore_card_suspended_state': False,
                                     'require_card_not_present_card_security_code': False,
                                     'strong_customer_authentication_limits': {}}},
 'created_time': '2020-12-02T08:20:52Z',
 'end_date': '2020-02-29',
 'last_modified_time': '2020-12-02T08:20:52Z',
 'name': 'TEST_CARD',
 'start_date': '2018-01-01',
 'token': '72043bc2-af52-48db-8c72-b505971387da'}</msg>
<status status="PASS" starttime="20201202 00:20:57.035" endtime="20201202 00:20:57.037"></status>
</kw>
<status status="PASS" starttime="20201202 00:20:56.768" endtime="20201202 00:20:57.038"></status>
</kw>
<status status="PASS" starttime="20201202 00:20:56.768" endtime="20201202 00:20:57.038" critical="yes"></status>
</test>
<test id="s1-t11" name="SUITE 2 - TEST CASE 4">
<kw name="SUCCESSULLY CREATE CARD">
<arguments>
<arg>TEST_CARD</arg>
<arg>${TRUE}</arg>
<arg>2018-01-01</arg>
<arg>2019-02-29</arg>
</arguments>
<kw name="Test Success Card Product" library="marqeta">
<arguments>
<arg>${name}</arg>
<arg>${active}</arg>
<arg>${startDate}</arg>
<arg>${endDate}</arg>
</arguments>
<assign>
<var>${response}</var>
</assign>
<msg timestamp="20201202 00:20:57.326" level="INFO">${response} = {'token': '2eee9514-fb46-4994-a77e-73cbfb7e6cd4', 'name': 'TEST_CARD', 'active': True, 'start_date': '2018-01-01', 'end_date': '2019-03-01', 'config': {'poi': {'other': {'allow': True, 'card_presence_...</msg>
<status status="PASS" starttime="20201202 00:20:57.041" endtime="20201202 00:20:57.326"></status>
</kw>
<kw name="Pretty Print Response" library="marqeta">
<arguments>
<arg>${response}</arg>
</arguments>
<msg timestamp="20201202 00:20:57.328" level="INFO">{'active': True,
 'config': {'card_life_cycle': {'activate_upon_issue': False,
                                'card_service_code': 101,
                                'expiration_offset': {'unit': 'YEARS',
                                                      'value': 4},
                                'update_expiration_upon_activation': False},
            'clearing_and_settlement': {'overdraft_destination': 'GPA'},
            'digital_wallet_tokenization': {'card_art_id': '',
                                            'provisioning_controls': {'in_app_provisioning': {'address_verification': {'validate': True},
                                                                                              'enabled': False},
                                                                      'manual_entry': {'address_verification': {'validate': True},
                                                                                       'enabled': False},
                                                                      'wallet_provider_card_on_file': {'address_verification': {'validate': True},
                                                                                                       'enabled': False}}},
            'fulfillment': {'all_zero_card_security_code': False,
                            'allow_card_creation': True,
                            'bin_prefix': '111111',
                            'bulk_ship': False,
                            'enable_offline_pin': False,
                            'fulfillment_provider': 'PERFECTPLASTIC',
                            'package_id': '0',
                            'pan_length': '16',
                            'payment_instrument': 'PHYSICAL_MSR',
                            'uppercase_name_lines': True},
            'jit_funding': {'paymentcard_funding_source': {'enabled': False,
                                                           'refunds_destination': ''},
                            'program_funding_source': {'enabled': False,
                                                       'funding_source_token': '',
                                                       'refunds_destination': ''},
                            'programgateway_funding_source': {'always_fund': True,
                                                              'enabled': False,
                                                              'funding_source_token': '',
                                                              'refunds_destination': ''}},
            'poi': {'atm': False,
                    'ecommerce': True,
                    'other': {'allow': True,
                              'card_presence_required': False,
                              'cardholder_presence_required': False}},
            'selective_auth': {'dmd_location_sensitivity': 0,
                               'enable_regex_search_chain': False,
                               'sa_mode': 1},
            'special': {'merchant_on_boarding': False},
            'transaction_controls': {'accepted_countries_token': 'accept_us_only',
                                     'address_verification': {'auth_messages': {'decline_on_address_number_mismatch': False,
                                                                                'decline_on_postal_code_mismatch': False,
                                                                                'validate': True},
                                                              'av_messages': {'decline_on_address_number_mismatch': False,
                                                                              'decline_on_postal_code_mismatch': True,
                                                                              'validate': True}},
                                     'allow_chip_fallback': True,
                                     'allow_first_pin_set_via_financial_transaction': False,
                                     'allow_gpa_auth': True,
                                     'allow_mcc_group_authorization_controls': True,
                                     'allow_network_load': False,
                                     'allow_network_load_card_activation': False,
                                     'allow_quasi_cash': False,
                                     'always_require_icc': False,
                                     'always_require_pin': False,
                                     'enable_partial_auth_approval': True,
                                     'ignore_card_suspended_state': False,
                                     'require_card_not_present_card_security_code': False,
                                     'strong_customer_authentication_limits': {}}},
 'created_time': '2020-12-02T08:20:53Z',
 'end_date': '2019-03-01',
 'last_modified_time': '2020-12-02T08:20:53Z',
 'name': 'TEST_CARD',
 'start_date': '2018-01-01',
 'token': '2eee9514-fb46-4994-a77e-73cbfb7e6cd4'}</msg>
<status status="PASS" starttime="20201202 00:20:57.326" endtime="20201202 00:20:57.328"></status>
</kw>
<status status="PASS" starttime="20201202 00:20:57.040" endtime="20201202 00:20:57.328"></status>
</kw>
<status status="PASS" starttime="20201202 00:20:57.039" endtime="20201202 00:20:57.329" critical="yes"></status>
</test>
<test id="s1-t12" name="SUITE 2 - TEST CASE 5">
<kw name="UNSUCCESSULLY CREATE CARD">
<arguments>
<arg>TEST_CARD</arg>
<arg>${TRUE}</arg>
<arg>2018-01-01</arg>
<arg>2019-13-01</arg>
</arguments>
<kw name="Test Failed Card Product" library="marqeta">
<arguments>
<arg>${name}</arg>
<arg>${active}</arg>
<arg>${startDate}</arg>
<arg>${endDate}</arg>
</arguments>
<assign>
<var>${response}</var>
</assign>
<msg timestamp="20201202 00:20:57.614" level="INFO">${response} = {'error_code': '400045', 'error_message': 'Invalid end date format received'}</msg>
<status status="PASS" starttime="20201202 00:20:57.332" endtime="20201202 00:20:57.614"></status>
</kw>
<kw name="Pretty Print Response" library="marqeta">
<arguments>
<arg>${response}</arg>
</arguments>
<msg timestamp="20201202 00:20:57.615" level="INFO">{'error_code': '400045', 'error_message': 'Invalid end date format received'}</msg>
<status status="PASS" starttime="20201202 00:20:57.614" endtime="20201202 00:20:57.615"></status>
</kw>
<status status="PASS" starttime="20201202 00:20:57.331" endtime="20201202 00:20:57.615"></status>
</kw>
<status status="PASS" starttime="20201202 00:20:57.331" endtime="20201202 00:20:57.616" critical="yes"></status>
</test>
<test id="s1-t13" name="SUITE 2 - TEST CASE 6">
<kw name="UNSUCCESSULLY CREATE CARD">
<arguments>
<arg>TEST_CARD</arg>
<arg>${TRUE}</arg>
<arg>2018-01-01</arg>
<arg>01-01-2019</arg>
</arguments>
<kw name="Test Failed Card Product" library="marqeta">
<arguments>
<arg>${name}</arg>
<arg>${active}</arg>
<arg>${startDate}</arg>
<arg>${endDate}</arg>
</arguments>
<assign>
<var>${response}</var>
</assign>
<msg timestamp="20201202 00:20:57.881" level="INFO">${response} = {'error_code': '400045', 'error_message': 'Invalid end date format received'}</msg>
<status status="PASS" starttime="20201202 00:20:57.618" endtime="20201202 00:20:57.881"></status>
</kw>
<kw name="Pretty Print Response" library="marqeta">
<arguments>
<arg>${response}</arg>
</arguments>
<msg timestamp="20201202 00:20:57.882" level="INFO">{'error_code': '400045', 'error_message': 'Invalid end date format received'}</msg>
<status status="PASS" starttime="20201202 00:20:57.881" endtime="20201202 00:20:57.882"></status>
</kw>
<status status="PASS" starttime="20201202 00:20:57.617" endtime="20201202 00:20:57.882"></status>
</kw>
<status status="PASS" starttime="20201202 00:20:57.617" endtime="20201202 00:20:57.883" critical="yes"></status>
</test>
<test id="s1-t14" name="SUITE 3 - TEST CASE 1">
<kw name="SUCCESSULLY CREATE CARD">
<arguments>
<arg>TESTING CARD</arg>
<arg>${TRUE}</arg>
<arg>2018-01-01</arg>
<arg>2020-12-12</arg>
</arguments>
<kw name="Test Success Card Product" library="marqeta">
<arguments>
<arg>${name}</arg>
<arg>${active}</arg>
<arg>${startDate}</arg>
<arg>${endDate}</arg>
</arguments>
<assign>
<var>${response}</var>
</assign>
<msg timestamp="20201202 00:20:58.163" level="INFO">${response} = {'token': '389648da-b857-463d-9589-5f1849371db4', 'name': 'TESTING CARD', 'active': True, 'start_date': '2018-01-01', 'end_date': '2020-12-12', 'config': {'poi': {'other': {'allow': True, 'card_presen...</msg>
<status status="PASS" starttime="20201202 00:20:57.885" endtime="20201202 00:20:58.163"></status>
</kw>
<kw name="Pretty Print Response" library="marqeta">
<arguments>
<arg>${response}</arg>
</arguments>
<msg timestamp="20201202 00:20:58.165" level="INFO">{'active': True,
 'config': {'card_life_cycle': {'activate_upon_issue': False,
                                'card_service_code': 101,
                                'expiration_offset': {'unit': 'YEARS',
                                                      'value': 4},
                                'update_expiration_upon_activation': False},
            'clearing_and_settlement': {'overdraft_destination': 'GPA'},
            'digital_wallet_tokenization': {'card_art_id': '',
                                            'provisioning_controls': {'in_app_provisioning': {'address_verification': {'validate': True},
                                                                                              'enabled': False},
                                                                      'manual_entry': {'address_verification': {'validate': True},
                                                                                       'enabled': False},
                                                                      'wallet_provider_card_on_file': {'address_verification': {'validate': True},
                                                                                                       'enabled': False}}},
            'fulfillment': {'all_zero_card_security_code': False,
                            'allow_card_creation': True,
                            'bin_prefix': '111111',
                            'bulk_ship': False,
                            'enable_offline_pin': False,
                            'fulfillment_provider': 'PERFECTPLASTIC',
                            'package_id': '0',
                            'pan_length': '16',
                            'payment_instrument': 'PHYSICAL_MSR',
                            'uppercase_name_lines': True},
            'jit_funding': {'paymentcard_funding_source': {'enabled': False,
                                                           'refunds_destination': ''},
                            'program_funding_source': {'enabled': False,
                                                       'funding_source_token': '',
                                                       'refunds_destination': ''},
                            'programgateway_funding_source': {'always_fund': True,
                                                              'enabled': False,
                                                              'funding_source_token': '',
                                                              'refunds_destination': ''}},
            'poi': {'atm': False,
                    'ecommerce': True,
                    'other': {'allow': True,
                              'card_presence_required': False,
                              'cardholder_presence_required': False}},
            'selective_auth': {'dmd_location_sensitivity': 0,
                               'enable_regex_search_chain': False,
                               'sa_mode': 1},
            'special': {'merchant_on_boarding': False},
            'transaction_controls': {'accepted_countries_token': 'accept_us_only',
                                     'address_verification': {'auth_messages': {'decline_on_address_number_mismatch': False,
                                                                                'decline_on_postal_code_mismatch': False,
                                                                                'validate': True},
                                                              'av_messages': {'decline_on_address_number_mismatch': False,
                                                                              'decline_on_postal_code_mismatch': True,
                                                                              'validate': True}},
                                     'allow_chip_fallback': True,
                                     'allow_first_pin_set_via_financial_transaction': False,
                                     'allow_gpa_auth': True,
                                     'allow_mcc_group_authorization_controls': True,
                                     'allow_network_load': False,
                                     'allow_network_load_card_activation': False,
                                     'allow_quasi_cash': False,
                                     'always_require_icc': False,
                                     'always_require_pin': False,
                                     'enable_partial_auth_approval': True,
                                     'ignore_card_suspended_state': False,
                                     'require_card_not_present_card_security_code': False,
                                     'strong_customer_authentication_limits': {}}},
 'created_time': '2020-12-02T08:20:54Z',
 'end_date': '2020-12-12',
 'last_modified_time': '2020-12-02T08:20:54Z',
 'name': 'TESTING CARD',
 'start_date': '2018-01-01',
 'token': '389648da-b857-463d-9589-5f1849371db4'}</msg>
<status status="PASS" starttime="20201202 00:20:58.163" endtime="20201202 00:20:58.165"></status>
</kw>
<status status="PASS" starttime="20201202 00:20:57.885" endtime="20201202 00:20:58.165"></status>
</kw>
<status status="PASS" starttime="20201202 00:20:57.884" endtime="20201202 00:20:58.166" critical="yes"></status>
</test>
<test id="s1-t15" name="SUITE 3 - TEST CASE 2">
<kw name="SUCCESSULLY CREATE CARD">
<arguments>
<arg>testing card</arg>
<arg>${TRUE}</arg>
<arg>2018-01-01</arg>
<arg>2020-12-12</arg>
</arguments>
<kw name="Test Success Card Product" library="marqeta">
<arguments>
<arg>${name}</arg>
<arg>${active}</arg>
<arg>${startDate}</arg>
<arg>${endDate}</arg>
</arguments>
<assign>
<var>${response}</var>
</assign>
<msg timestamp="20201202 00:20:58.491" level="INFO">${response} = {'token': '273d9c41-0963-473e-be3a-a22021dd6e75', 'name': 'testing card', 'active': True, 'start_date': '2018-01-01', 'end_date': '2020-12-12', 'config': {'poi': {'other': {'allow': True, 'card_presen...</msg>
<status status="PASS" starttime="20201202 00:20:58.168" endtime="20201202 00:20:58.492"></status>
</kw>
<kw name="Pretty Print Response" library="marqeta">
<arguments>
<arg>${response}</arg>
</arguments>
<msg timestamp="20201202 00:20:58.494" level="INFO">{'active': True,
 'config': {'card_life_cycle': {'activate_upon_issue': False,
                                'card_service_code': 101,
                                'expiration_offset': {'unit': 'YEARS',
                                                      'value': 4},
                                'update_expiration_upon_activation': False},
            'clearing_and_settlement': {'overdraft_destination': 'GPA'},
            'digital_wallet_tokenization': {'card_art_id': '',
                                            'provisioning_controls': {'in_app_provisioning': {'address_verification': {'validate': True},
                                                                                              'enabled': False},
                                                                      'manual_entry': {'address_verification': {'validate': True},
                                                                                       'enabled': False},
                                                                      'wallet_provider_card_on_file': {'address_verification': {'validate': True},
                                                                                                       'enabled': False}}},
            'fulfillment': {'all_zero_card_security_code': False,
                            'allow_card_creation': True,
                            'bin_prefix': '111111',
                            'bulk_ship': False,
                            'enable_offline_pin': False,
                            'fulfillment_provider': 'PERFECTPLASTIC',
                            'package_id': '0',
                            'pan_length': '16',
                            'payment_instrument': 'PHYSICAL_MSR',
                            'uppercase_name_lines': True},
            'jit_funding': {'paymentcard_funding_source': {'enabled': False,
                                                           'refunds_destination': ''},
                            'program_funding_source': {'enabled': False,
                                                       'funding_source_token': '',
                                                       'refunds_destination': ''},
                            'programgateway_funding_source': {'always_fund': True,
                                                              'enabled': False,
                                                              'funding_source_token': '',
                                                              'refunds_destination': ''}},
            'poi': {'atm': False,
                    'ecommerce': True,
                    'other': {'allow': True,
                              'card_presence_required': False,
                              'cardholder_presence_required': False}},
            'selective_auth': {'dmd_location_sensitivity': 0,
                               'enable_regex_search_chain': False,
                               'sa_mode': 1},
            'special': {'merchant_on_boarding': False},
            'transaction_controls': {'accepted_countries_token': 'accept_us_only',
                                     'address_verification': {'auth_messages': {'decline_on_address_number_mismatch': False,
                                                                                'decline_on_postal_code_mismatch': False,
                                                                                'validate': True},
                                                              'av_messages': {'decline_on_address_number_mismatch': False,
                                                                              'decline_on_postal_code_mismatch': True,
                                                                              'validate': True}},
                                     'allow_chip_fallback': True,
                                     'allow_first_pin_set_via_financial_transaction': False,
                                     'allow_gpa_auth': True,
                                     'allow_mcc_group_authorization_controls': True,
                                     'allow_network_load': False,
                                     'allow_network_load_card_activation': False,
                                     'allow_quasi_cash': False,
                                     'always_require_icc': False,
                                     'always_require_pin': False,
                                     'enable_partial_auth_approval': True,
                                     'ignore_card_suspended_state': False,
                                     'require_card_not_present_card_security_code': False,
                                     'strong_customer_authentication_limits': {}}},
 'created_time': '2020-12-02T08:20:54Z',
 'end_date': '2020-12-12',
 'last_modified_time': '2020-12-02T08:20:54Z',
 'name': 'testing card',
 'start_date': '2018-01-01',
 'token': '273d9c41-0963-473e-be3a-a22021dd6e75'}</msg>
<status status="PASS" starttime="20201202 00:20:58.492" endtime="20201202 00:20:58.494"></status>
</kw>
<status status="PASS" starttime="20201202 00:20:58.168" endtime="20201202 00:20:58.494"></status>
</kw>
<status status="PASS" starttime="20201202 00:20:58.167" endtime="20201202 00:20:58.495" critical="yes"></status>
</test>
<test id="s1-t16" name="SUITE 3 - TEST CASE 3">
<kw name="SUCCESSULLY CREATE CARD">
<arguments>
<arg>Testing Card</arg>
<arg>${TRUE}</arg>
<arg>2018-01-01</arg>
<arg>2020-12-12</arg>
</arguments>
<kw name="Test Success Card Product" library="marqeta">
<arguments>
<arg>${name}</arg>
<arg>${active}</arg>
<arg>${startDate}</arg>
<arg>${endDate}</arg>
</arguments>
<assign>
<var>${response}</var>
</assign>
<msg timestamp="20201202 00:20:58.877" level="INFO">${response} = {'token': '948a945d-8a7b-4605-b1cc-7b7a4a05021a', 'name': 'Testing Card', 'active': True, 'start_date': '2018-01-01', 'end_date': '2020-12-12', 'config': {'poi': {'other': {'allow': True, 'card_presen...</msg>
<status status="PASS" starttime="20201202 00:20:58.497" endtime="20201202 00:20:58.877"></status>
</kw>
<kw name="Pretty Print Response" library="marqeta">
<arguments>
<arg>${response}</arg>
</arguments>
<msg timestamp="20201202 00:20:58.880" level="INFO">{'active': True,
 'config': {'card_life_cycle': {'activate_upon_issue': False,
                                'card_service_code': 101,
                                'expiration_offset': {'unit': 'YEARS',
                                                      'value': 4},
                                'update_expiration_upon_activation': False},
            'clearing_and_settlement': {'overdraft_destination': 'GPA'},
            'digital_wallet_tokenization': {'card_art_id': '',
                                            'provisioning_controls': {'in_app_provisioning': {'address_verification': {'validate': True},
                                                                                              'enabled': False},
                                                                      'manual_entry': {'address_verification': {'validate': True},
                                                                                       'enabled': False},
                                                                      'wallet_provider_card_on_file': {'address_verification': {'validate': True},
                                                                                                       'enabled': False}}},
            'fulfillment': {'all_zero_card_security_code': False,
                            'allow_card_creation': True,
                            'bin_prefix': '111111',
                            'bulk_ship': False,
                            'enable_offline_pin': False,
                            'fulfillment_provider': 'PERFECTPLASTIC',
                            'package_id': '0',
                            'pan_length': '16',
                            'payment_instrument': 'PHYSICAL_MSR',
                            'uppercase_name_lines': True},
            'jit_funding': {'paymentcard_funding_source': {'enabled': False,
                                                           'refunds_destination': ''},
                            'program_funding_source': {'enabled': False,
                                                       'funding_source_token': '',
                                                       'refunds_destination': ''},
                            'programgateway_funding_source': {'always_fund': True,
                                                              'enabled': False,
                                                              'funding_source_token': '',
                                                              'refunds_destination': ''}},
            'poi': {'atm': False,
                    'ecommerce': True,
                    'other': {'allow': True,
                              'card_presence_required': False,
                              'cardholder_presence_required': False}},
            'selective_auth': {'dmd_location_sensitivity': 0,
                               'enable_regex_search_chain': False,
                               'sa_mode': 1},
            'special': {'merchant_on_boarding': False},
            'transaction_controls': {'accepted_countries_token': 'accept_us_only',
                                     'address_verification': {'auth_messages': {'decline_on_address_number_mismatch': False,
                                                                                'decline_on_postal_code_mismatch': False,
                                                                                'validate': True},
                                                              'av_messages': {'decline_on_address_number_mismatch': False,
                                                                              'decline_on_postal_code_mismatch': True,
                                                                              'validate': True}},
                                     'allow_chip_fallback': True,
                                     'allow_first_pin_set_via_financial_transaction': False,
                                     'allow_gpa_auth': True,
                                     'allow_mcc_group_authorization_controls': True,
                                     'allow_network_load': False,
                                     'allow_network_load_card_activation': False,
                                     'allow_quasi_cash': False,
                                     'always_require_icc': False,
                                     'always_require_pin': False,
                                     'enable_partial_auth_approval': True,
                                     'ignore_card_suspended_state': False,
                                     'require_card_not_present_card_security_code': False,
                                     'strong_customer_authentication_limits': {}}},
 'created_time': '2020-12-02T08:20:54Z',
 'end_date': '2020-12-12',
 'last_modified_time': '2020-12-02T08:20:54Z',
 'name': 'Testing Card',
 'start_date': '2018-01-01',
 'token': '948a945d-8a7b-4605-b1cc-7b7a4a05021a'}</msg>
<status status="PASS" starttime="20201202 00:20:58.877" endtime="20201202 00:20:58.880"></status>
</kw>
<status status="PASS" starttime="20201202 00:20:58.497" endtime="20201202 00:20:58.880"></status>
</kw>
<status status="PASS" starttime="20201202 00:20:58.496" endtime="20201202 00:20:58.881" critical="yes"></status>
</test>
<test id="s1-t17" name="SUITE 3 - TEST CASE 4">
<kw name="SUCCESSULLY CREATE CARD">
<arguments>
<arg>$Testing $Card</arg>
<arg>${TRUE}</arg>
<arg>2018-01-01</arg>
<arg>2020-12-12</arg>
</arguments>
<kw name="Test Success Card Product" library="marqeta">
<arguments>
<arg>${name}</arg>
<arg>${active}</arg>
<arg>${startDate}</arg>
<arg>${endDate}</arg>
</arguments>
<assign>
<var>${response}</var>
</assign>
<msg timestamp="20201202 00:20:59.153" level="INFO">${response} = {'token': 'af324493-78bf-412a-b091-49bc9d969092', 'name': '$Testing $Card', 'active': True, 'start_date': '2018-01-01', 'end_date': '2020-12-12', 'config': {'poi': {'other': {'allow': True, 'card_pres...</msg>
<status status="PASS" starttime="20201202 00:20:58.883" endtime="20201202 00:20:59.153"></status>
</kw>
<kw name="Pretty Print Response" library="marqeta">
<arguments>
<arg>${response}</arg>
</arguments>
<msg timestamp="20201202 00:20:59.156" level="INFO">{'active': True,
 'config': {'card_life_cycle': {'activate_upon_issue': False,
                                'card_service_code': 101,
                                'expiration_offset': {'unit': 'YEARS',
                                                      'value': 4},
                                'update_expiration_upon_activation': False},
            'clearing_and_settlement': {'overdraft_destination': 'GPA'},
            'digital_wallet_tokenization': {'card_art_id': '',
                                            'provisioning_controls': {'in_app_provisioning': {'address_verification': {'validate': True},
                                                                                              'enabled': False},
                                                                      'manual_entry': {'address_verification': {'validate': True},
                                                                                       'enabled': False},
                                                                      'wallet_provider_card_on_file': {'address_verification': {'validate': True},
                                                                                                       'enabled': False}}},
            'fulfillment': {'all_zero_card_security_code': False,
                            'allow_card_creation': True,
                            'bin_prefix': '111111',
                            'bulk_ship': False,
                            'enable_offline_pin': False,
                            'fulfillment_provider': 'PERFECTPLASTIC',
                            'package_id': '0',
                            'pan_length': '16',
                            'payment_instrument': 'PHYSICAL_MSR',
                            'uppercase_name_lines': True},
            'jit_funding': {'paymentcard_funding_source': {'enabled': False,
                                                           'refunds_destination': ''},
                            'program_funding_source': {'enabled': False,
                                                       'funding_source_token': '',
                                                       'refunds_destination': ''},
                            'programgateway_funding_source': {'always_fund': True,
                                                              'enabled': False,
                                                              'funding_source_token': '',
                                                              'refunds_destination': ''}},
            'poi': {'atm': False,
                    'ecommerce': True,
                    'other': {'allow': True,
                              'card_presence_required': False,
                              'cardholder_presence_required': False}},
            'selective_auth': {'dmd_location_sensitivity': 0,
                               'enable_regex_search_chain': False,
                               'sa_mode': 1},
            'special': {'merchant_on_boarding': False},
            'transaction_controls': {'accepted_countries_token': 'accept_us_only',
                                     'address_verification': {'auth_messages': {'decline_on_address_number_mismatch': False,
                                                                                'decline_on_postal_code_mismatch': False,
                                                                                'validate': True},
                                                              'av_messages': {'decline_on_address_number_mismatch': False,
                                                                              'decline_on_postal_code_mismatch': True,
                                                                              'validate': True}},
                                     'allow_chip_fallback': True,
                                     'allow_first_pin_set_via_financial_transaction': False,
                                     'allow_gpa_auth': True,
                                     'allow_mcc_group_authorization_controls': True,
                                     'allow_network_load': False,
                                     'allow_network_load_card_activation': False,
                                     'allow_quasi_cash': False,
                                     'always_require_icc': False,
                                     'always_require_pin': False,
                                     'enable_partial_auth_approval': True,
                                     'ignore_card_suspended_state': False,
                                     'require_card_not_present_card_security_code': False,
                                     'strong_customer_authentication_limits': {}}},
 'created_time': '2020-12-02T08:20:55Z',
 'end_date': '2020-12-12',
 'last_modified_time': '2020-12-02T08:20:55Z',
 'name': '$Testing $Card',
 'start_date': '2018-01-01',
 'token': 'af324493-78bf-412a-b091-49bc9d969092'}</msg>
<status status="PASS" starttime="20201202 00:20:59.153" endtime="20201202 00:20:59.156"></status>
</kw>
<status status="PASS" starttime="20201202 00:20:58.883" endtime="20201202 00:20:59.156"></status>
</kw>
<status status="PASS" starttime="20201202 00:20:58.882" endtime="20201202 00:20:59.157" critical="yes"></status>
</test>
<test id="s1-t18" name="SUITE 3 - TEST CASE 5">
<kw name="SUCCESSULLY CREATE CARD">
<arguments>
<arg>Testing_Card</arg>
<arg>${TRUE}</arg>
<arg>2018-01-01</arg>
<arg>2020-12-12</arg>
</arguments>
<kw name="Test Success Card Product" library="marqeta">
<arguments>
<arg>${name}</arg>
<arg>${active}</arg>
<arg>${startDate}</arg>
<arg>${endDate}</arg>
</arguments>
<assign>
<var>${response}</var>
</assign>
<msg timestamp="20201202 00:20:59.441" level="INFO">${response} = {'token': '3327d128-327b-4c72-b49b-079a9f527e67', 'name': 'Testing_Card', 'active': True, 'start_date': '2018-01-01', 'end_date': '2020-12-12', 'config': {'poi': {'other': {'allow': True, 'card_presen...</msg>
<status status="PASS" starttime="20201202 00:20:59.159" endtime="20201202 00:20:59.441"></status>
</kw>
<kw name="Pretty Print Response" library="marqeta">
<arguments>
<arg>${response}</arg>
</arguments>
<msg timestamp="20201202 00:20:59.443" level="INFO">{'active': True,
 'config': {'card_life_cycle': {'activate_upon_issue': False,
                                'card_service_code': 101,
                                'expiration_offset': {'unit': 'YEARS',
                                                      'value': 4},
                                'update_expiration_upon_activation': False},
            'clearing_and_settlement': {'overdraft_destination': 'GPA'},
            'digital_wallet_tokenization': {'card_art_id': '',
                                            'provisioning_controls': {'in_app_provisioning': {'address_verification': {'validate': True},
                                                                                              'enabled': False},
                                                                      'manual_entry': {'address_verification': {'validate': True},
                                                                                       'enabled': False},
                                                                      'wallet_provider_card_on_file': {'address_verification': {'validate': True},
                                                                                                       'enabled': False}}},
            'fulfillment': {'all_zero_card_security_code': False,
                            'allow_card_creation': True,
                            'bin_prefix': '111111',
                            'bulk_ship': False,
                            'enable_offline_pin': False,
                            'fulfillment_provider': 'PERFECTPLASTIC',
                            'package_id': '0',
                            'pan_length': '16',
                            'payment_instrument': 'PHYSICAL_MSR',
                            'uppercase_name_lines': True},
            'jit_funding': {'paymentcard_funding_source': {'enabled': False,
                                                           'refunds_destination': ''},
                            'program_funding_source': {'enabled': False,
                                                       'funding_source_token': '',
                                                       'refunds_destination': ''},
                            'programgateway_funding_source': {'always_fund': True,
                                                              'enabled': False,
                                                              'funding_source_token': '',
                                                              'refunds_destination': ''}},
            'poi': {'atm': False,
                    'ecommerce': True,
                    'other': {'allow': True,
                              'card_presence_required': False,
                              'cardholder_presence_required': False}},
            'selective_auth': {'dmd_location_sensitivity': 0,
                               'enable_regex_search_chain': False,
                               'sa_mode': 1},
            'special': {'merchant_on_boarding': False},
            'transaction_controls': {'accepted_countries_token': 'accept_us_only',
                                     'address_verification': {'auth_messages': {'decline_on_address_number_mismatch': False,
                                                                                'decline_on_postal_code_mismatch': False,
                                                                                'validate': True},
                                                              'av_messages': {'decline_on_address_number_mismatch': False,
                                                                              'decline_on_postal_code_mismatch': True,
                                                                              'validate': True}},
                                     'allow_chip_fallback': True,
                                     'allow_first_pin_set_via_financial_transaction': False,
                                     'allow_gpa_auth': True,
                                     'allow_mcc_group_authorization_controls': True,
                                     'allow_network_load': False,
                                     'allow_network_load_card_activation': False,
                                     'allow_quasi_cash': False,
                                     'always_require_icc': False,
                                     'always_require_pin': False,
                                     'enable_partial_auth_approval': True,
                                     'ignore_card_suspended_state': False,
                                     'require_card_not_present_card_security_code': False,
                                     'strong_customer_authentication_limits': {}}},
 'created_time': '2020-12-02T08:20:55Z',
 'end_date': '2020-12-12',
 'last_modified_time': '2020-12-02T08:20:55Z',
 'name': 'Testing_Card',
 'start_date': '2018-01-01',
 'token': '3327d128-327b-4c72-b49b-079a9f527e67'}</msg>
<status status="PASS" starttime="20201202 00:20:59.441" endtime="20201202 00:20:59.443"></status>
</kw>
<status status="PASS" starttime="20201202 00:20:59.159" endtime="20201202 00:20:59.444"></status>
</kw>
<status status="PASS" starttime="20201202 00:20:59.158" endtime="20201202 00:20:59.444" critical="yes"></status>
</test>
<test id="s1-t19" name="SUITE 3 - TEST CASE 6">
<kw name="SUCCESSULLY CREATE CARD">
<arguments>
<arg>T</arg>
<arg>${TRUE}</arg>
<arg>2018-01-01</arg>
<arg>2020-12-12</arg>
</arguments>
<kw name="Test Success Card Product" library="marqeta">
<arguments>
<arg>${name}</arg>
<arg>${active}</arg>
<arg>${startDate}</arg>
<arg>${endDate}</arg>
</arguments>
<assign>
<var>${response}</var>
</assign>
<msg timestamp="20201202 00:20:59.712" level="INFO">${response} = {'token': '47188eb8-9ac7-43f7-b94b-bbfb8df5810e', 'name': 'T', 'active': True, 'start_date': '2018-01-01', 'end_date': '2020-12-12', 'config': {'poi': {'other': {'allow': True, 'card_presence_required...</msg>
<status status="PASS" starttime="20201202 00:20:59.447" endtime="20201202 00:20:59.712"></status>
</kw>
<kw name="Pretty Print Response" library="marqeta">
<arguments>
<arg>${response}</arg>
</arguments>
<msg timestamp="20201202 00:20:59.714" level="INFO">{'active': True,
 'config': {'card_life_cycle': {'activate_upon_issue': False,
                                'card_service_code': 101,
                                'expiration_offset': {'unit': 'YEARS',
                                                      'value': 4},
                                'update_expiration_upon_activation': False},
            'clearing_and_settlement': {'overdraft_destination': 'GPA'},
            'digital_wallet_tokenization': {'card_art_id': '',
                                            'provisioning_controls': {'in_app_provisioning': {'address_verification': {'validate': True},
                                                                                              'enabled': False},
                                                                      'manual_entry': {'address_verification': {'validate': True},
                                                                                       'enabled': False},
                                                                      'wallet_provider_card_on_file': {'address_verification': {'validate': True},
                                                                                                       'enabled': False}}},
            'fulfillment': {'all_zero_card_security_code': False,
                            'allow_card_creation': True,
                            'bin_prefix': '111111',
                            'bulk_ship': False,
                            'enable_offline_pin': False,
[...]
            'fulfillment': {'all_zero_card_security_code': False,
                            'allow_card_creation': True,
                            'bin_prefix': '111111',
                            'bulk_ship': False,
                            'enable_offline_pin': False,
                            'fulfillment_provider': 'PERFECTPLASTIC',
                            'package_id': '0',
                            'pan_length': '16',
                            'payment_instrument': 'PHYSICAL_MSR',
                            'uppercase_name_lines': True},
            'jit_funding': {'paymentcard_funding_source': {'enabled': False,
                                                           'refunds_destination': ''},
                            'program_funding_source': {'enabled': False,
                                                       'funding_source_token': '',
                                                       'refunds_destination': ''},
                            'programgateway_funding_source': {'always_fund': True,
                                                              'enabled': False,
                                                              'funding_source_token': '',
                                                              'refunds_destination': ''}},
            'poi': {'atm': False,
                    'ecommerce': True,
                    'other': {'allow': True,
                              'card_presence_required': False,
                              'cardholder_presence_required': False}},
            'selective_auth': {'dmd_location_sensitivity': 0,
                               'enable_regex_search_chain': False,
                               'sa_mode': 1},
            'special': {'merchant_on_boarding': False},
            'transaction_controls': {'accepted_countries_token': 'accept_us_only',
                                     'address_verification': {'auth_messages': {'decline_on_address_number_mismatch': False,
                                                                                'decline_on_postal_code_mismatch': False,
                                                                                'validate': True},
                                                              'av_messages': {'decline_on_address_number_mismatch': False,
                                                                              'decline_on_postal_code_mismatch': True,
                                                                              'validate': True}},
                                     'allow_chip_fallback': True,
                                     'allow_first_pin_set_via_financial_transaction': False,
                                     'allow_gpa_auth': True,
                                     'allow_mcc_group_authorization_controls': True,
                                     'allow_network_load': False,
                                     'allow_network_load_card_activation': False,
                                     'allow_quasi_cash': False,
                                     'always_require_icc': False,
                                     'always_require_pin': False,
                                     'enable_partial_auth_approval': True,
                                     'ignore_card_suspended_state': False,
                                     'require_card_not_present_card_security_code': False,
                                     'strong_customer_authentication_limits': {}}},
 'created_time': '2020-12-02T08:20:56Z',
 'end_date': '2020-12-12',
 'last_modified_time': '2020-12-02T08:20:56Z',
 'name': 'Testing_Card_Testing_Card_Testing_Card_T',
 'start_date': '2018-01-01',
 'token': '095b9a0c-d65a-4df8-94f4-a3538167d2a5'}</msg>
<status status="PASS" starttime="20201202 00:21:00.271" endtime="20201202 00:21:00.274"></status>
</kw>
<status status="PASS" starttime="20201202 00:20:59.991" endtime="20201202 00:21:00.274"></status>
</kw>
<status status="PASS" starttime="20201202 00:20:59.990" endtime="20201202 00:21:00.274" critical="yes"></status>
</test>
<test id="s1-t22" name="SUITE 3 - TEST CASE 9">
<kw name="UNSUCCESSULLY CREATE CARD">
<arguments>
<arg>Testing_Card_Testing_Card_Testing_Card_Te</arg>
<arg>${TRUE}</arg>
<arg>2018-01-01</arg>
<arg>2020-12-12</arg>
</arguments>
<kw name="Test Failed Card Product" library="marqeta">
<arguments>
<arg>${name}</arg>
<arg>${active}</arg>
<arg>${startDate}</arg>
<arg>${endDate}</arg>
</arguments>
<assign>
<var>${response}</var>
</assign>
<msg timestamp="20201202 00:21:00.534" level="INFO">${response} = {'error_code': '400001', 'error_message': 'Invalid input(s): name size must be between 1 and 40'}</msg>
<status status="PASS" starttime="20201202 00:21:00.277" endtime="20201202 00:21:00.534"></status>
</kw>
<kw name="Pretty Print Response" library="marqeta">
<arguments>
<arg>${response}</arg>
</arguments>
<msg timestamp="20201202 00:21:00.534" level="INFO">{'error_code': '400001',
 'error_message': 'Invalid input(s): name size must be between 1 and 40'}</msg>
<status status="PASS" starttime="20201202 00:21:00.534" endtime="20201202 00:21:00.534"></status>
</kw>
<status status="PASS" starttime="20201202 00:21:00.276" endtime="20201202 00:21:00.534"></status>
</kw>
<status status="PASS" starttime="20201202 00:21:00.276" endtime="20201202 00:21:00.535" critical="yes"></status>
</test>
<test id="s1-t23" name="SUITE 4 - TEST CASE 1">
<kw name="SUCCESSULLY CREATE CARD">
<arguments>
<arg>TEST_CARD</arg>
<arg>${TRUE}</arg>
<arg>2018-01-01</arg>
<arg>2020-12-12</arg>
</arguments>
<kw name="Test Success Card Product" library="marqeta">
<arguments>
<arg>${name}</arg>
<arg>${active}</arg>
<arg>${startDate}</arg>
<arg>${endDate}</arg>
</arguments>
<assign>
<var>${response}</var>
</assign>
<msg timestamp="20201202 00:21:00.798" level="INFO">${response} = {'token': '4047cfae-6874-4bb4-8c43-ad64d051f5fa', 'name': 'TEST_CARD', 'active': True, 'start_date': '2018-01-01', 'end_date': '2020-12-12', 'config': {'poi': {'other': {'allow': True, 'card_presence_...</msg>
<status status="PASS" starttime="20201202 00:21:00.537" endtime="20201202 00:21:00.798"></status>
</kw>
<kw name="Pretty Print Response" library="marqeta">
<arguments>
<arg>${response}</arg>
</arguments>
<msg timestamp="20201202 00:21:00.800" level="INFO">{'active': True,
 'config': {'card_life_cycle': {'activate_upon_issue': False,
                                'card_service_code': 101,
                                'expiration_offset': {'unit': 'YEARS',
                                                      'value': 4},
                                'update_expiration_upon_activation': False},
            'clearing_and_settlement': {'overdraft_destination': 'GPA'},
            'digital_wallet_tokenization': {'card_art_id': '',
                                            'provisioning_controls': {'in_app_provisioning': {'address_verification': {'validate': True},
                                                                                              'enabled': False},
                                                                      'manual_entry': {'address_verification': {'validate': True},
                                                                                       'enabled': False},
                                                                      'wallet_provider_card_on_file': {'address_verification': {'validate': True},
                                                                                                       'enabled': False}}},
            'fulfillment': {'all_zero_card_security_code': False,
                            'allow_card_creation': True,
                            'bin_prefix': '111111',
                            'bulk_ship': False,
                            'enable_offline_pin': False,
                            'fulfillment_provider': 'PERFECTPLASTIC',
                            'package_id': '0',
                            'pan_length': '16',
                            'payment_instrument': 'PHYSICAL_MSR',
                            'uppercase_name_lines': True},
            'jit_funding': {'paymentcard_funding_source': {'enabled': False,
                                                           'refunds_destination': ''},
                            'program_funding_source': {'enabled': False,
                                                       'funding_source_token': '',
                                                       'refunds_destination': ''},
                            'programgateway_funding_source': {'always_fund': True,
                                                              'enabled': False,
                                                              'funding_source_token': '',
                                                              'refunds_destination': ''}},
            'poi': {'atm': False,
                    'ecommerce': True,
                    'other': {'allow': True,
                              'card_presence_required': False,
                              'cardholder_presence_required': False}},
            'selective_auth': {'dmd_location_sensitivity': 0,
                               'enable_regex_search_chain': False,
                               'sa_mode': 1},
            'special': {'merchant_on_boarding': False},
            'transaction_controls': {'accepted_countries_token': 'accept_us_only',
                                     'address_verification': {'auth_messages': {'decline_on_address_number_mismatch': False,
                                                                                'decline_on_postal_code_mismatch': False,
                                                                                'validate': True},
                                                              'av_messages': {'decline_on_address_number_mismatch': False,
                                                                              'decline_on_postal_code_mismatch': True,
                                                                              'validate': True}},
                                     'allow_chip_fallback': True,
                                     'allow_first_pin_set_via_financial_transaction': False,
                                     'allow_gpa_auth': True,
                                     'allow_mcc_group_authorization_controls': True,
                                     'allow_network_load': False,
                                     'allow_network_load_card_activation': False,
                                     'allow_quasi_cash': False,
                                     'always_require_icc': False,
                                     'always_require_pin': False,
                                     'enable_partial_auth_approval': True,
                                     'ignore_card_suspended_state': False,
                                     'require_card_not_present_card_security_code': False,
                                     'strong_customer_authentication_limits': {}}},
 'created_time': '2020-12-02T08:20:56Z',
 'end_date': '2020-12-12',
 'last_modified_time': '2020-12-02T08:20:56Z',
 'name': 'TEST_CARD',
 'start_date': '2018-01-01',
 'token': '4047cfae-6874-4bb4-8c43-ad64d051f5fa'}</msg>
<status status="PASS" starttime="20201202 00:21:00.798" endtime="20201202 00:21:00.800"></status>
</kw>
<status status="PASS" starttime="20201202 00:21:00.537" endtime="20201202 00:21:00.800"></status>
</kw>
<status status="PASS" starttime="20201202 00:21:00.536" endtime="20201202 00:21:00.801" critical="yes"></status>
</test>
<test id="s1-t24" name="SUITE 4 - TEST CASE 2">
<kw name="SUCCESSULLY CREATE CARD">
<arguments>
<arg>TEST_CARD</arg>
<arg>${TRUE}</arg>
<arg>2018-01-01</arg>
<arg>2020-12-12</arg>
</arguments>
<kw name="Test Success Card Product" library="marqeta">
<arguments>
<arg>${name}</arg>
<arg>${active}</arg>
<arg>${startDate}</arg>
<arg>${endDate}</arg>
</arguments>
<assign>
<var>${response}</var>
</assign>
<msg timestamp="20201202 00:21:01.076" level="INFO">${response} = {'token': 'e0ced6e8-76a4-430f-9173-2c1727475a5f', 'name': 'TEST_CARD', 'active': True, 'start_date': '2018-01-01', 'end_date': '2020-12-12', 'config': {'poi': {'other': {'allow': True, 'card_presence_...</msg>
<status status="PASS" starttime="20201202 00:21:00.804" endtime="20201202 00:21:01.076"></status>
</kw>
<kw name="Pretty Print Response" library="marqeta">
<arguments>
<arg>${response}</arg>
</arguments>
<msg timestamp="20201202 00:21:01.078" level="INFO">{'active': True,
 'config': {'card_life_cycle': {'activate_upon_issue': False,
                                'card_service_code': 101,
                                'expiration_offset': {'unit': 'YEARS',
                                                      'value': 4},
                                'update_expiration_upon_activation': False},
            'clearing_and_settlement': {'overdraft_destination': 'GPA'},
            'digital_wallet_tokenization': {'card_art_id': '',
                                            'provisioning_controls': {'in_app_provisioning': {'address_verification': {'validate': True},
                                                                                              'enabled': False},
                                                                      'manual_entry': {'address_verification': {'validate': True},
                                                                                       'enabled': False},
                                                                      'wallet_provider_card_on_file': {'address_verification': {'validate': True},
                                                                                                       'enabled': False}}},
            'fulfillment': {'all_zero_card_security_code': False,
                            'allow_card_creation': True,
                            'bin_prefix': '111111',
                            'bulk_ship': False,
                            'enable_offline_pin': False,
                            'fulfillment_provider': 'PERFECTPLASTIC',
                            'package_id': '0',
                            'pan_length': '16',
                            'payment_instrument': 'PHYSICAL_MSR',
                            'uppercase_name_lines': True},
            'jit_funding': {'paymentcard_funding_source': {'enabled': False,
                                                           'refunds_destination': ''},
                            'program_funding_source': {'enabled': False,
                                                       'funding_source_token': '',
                                                       'refunds_destination': ''},
                            'programgateway_funding_source': {'always_fund': True,
                                                              'enabled': False,
                                                              'funding_source_token': '',
                                                              'refunds_destination': ''}},
            'poi': {'atm': False,
                    'ecommerce': True,
                    'other': {'allow': True,
                              'card_presence_required': False,
                              'cardholder_presence_required': False}},
            'selective_auth': {'dmd_location_sensitivity': 0,
                               'enable_regex_search_chain': False,
                               'sa_mode': 1},
            'special': {'merchant_on_boarding': False},
            'transaction_controls': {'accepted_countries_token': 'accept_us_only',
                                     'address_verification': {'auth_messages': {'decline_on_address_number_mismatch': False,
                                                                                'decline_on_postal_code_mismatch': False,
                                                                                'validate': True},
                                                              'av_messages': {'decline_on_address_number_mismatch': False,
                                                                              'decline_on_postal_code_mismatch': True,
                                                                              'validate': True}},
                                     'allow_chip_fallback': True,
                                     'allow_first_pin_set_via_financial_transaction': False,
                                     'allow_gpa_auth': True,
                                     'allow_mcc_group_authorization_controls': True,
                                     'allow_network_load': False,
                                     'allow_network_load_card_activation': False,
                                     'allow_quasi_cash': False,
                                     'always_require_icc': False,
                                     'always_require_pin': False,
                                     'enable_partial_auth_approval': True,
                                     'ignore_card_suspended_state': False,
                                     'require_card_not_present_card_security_code': False,
                                     'strong_customer_authentication_limits': {}}},
 'created_time': '2020-12-02T08:20:57Z',
 'end_date': '2020-12-12',
 'last_modified_time': '2020-12-02T08:20:57Z',
 'name': 'TEST_CARD',
 'start_date': '2018-01-01',
 'token': 'e0ced6e8-76a4-430f-9173-2c1727475a5f'}</msg>
<status status="PASS" starttime="20201202 00:21:01.076" endtime="20201202 00:21:01.078"></status>
</kw>
<status status="PASS" starttime="20201202 00:21:00.803" endtime="20201202 00:21:01.078"></status>
</kw>
<status status="PASS" starttime="20201202 00:21:00.802" endtime="20201202 00:21:01.079" critical="yes"></status>
</test>
<test id="s1-t25" name="SUITE 4 - TEST CASE 3">
<kw name="UNSUCCESSULLY CREATE CARD">
<arguments>
<arg>TEST_CARD</arg>
<arg>Test</arg>
<arg>2018-01-01</arg>
<arg>2020-12-12</arg>
</arguments>
<kw name="Test Failed Card Product" library="marqeta">
<arguments>
<arg>${name}</arg>
<arg>${active}</arg>
<arg>${startDate}</arg>
<arg>${endDate}</arg>
</arguments>
<assign>
<var>${response}</var>
</assign>
<msg timestamp="20201202 00:21:01.346" level="INFO">${response} = {'error_code': '400037', 'error_message': 'Malformed JSON request received: Can not construct instance of java.lang.Boolean from String value \'Test\': only "true" or "false" recognized at line: 1 col...</msg>
<status status="PASS" starttime="20201202 00:21:01.081" endtime="20201202 00:21:01.346"></status>
</kw>
<kw name="Pretty Print Response" library="marqeta">
<arguments>
<arg>${response}</arg>
</arguments>
<msg timestamp="20201202 00:21:01.346" level="INFO">{'error_code': '400037',
 'error_message': 'Malformed JSON request received: Can not construct instance '
                  "of java.lang.Boolean from String value 'Test': only "
                  '"true" or "false" recognized at line: 1 column: 21'}</msg>
<status status="PASS" starttime="20201202 00:21:01.346" endtime="20201202 00:21:01.346"></status>
</kw>
<status status="PASS" starttime="20201202 00:21:01.081" endtime="20201202 00:21:01.347"></status>
</kw>
<status status="PASS" starttime="20201202 00:21:01.080" endtime="20201202 00:21:01.347" critical="yes"></status>
</test>
<doc>Card Testing for Marqeta</doc>
<status status="FAIL" starttime="20201202 00:20:53.834" endtime="20201202 00:21:01.350"></status>
</suite>
<statistics>
<total>
<stat pass="24" fail="1">Critical Tests</stat>
<stat pass="24" fail="1">All Tests</stat>
</total>
<tag>
</tag>
<suite>
<stat pass="24" fail="1" id="s1" name="MarqetaTest CardProduct">MarqetaTest CardProduct</stat>
</suite>
</statistics>
<errors>
</errors>
</robot>
