<?xml version="1.0" encoding="UTF-8"?>
<robot generator="Robot 3.2.2 (Python 3.9.0 on win32)" generated="20201203 23:53:01.740" rpa="false">
<suite id="s1" name="MarqetaTest CardProduct" source="C:\Users\westagram\OneDrive\Desktop\marqeta-assignment\Test\Testing_CardProduct\MarqetaTest_CardProduct.robot">
<test id="s1-t1" name="SUITE 1 - TEST CASE 1">
<kw name="SUCCESSULLY CREATE CARD">
<arguments>
<arg>TEST_CARD</arg>
<arg>${TRUE}</arg>
<arg>2019-01-01</arg>
<arg>2020-12-12</arg>
</arguments>
<kw name="Test Success Card Product" library="marqeta">
<arguments>
<arg>${name}</arg>
<arg>${active}</arg>
<arg>${startDate}</arg>
<arg>${endDate}</arg>
</arguments>
<assign>
<var>${response}</var>
</assign>
<msg timestamp="20201203 23:53:02.280" level="INFO">${response} = {'token': 'ffc80e59-b2df-4556-8ef7-a45783bff46b', 'name': 'TEST_CARD', 'active': True, 'start_date': '2019-01-01', 'end_date': '2020-12-12', 'config': {'poi': {'other': {'allow': True, 'card_presence_...</msg>
<status status="PASS" starttime="20201203 23:53:01.923" endtime="20201203 23:53:02.280"></status>
</kw>
<kw name="Pretty Print Response" library="marqeta">
<arguments>
<arg>${response}</arg>
</arguments>
<msg timestamp="20201203 23:53:02.283" level="INFO">{'active': True,
 'config': {'card_life_cycle': {'activate_upon_issue': True,
                                'card_service_code': 101,
                                'expiration_offset': {'unit': 'YEARS',
                                                      'value': 4},
                                'update_expiration_upon_activation': False},
            'clearing_and_settlement': {'overdraft_destination': 'GPA'},
            'digital_wallet_tokenization': {'card_art_id': '',
                                            'provisioning_controls': {'in_app_provisioning': {'address_verification': {'validate': True},
                                                                                              'enabled': False},
                                                                      'manual_entry': {'address_verification': {'validate': True},
                                                                                       'enabled': False},
                                                                      'wallet_provider_card_on_file': {'address_verification': {'validate': True},
                                                                                                       'enabled': False}}},
            'fulfillment': {'all_zero_card_security_code': False,
                            'allow_card_creation': True,
                            'bin_prefix': '111111',
                            'bulk_ship': False,
                            'enable_offline_pin': False,
                            'fulfillment_provider': 'PERFECTPLASTIC',
                            'package_id': '0',
                            'pan_length': '16',
                            'payment_instrument': 'VIRTUAL_PAN',
                            'uppercase_name_lines': True},
            'jit_funding': {'paymentcard_funding_source': {'enabled': False,
                                                           'refunds_destination': ''},
                            'program_funding_source': {'enabled': False,
                                                       'funding_source_token': '',
                                                       'refunds_destination': ''},
                            'programgateway_funding_source': {'always_fund': True,
                                                              'enabled': False,
                                                              'funding_source_token': '',
                                                              'refunds_destination': ''}},
            'poi': {'atm': False,
                    'ecommerce': True,
                    'other': {'allow': True,
                              'card_presence_required': False,
                              'cardholder_presence_required': False}},
            'selective_auth': {'dmd_location_sensitivity': 0,
                               'enable_regex_search_chain': False,
                               'sa_mode': 1},
            'special': {'merchant_on_boarding': False},
            'transaction_controls': {'accepted_countries_token': 'accept_us_only',
                                     'address_verification': {'auth_messages': {'decline_on_address_number_mismatch': False,
                                                                                'decline_on_postal_code_mismatch': False,
                                                                                'validate': True},
                                                              'av_messages': {'decline_on_address_number_mismatch': False,
                                                                              'decline_on_postal_code_mismatch': True,
                                                                              'validate': True}},
                                     'allow_chip_fallback': True,
                                     'allow_first_pin_set_via_financial_transaction': False,
                                     'allow_gpa_auth': True,
                                     'allow_mcc_group_authorization_controls': True,
                                     'allow_network_load': False,
                                     'allow_network_load_card_activation': False,
                                     'allow_quasi_cash': False,
                                     'always_require_icc': False,
                                     'always_require_pin': False,
                                     'enable_partial_auth_approval': True,
                                     'ignore_card_suspended_state': False,
                                     'require_card_not_present_card_security_code': False,
                                     'strong_customer_authentication_limits': {}}},
 'created_time': '2020-12-04T07:53:02Z',
 'end_date': '2020-12-12',
 'last_modified_time': '2020-12-04T07:53:02Z',
 'name': 'TEST_CARD',
 'start_date': '2019-01-01',
 'token': 'ffc80e59-b2df-4556-8ef7-a45783bff46b'}</msg>
<status status="PASS" starttime="20201203 23:53:02.280" endtime="20201203 23:53:02.283"></status>
</kw>
<status status="PASS" starttime="20201203 23:53:01.922" endtime="20201203 23:53:02.283"></status>
</kw>
<status status="PASS" starttime="20201203 23:53:01.921" endtime="20201203 23:53:02.284" critical="yes"></status>
</test>
<test id="s1-t2" name="SUITE 1 - TEST CASE 2">
<kw name="UNSUCCESSULLY CREATE CARD">
<arguments>
<arg>TEST_CARD</arg>
<arg>${TRUE}</arg>
<arg>2019-01-32</arg>
<arg>2020-12-12</arg>
</arguments>
<kw name="Test Failed Card Product" library="marqeta">
<arguments>
<arg>${name}</arg>
<arg>${active}</arg>
<arg>${startDate}</arg>
<arg>${endDate}</arg>
</arguments>
<assign>
<var>${response}</var>
</assign>
<msg timestamp="20201203 23:53:02.518" level="INFO">${response} = {'error_code': '400044', 'error_message': 'Invalid start date format received'}</msg>
<status status="PASS" starttime="20201203 23:53:02.286" endtime="20201203 23:53:02.518"></status>
</kw>
<kw name="Pretty Print Response" library="marqeta">
<arguments>
<arg>${response}</arg>
</arguments>
<msg timestamp="20201203 23:53:02.518" level="INFO">{'error_code': '400044', 'error_message': 'Invalid start date format received'}</msg>
<status status="PASS" starttime="20201203 23:53:02.518" endtime="20201203 23:53:02.518"></status>
</kw>
<status status="PASS" starttime="20201203 23:53:02.286" endtime="20201203 23:53:02.518"></status>
</kw>
<status status="PASS" starttime="20201203 23:53:02.285" endtime="20201203 23:53:02.519" critical="yes"></status>
</test>
<test id="s1-t3" name="SUITE 1 - TEST CASE 3">
<kw name="SUCCESSULLY CREATE CARD">
<arguments>
<arg>TEST_CARD</arg>
<arg>${TRUE}</arg>
<arg>2020-02-29</arg>
<arg>2020-12-12</arg>
</arguments>
<kw name="Test Success Card Product" library="marqeta">
<arguments>
<arg>${name}</arg>
<arg>${active}</arg>
<arg>${startDate}</arg>
<arg>${endDate}</arg>
</arguments>
<assign>
<var>${response}</var>
</assign>
<msg timestamp="20201203 23:53:02.790" level="INFO">${response} = {'token': 'b2b41094-546a-4264-815a-28c6e515c654', 'name': 'TEST_CARD', 'active': True, 'start_date': '2020-02-29', 'end_date': '2020-12-12', 'config': {'poi': {'other': {'allow': True, 'card_presence_...</msg>
<status status="PASS" starttime="20201203 23:53:02.521" endtime="20201203 23:53:02.790"></status>
</kw>
<kw name="Pretty Print Response" library="marqeta">
<arguments>
<arg>${response}</arg>
</arguments>
<msg timestamp="20201203 23:53:02.793" level="INFO">{'active': True,
 'config': {'card_life_cycle': {'activate_upon_issue': True,
                                'card_service_code': 101,
                                'expiration_offset': {'unit': 'YEARS',
                                                      'value': 4},
                                'update_expiration_upon_activation': False},
            'clearing_and_settlement': {'overdraft_destination': 'GPA'},
            'digital_wallet_tokenization': {'card_art_id': '',
                                            'provisioning_controls': {'in_app_provisioning': {'address_verification': {'validate': True},
                                                                                              'enabled': False},
                                                                      'manual_entry': {'address_verification': {'validate': True},
                                                                                       'enabled': False},
                                                                      'wallet_provider_card_on_file': {'address_verification': {'validate': True},
                                                                                                       'enabled': False}}},
            'fulfillment': {'all_zero_card_security_code': False,
                            'allow_card_creation': True,
                            'bin_prefix': '111111',
                            'bulk_ship': False,
                            'enable_offline_pin': False,
                            'fulfillment_provider': 'PERFECTPLASTIC',
                            'package_id': '0',
                            'pan_length': '16',
                            'payment_instrument': 'VIRTUAL_PAN',
                            'uppercase_name_lines': True},
            'jit_funding': {'paymentcard_funding_source': {'enabled': False,
                                                           'refunds_destination': ''},
                            'program_funding_source': {'enabled': False,
                                                       'funding_source_token': '',
                                                       'refunds_destination': ''},
                            'programgateway_funding_source': {'always_fund': True,
                                                              'enabled': False,
                                                              'funding_source_token': '',
                                                              'refunds_destination': ''}},
            'poi': {'atm': False,
                    'ecommerce': True,
                    'other': {'allow': True,
                              'card_presence_required': False,
                              'cardholder_presence_required': False}},
            'selective_auth': {'dmd_location_sensitivity': 0,
                               'enable_regex_search_chain': False,
                               'sa_mode': 1},
            'special': {'merchant_on_boarding': False},
            'transaction_controls': {'accepted_countries_token': 'accept_us_only',
                                     'address_verification': {'auth_messages': {'decline_on_address_number_mismatch': False,
                                                                                'decline_on_postal_code_mismatch': False,
                                                                                'validate': True},
                                                              'av_messages': {'decline_on_address_number_mismatch': False,
                                                                              'decline_on_postal_code_mismatch': True,
                                                                              'validate': True}},
                                     'allow_chip_fallback': True,
                                     'allow_first_pin_set_via_financial_transaction': False,
                                     'allow_gpa_auth': True,
                                     'allow_mcc_group_authorization_controls': True,
                                     'allow_network_load': False,
                                     'allow_network_load_card_activation': False,
                                     'allow_quasi_cash': False,
                                     'always_require_icc': False,
                                     'always_require_pin': False,
                                     'enable_partial_auth_approval': True,
                                     'ignore_card_suspended_state': False,
                                     'require_card_not_present_card_security_code': False,
                                     'strong_customer_authentication_limits': {}}},
 'created_time': '2020-12-04T07:53:02Z',
 'end_date': '2020-12-12',
 'last_modified_time': '2020-12-04T07:53:02Z',
 'name': 'TEST_CARD',
 'start_date': '2020-02-29',
 'token': 'b2b41094-546a-4264-815a-28c6e515c654'}</msg>
<status status="PASS" starttime="20201203 23:53:02.790" endtime="20201203 23:53:02.793"></status>
</kw>
<status status="PASS" starttime="20201203 23:53:02.521" endtime="20201203 23:53:02.793"></status>
</kw>
<status status="PASS" starttime="20201203 23:53:02.520" endtime="20201203 23:53:02.794" critical="yes"></status>
</test>
<test id="s1-t4" name="SUITE 1 - TEST CASE 4">
<kw name="SUCCESSULLY CREATE CARD">
<arguments>
<arg>TEST_CARD</arg>
<arg>${TRUE}</arg>
<arg>2019-02-29</arg>
<arg>2020-12-12</arg>
</arguments>
<kw name="Test Success Card Product" library="marqeta">
<arguments>
<arg>${name}</arg>
<arg>${active}</arg>
<arg>${startDate}</arg>
<arg>${endDate}</arg>
</arguments>
<assign>
<var>${response}</var>
</assign>
<msg timestamp="20201203 23:53:03.081" level="INFO">${response} = {'token': '394bc056-f1bd-4807-aca9-fede7eda6c6c', 'name': 'TEST_CARD', 'active': True, 'start_date': '2019-03-01', 'end_date': '2020-12-12', 'config': {'poi': {'other': {'allow': True, 'card_presence_...</msg>
<status status="PASS" starttime="20201203 23:53:02.796" endtime="20201203 23:53:03.081"></status>
</kw>
<kw name="Pretty Print Response" library="marqeta">
<arguments>
<arg>${response}</arg>
</arguments>
<msg timestamp="20201203 23:53:03.084" level="INFO">{'active': True,
 'config': {'card_life_cycle': {'activate_upon_issue': True,
                                'card_service_code': 101,
                                'expiration_offset': {'unit': 'YEARS',
                                                      'value': 4},
                                'update_expiration_upon_activation': False},
            'clearing_and_settlement': {'overdraft_destination': 'GPA'},
            'digital_wallet_tokenization': {'card_art_id': '',
                                            'provisioning_controls': {'in_app_provisioning': {'address_verification': {'validate': True},
                                                                                              'enabled': False},
                                                                      'manual_entry': {'address_verification': {'validate': True},
                                                                                       'enabled': False},
                                                                      'wallet_provider_card_on_file': {'address_verification': {'validate': True},
                                                                                                       'enabled': False}}},
            'fulfillment': {'all_zero_card_security_code': False,
                            'allow_card_creation': True,
                            'bin_prefix': '111111',
                            'bulk_ship': False,
                            'enable_offline_pin': False,
                            'fulfillment_provider': 'PERFECTPLASTIC',
                            'package_id': '0',
                            'pan_length': '16',
                            'payment_instrument': 'VIRTUAL_PAN',
                            'uppercase_name_lines': True},
            'jit_funding': {'paymentcard_funding_source': {'enabled': False,
                                                           'refunds_destination': ''},
                            'program_funding_source': {'enabled': False,
                                                       'funding_source_token': '',
                                                       'refunds_destination': ''},
                            'programgateway_funding_source': {'always_fund': True,
                                                              'enabled': False,
                                                              'funding_source_token': '',
                                                              'refunds_destination': ''}},
            'poi': {'atm': False,
                    'ecommerce': True,
                    'other': {'allow': True,
                              'card_presence_required': False,
                              'cardholder_presence_required': False}},
            'selective_auth': {'dmd_location_sensitivity': 0,
                               'enable_regex_search_chain': False,
                               'sa_mode': 1},
            'special': {'merchant_on_boarding': False},
            'transaction_controls': {'accepted_countries_token': 'accept_us_only',
                                     'address_verification': {'auth_messages': {'decline_on_address_number_mismatch': False,
                                                                                'decline_on_postal_code_mismatch': False,
                                                                                'validate': True},
                                                              'av_messages': {'decline_on_address_number_mismatch': False,
                                                                              'decline_on_postal_code_mismatch': True,
                                                                              'validate': True}},
                                     'allow_chip_fallback': True,
                                     'allow_first_pin_set_via_financial_transaction': False,
                                     'allow_gpa_auth': True,
                                     'allow_mcc_group_authorization_controls': True,
                                     'allow_network_load': False,
                                     'allow_network_load_card_activation': False,
                                     'allow_quasi_cash': False,
                                     'always_require_icc': False,
                                     'always_require_pin': False,
                                     'enable_partial_auth_approval': True,
                                     'ignore_card_suspended_state': False,
                                     'require_card_not_present_card_security_code': False,
                                     'strong_customer_authentication_limits': {}}},
 'created_time': '2020-12-04T07:53:02Z',
 'end_date': '2020-12-12',
 'last_modified_time': '2020-12-04T07:53:02Z',
 'name': 'TEST_CARD',
 'start_date': '2019-03-01',
 'token': '394bc056-f1bd-4807-aca9-fede7eda6c6c'}</msg>
<status status="PASS" starttime="20201203 23:53:03.081" endtime="20201203 23:53:03.084"></status>
</kw>
<status status="PASS" starttime="20201203 23:53:02.796" endtime="20201203 23:53:03.084"></status>
</kw>
<status status="PASS" starttime="20201203 23:53:02.795" endtime="20201203 23:53:03.085" critical="yes"></status>
</test>
<test id="s1-t5" name="SUITE 1 - TEST CASE 5">
<kw name="UNSUCCESSULLY CREATE CARD">
<arguments>
<arg>TEST_CARD</arg>
<arg>${TRUE}</arg>
<arg>2019-13-01</arg>
<arg>2020-12-12</arg>
</arguments>
<kw name="Test Failed Card Product" library="marqeta">
<arguments>
<arg>${name}</arg>
<arg>${active}</arg>
<arg>${startDate}</arg>
<arg>${endDate}</arg>
</arguments>
<assign>
<var>${response}</var>
</assign>
<msg timestamp="20201203 23:53:03.327" level="INFO">${response} = {'error_code': '400044', 'error_message': 'Invalid start date format received'}</msg>
<status status="PASS" starttime="20201203 23:53:03.088" endtime="20201203 23:53:03.327"></status>
</kw>
<kw name="Pretty Print Response" library="marqeta">
<arguments>
<arg>${response}</arg>
</arguments>
<msg timestamp="20201203 23:53:03.327" level="INFO">{'error_code': '400044', 'error_message': 'Invalid start date format received'}</msg>
<status status="PASS" starttime="20201203 23:53:03.327" endtime="20201203 23:53:03.327"></status>
</kw>
<status status="PASS" starttime="20201203 23:53:03.087" endtime="20201203 23:53:03.327"></status>
</kw>
<status status="PASS" starttime="20201203 23:53:03.086" endtime="20201203 23:53:03.328" critical="yes"></status>
</test>
<test id="s1-t6" name="SUITE 1 - TEST CASE 6">
<kw name="UNSUCCESSULLY CREATE CARD">
<arguments>
<arg>TEST_CARD</arg>
<arg>${TRUE}</arg>
<arg>01-01-2019</arg>
<arg>2020-12-12</arg>
</arguments>
<kw name="Test Failed Card Product" library="marqeta">
<arguments>
<arg>${name}</arg>
<arg>${active}</arg>
<arg>${startDate}</arg>
<arg>${endDate}</arg>
</arguments>
<assign>
<var>${response}</var>
</assign>
<msg timestamp="20201203 23:53:03.565" level="INFO">${response} = {'error_code': '400044', 'error_message': 'Invalid start date format received'}</msg>
<status status="PASS" starttime="20201203 23:53:03.330" endtime="20201203 23:53:03.565"></status>
</kw>
<kw name="Pretty Print Response" library="marqeta">
<arguments>
<arg>${response}</arg>
</arguments>
<msg timestamp="20201203 23:53:03.565" level="INFO">{'error_code': '400044', 'error_message': 'Invalid start date format received'}</msg>
<status status="PASS" starttime="20201203 23:53:03.565" endtime="20201203 23:53:03.565"></status>
</kw>
<status status="PASS" starttime="20201203 23:53:03.330" endtime="20201203 23:53:03.565"></status>
</kw>
<status status="PASS" starttime="20201203 23:53:03.329" endtime="20201203 23:53:03.566" critical="yes"></status>
</test>
<test id="s1-t7" name="SUITE 1 - TEST CASE 7">
<kw name="UNSUCCESSULLY CREATE CARD">
<arguments>
<arg>TEST_CARD</arg>
<arg>${TRUE}</arg>
<arg>2022-01-01</arg>
<arg>2020-12-12</arg>
</arguments>
<kw name="Test Failed Card Product" library="marqeta">
<arguments>
<arg>${name}</arg>
<arg>${active}</arg>
<arg>${startDate}</arg>
<arg>${endDate}</arg>
</arguments>
<assign>
<var>${response}</var>
</assign>
<msg timestamp="20201203 23:53:03.838" level="FAIL">201 == 201</msg>
<status status="FAIL" starttime="20201203 23:53:03.568" endtime="20201203 23:53:03.838"></status>
</kw>
<status status="FAIL" starttime="20201203 23:53:03.568" endtime="20201203 23:53:03.838"></status>
</kw>
<status status="FAIL" starttime="20201203 23:53:03.567" endtime="20201203 23:53:03.839" critical="yes">201 == 201</status>
</test>
<test id="s1-t8" name="SUITE 2 - TEST CASE 1">
<kw name="SUCCESSULLY CREATE CARD">
<arguments>
<arg>TEST_CARD</arg>
<arg>${TRUE}</arg>
<arg>2018-01-01</arg>
<arg>2019-01-01</arg>
</arguments>
<kw name="Test Success Card Product" library="marqeta">
<arguments>
<arg>${name}</arg>
<arg>${active}</arg>
<arg>${startDate}</arg>
<arg>${endDate}</arg>
</arguments>
<assign>
<var>${response}</var>
</assign>
<msg timestamp="20201203 23:53:04.116" level="INFO">${response} = {'token': '5dcca5d1-7c9a-42f2-a0ac-883ba82579e8', 'name': 'TEST_CARD', 'active': True, 'start_date': '2018-01-01', 'end_date': '2019-01-01', 'config': {'poi': {'other': {'allow': True, 'card_presence_...</msg>
<status status="PASS" starttime="20201203 23:53:03.846" endtime="20201203 23:53:04.116"></status>
</kw>
<kw name="Pretty Print Response" library="marqeta">
<arguments>
<arg>${response}</arg>
</arguments>
<msg timestamp="20201203 23:53:04.118" level="INFO">{'active': True,
 'config': {'card_life_cycle': {'activate_upon_issue': True,
                                'card_service_code': 101,
                                'expiration_offset': {'unit': 'YEARS',
                                                      'value': 4},
                                'update_expiration_upon_activation': False},
            'clearing_and_settlement': {'overdraft_destination': 'GPA'},
            'digital_wallet_tokenization': {'card_art_id': '',
                                            'provisioning_controls': {'in_app_provisioning': {'address_verification': {'validate': True},
                                                                                              'enabled': False},
                                                                      'manual_entry': {'address_verification': {'validate': True},
                                                                                       'enabled': False},
                                                                      'wallet_provider_card_on_file': {'address_verification': {'validate': True},
                                                                                                       'enabled': False}}},
            'fulfillment': {'all_zero_card_security_code': False,
                            'allow_card_creation': True,
                            'bin_prefix': '111111',
                            'bulk_ship': False,
                            'enable_offline_pin': False,
                            'fulfillment_provider': 'PERFECTPLASTIC',
                            'package_id': '0',
                            'pan_length': '16',
                            'payment_instrument': 'VIRTUAL_PAN',
                            'uppercase_name_lines': True},
            'jit_funding': {'paymentcard_funding_source': {'enabled': False,
                                                           'refunds_destination': ''},
                            'program_funding_source': {'enabled': False,
                                                       'funding_source_token': '',
                                                       'refunds_destination': ''},
                            'programgateway_funding_source': {'always_fund': True,
                                                              'enabled': False,
                                                              'funding_source_token': '',
                                                              'refunds_destination': ''}},
            'poi': {'atm': False,
                    'ecommerce': True,
                    'other': {'allow': True,
                              'card_presence_required': False,
                              'cardholder_presence_required': False}},
            'selective_auth': {'dmd_location_sensitivity': 0,
                               'enable_regex_search_chain': False,
                               'sa_mode': 1},
            'special': {'merchant_on_boarding': False},
            'transaction_controls': {'accepted_countries_token': 'accept_us_only',
                                     'address_verification': {'auth_messages': {'decline_on_address_number_mismatch': False,
                                                                                'decline_on_postal_code_mismatch': False,
                                                                                'validate': True},
                                                              'av_messages': {'decline_on_address_number_mismatch': False,
                                                                              'decline_on_postal_code_mismatch': True,
                                                                              'validate': True}},
                                     'allow_chip_fallback': True,
                                     'allow_first_pin_set_via_financial_transaction': False,
                                     'allow_gpa_auth': True,
                                     'allow_mcc_group_authorization_controls': True,
                                     'allow_network_load': False,
                                     'allow_network_load_card_activation': False,
                                     'allow_quasi_cash': False,
                                     'always_require_icc': False,
                                     'always_require_pin': False,
                                     'enable_partial_auth_approval': True,
                                     'ignore_card_suspended_state': False,
                                     'require_card_not_present_card_security_code': False,
                                     'strong_customer_authentication_limits': {}}},
 'created_time': '2020-12-04T07:53:03Z',
 'end_date': '2019-01-01',
 'last_modified_time': '2020-12-04T07:53:03Z',
 'name': 'TEST_CARD',
 'start_date': '2018-01-01',
 'token': '5dcca5d1-7c9a-42f2-a0ac-883ba82579e8'}</msg>
<status status="PASS" starttime="20201203 23:53:04.116" endtime="20201203 23:53:04.119"></status>
</kw>
<status status="PASS" starttime="20201203 23:53:03.845" endtime="20201203 23:53:04.119"></status>
</kw>
<status status="PASS" starttime="20201203 23:53:03.844" endtime="20201203 23:53:04.119" critical="yes"></status>
</test>
<test id="s1-t9" name="SUITE 2 - TEST CASE 2">
<kw name="UNSUCCESSULLY CREATE CARD">
<arguments>
<arg>TEST_CARD</arg>
<arg>${TRUE}</arg>
<arg>2018-01-01</arg>
<arg>2019-01-32</arg>
</arguments>
<kw name="Test Failed Card Product" library="marqeta">
<arguments>
<arg>${name}</arg>
<arg>${active}</arg>
<arg>${startDate}</arg>
<arg>${endDate}</arg>
</arguments>
<assign>
<var>${response}</var>
</assign>
<msg timestamp="20201203 23:53:04.362" level="INFO">${response} = {'error_code': '400045', 'error_message': 'Invalid end date format received'}</msg>
<status status="PASS" starttime="20201203 23:53:04.122" endtime="20201203 23:53:04.362"></status>
</kw>
<kw name="Pretty Print Response" library="marqeta">
<arguments>
<arg>${response}</arg>
</arguments>
<msg timestamp="20201203 23:53:04.363" level="INFO">{'error_code': '400045', 'error_message': 'Invalid end date format received'}</msg>
<status status="PASS" starttime="20201203 23:53:04.362" endtime="20201203 23:53:04.363"></status>
</kw>
<status status="PASS" starttime="20201203 23:53:04.122" endtime="20201203 23:53:04.363"></status>
</kw>
<status status="PASS" starttime="20201203 23:53:04.121" endtime="20201203 23:53:04.363" critical="yes"></status>
</test>
<test id="s1-t10" name="SUITE 2 - TEST CASE 3">
<kw name="SUCCESSULLY CREATE CARD">
<arguments>
<arg>TEST_CARD</arg>
<arg>${TRUE}</arg>
<arg>2018-01-01</arg>
<arg>2020-02-29</arg>
</arguments>
<kw name="Test Success Card Product" library="marqeta">
<arguments>
<arg>${name}</arg>
<arg>${active}</arg>
<arg>${startDate}</arg>
<arg>${endDate}</arg>
</arguments>
<assign>
<var>${response}</var>
</assign>
<msg timestamp="20201203 23:53:04.637" level="INFO">${response} = {'token': '68bfd61e-1309-4e38-8301-e2508c9783b9', 'name': 'TEST_CARD', 'active': True, 'start_date': '2018-01-01', 'end_date': '2020-02-29', 'config': {'poi': {'other': {'allow': True, 'card_presence_...</msg>
<status status="PASS" starttime="20201203 23:53:04.366" endtime="20201203 23:53:04.638"></status>
</kw>
<kw name="Pretty Print Response" library="marqeta">
<arguments>
<arg>${response}</arg>
</arguments>
<msg timestamp="20201203 23:53:04.640" level="INFO">{'active': True,
 'config': {'card_life_cycle': {'activate_upon_issue': True,
                                'card_service_code': 101,
                                'expiration_offset': {'unit': 'YEARS',
                                                      'value': 4},
                                'update_expiration_upon_activation': False},
            'clearing_and_settlement': {'overdraft_destination': 'GPA'},
            'digital_wallet_tokenization': {'card_art_id': '',
                                            'provisioning_controls': {'in_app_provisioning': {'address_verification': {'validate': True},
                                                                                              'enabled': False},
                                                                      'manual_entry': {'address_verification': {'validate': True},
                                                                                       'enabled': False},
                                                                      'wallet_provider_card_on_file': {'address_verification': {'validate': True},
                                                                                                       'enabled': False}}},
            'fulfillment': {'all_zero_card_security_code': False,
                            'allow_card_creation': True,
                            'bin_prefix': '111111',
                            'bulk_ship': False,
                            'enable_offline_pin': False,
                            'fulfillment_provider': 'PERFECTPLASTIC',
                            'package_id': '0',
                            'pan_length': '16',
                            'payment_instrument': 'VIRTUAL_PAN',
                            'uppercase_name_lines': True},
            'jit_funding': {'paymentcard_funding_source': {'enabled': False,
                                                           'refunds_destination': ''},
                            'program_funding_source': {'enabled': False,
                                                       'funding_source_token': '',
                                                       'refunds_destination': ''},
                            'programgateway_funding_source': {'always_fund': True,
                                                              'enabled': False,
                                                              'funding_source_token': '',
                                                              'refunds_destination': ''}},
            'poi': {'atm': False,
                    'ecommerce': True,
                    'other': {'allow': True,
                              'card_presence_required': False,
                              'cardholder_presence_required': False}},
            'selective_auth': {'dmd_location_sensitivity': 0,
                               'enable_regex_search_chain': False,
                               'sa_mode': 1},
            'special': {'merchant_on_boarding': False},
            'transaction_controls': {'accepted_countries_token': 'accept_us_only',
                                     'address_verification': {'auth_messages': {'decline_on_address_number_mismatch': False,
                                                                                'decline_on_postal_code_mismatch': False,
                                                                                'validate': True},
                                                              'av_messages': {'decline_on_address_number_mismatch': False,
                                                                              'decline_on_postal_code_mismatch': True,
                                                                              'validate': True}},
                                     'allow_chip_fallback': True,
                                     'allow_first_pin_set_via_financial_transaction': False,
                                     'allow_gpa_auth': True,
                                     'allow_mcc_group_authorization_controls': True,
                                     'allow_network_load': False,
                                     'allow_network_load_card_activation': False,
                                     'allow_quasi_cash': False,
                                     'always_require_icc': False,
                                     'always_require_pin': False,
                                     'enable_partial_auth_approval': True,
                                     'ignore_card_suspended_state': False,
                                     'require_card_not_present_card_security_code': False,
                                     'strong_customer_authentication_limits': {}}},
 'created_time': '2020-12-04T07:53:04Z',
 'end_date': '2020-02-29',
 'last_modified_time': '2020-12-04T07:53:04Z',
 'name': 'TEST_CARD',
 'start_date': '2018-01-01',
 'token': '68bfd61e-1309-4e38-8301-e2508c9783b9'}</msg>
<status status="PASS" starttime="20201203 23:53:04.638" endtime="20201203 23:53:04.640"></status>
</kw>
<status status="PASS" starttime="20201203 23:53:04.365" endtime="20201203 23:53:04.640"></status>
</kw>
<status status="PASS" starttime="20201203 23:53:04.364" endtime="20201203 23:53:04.641" critical="yes"></status>
</test>
<test id="s1-t11" name="SUITE 2 - TEST CASE 4">
<kw name="SUCCESSULLY CREATE CARD">
<arguments>
<arg>TEST_CARD</arg>
<arg>${TRUE}</arg>
<arg>2018-01-01</arg>
<arg>2019-02-29</arg>
</arguments>
<kw name="Test Success Card Product" library="marqeta">
<arguments>
<arg>${name}</arg>
<arg>${active}</arg>
<arg>${startDate}</arg>
<arg>${endDate}</arg>
</arguments>
<assign>
<var>${response}</var>
</assign>
<msg timestamp="20201203 23:53:04.911" level="INFO">${response} = {'token': '22408f06-7cfb-4a9c-895b-3d7b44c971a0', 'name': 'TEST_CARD', 'active': True, 'start_date': '2018-01-01', 'end_date': '2019-03-01', 'config': {'poi': {'other': {'allow': True, 'card_presence_...</msg>
<status status="PASS" starttime="20201203 23:53:04.643" endtime="20201203 23:53:04.911"></status>
</kw>
<kw name="Pretty Print Response" library="marqeta">
<arguments>
<arg>${response}</arg>
</arguments>
<msg timestamp="20201203 23:53:04.914" level="INFO">{'active': True,
 'config': {'card_life_cycle': {'activate_upon_issue': True,
                                'card_service_code': 101,
                                'expiration_offset': {'unit': 'YEARS',
                                                      'value': 4},
                                'update_expiration_upon_activation': False},
            'clearing_and_settlement': {'overdraft_destination': 'GPA'},
            'digital_wallet_tokenization': {'card_art_id': '',
                                            'provisioning_controls': {'in_app_provisioning': {'address_verification': {'validate': True},
                                                                                              'enabled': False},
                                                                      'manual_entry': {'address_verification': {'validate': True},
                                                                                       'enabled': False},
                                                                      'wallet_provider_card_on_file': {'address_verification': {'validate': True},
                                                                                                       'enabled': False}}},
            'fulfillment': {'all_zero_card_security_code': False,
                            'allow_card_creation': True,
                            'bin_prefix': '111111',
                            'bulk_ship': False,
                            'enable_offline_pin': False,
                            'fulfillment_provider': 'PERFECTPLASTIC',
                            'package_id': '0',
                            'pan_length': '16',
                            'payment_instrument': 'VIRTUAL_PAN',
                            'uppercase_name_lines': True},
            'jit_funding': {'paymentcard_funding_source': {'enabled': False,
                                                           'refunds_destination': ''},
                            'program_funding_source': {'enabled': False,
                                                       'funding_source_token': '',
                                                       'refunds_destination': ''},
                            'programgateway_funding_source': {'always_fund': True,
                                                              'enabled': False,
                                                              'funding_source_token': '',
                                                              'refunds_destination': ''}},
            'poi': {'atm': False,
                    'ecommerce': True,
                    'other': {'allow': True,
                              'card_presence_required': False,
                              'cardholder_presence_required': False}},
            'selective_auth': {'dmd_location_sensitivity': 0,
                               'enable_regex_search_chain': False,
                               'sa_mode': 1},
            'special': {'merchant_on_boarding': False},
            'transaction_controls': {'accepted_countries_token': 'accept_us_only',
                                     'address_verification': {'auth_messages': {'decline_on_address_number_mismatch': False,
                                                                                'decline_on_postal_code_mismatch': False,
                                                                                'validate': True},
                                                              'av_messages': {'decline_on_address_number_mismatch': False,
                                                                              'decline_on_postal_code_mismatch': True,
                                                                              'validate': True}},
                                     'allow_chip_fallback': True,
                                     'allow_first_pin_set_via_financial_transaction': False,
                                     'allow_gpa_auth': True,
                                     'allow_mcc_group_authorization_controls': True,
                                     'allow_network_load': False,
                                     'allow_network_load_card_activation': False,
                                     'allow_quasi_cash': False,
                                     'always_require_icc': False,
                                     'always_require_pin': False,
                                     'enable_partial_auth_approval': True,
                                     'ignore_card_suspended_state': False,
                                     'require_card_not_present_card_security_code': False,
                                     'strong_customer_authentication_limits': {}}},
 'created_time': '2020-12-04T07:53:04Z',
 'end_date': '2019-03-01',
 'last_modified_time': '2020-12-04T07:53:04Z',
 'name': 'TEST_CARD',
 'start_date': '2018-01-01',
 'token': '22408f06-7cfb-4a9c-895b-3d7b44c971a0'}</msg>
<status status="PASS" starttime="20201203 23:53:04.911" endtime="20201203 23:53:04.914"></status>
</kw>
<status status="PASS" starttime="20201203 23:53:04.643" endtime="20201203 23:53:04.914"></status>
</kw>
<status status="PASS" starttime="20201203 23:53:04.642" endtime="20201203 23:53:04.915" critical="yes"></status>
</test>
<test id="s1-t12" name="SUITE 2 - TEST CASE 5">
<kw name="UNSUCCESSULLY CREATE CARD">
<arguments>
<arg>TEST_CARD</arg>
<arg>${TRUE}</arg>
<arg>2018-01-01</arg>
<arg>2019-13-01</arg>
</arguments>
<kw name="Test Failed Card Product" library="marqeta">
<arguments>
<arg>${name}</arg>
<arg>${active}</arg>
<arg>${startDate}</arg>
<arg>${endDate}</arg>
</arguments>
<assign>
<var>${response}</var>
</assign>
<msg timestamp="20201203 23:53:05.139" level="INFO">${response} = {'error_code': '400045', 'error_message': 'Invalid end date format received'}</msg>
<status status="PASS" starttime="20201203 23:53:04.917" endtime="20201203 23:53:05.140"></status>
</kw>
<kw name="Pretty Print Response" library="marqeta">
<arguments>
<arg>${response}</arg>
</arguments>
<msg timestamp="20201203 23:53:05.140" level="INFO">{'error_code': '400045', 'error_message': 'Invalid end date format received'}</msg>
<status status="PASS" starttime="20201203 23:53:05.140" endtime="20201203 23:53:05.140"></status>
</kw>
<status status="PASS" starttime="20201203 23:53:04.917" endtime="20201203 23:53:05.140"></status>
</kw>
<status status="PASS" starttime="20201203 23:53:04.916" endtime="20201203 23:53:05.141" critical="yes"></status>
</test>
<test id="s1-t13" name="SUITE 2 - TEST CASE 6">
<kw name="UNSUCCESSULLY CREATE CARD">
<arguments>
<arg>TEST_CARD</arg>
<arg>${TRUE}</arg>
<arg>2018-01-01</arg>
<arg>01-01-2019</arg>
</arguments>
<kw name="Test Failed Card Product" library="marqeta">
<arguments>
<arg>${name}</arg>
<arg>${active}</arg>
<arg>${startDate}</arg>
<arg>${endDate}</arg>
</arguments>
<assign>
<var>${response}</var>
</assign>
<msg timestamp="20201203 23:53:05.381" level="INFO">${response} = {'error_code': '400045', 'error_message': 'Invalid end date format received'}</msg>
<status status="PASS" starttime="20201203 23:53:05.144" endtime="20201203 23:53:05.381"></status>
</kw>
<kw name="Pretty Print Response" library="marqeta">
<arguments>
<arg>${response}</arg>
</arguments>
<msg timestamp="20201203 23:53:05.382" level="INFO">{'error_code': '400045', 'error_message': 'Invalid end date format received'}</msg>
<status status="PASS" starttime="20201203 23:53:05.381" endtime="20201203 23:53:05.382"></status>
</kw>
<status status="PASS" starttime="20201203 23:53:05.143" endtime="20201203 23:53:05.382"></status>
</kw>
<status status="PASS" starttime="20201203 23:53:05.143" endtime="20201203 23:53:05.383" critical="yes"></status>
</test>
<test id="s1-t14" name="SUITE 3 - TEST CASE 1">
<kw name="SUCCESSULLY CREATE CARD">
<arguments>
<arg>TESTING CARD</arg>
<arg>${TRUE}</arg>
<arg>2018-01-01</arg>
<arg>2020-12-12</arg>
</arguments>
<kw name="Test Success Card Product" library="marqeta">
<arguments>
<arg>${name}</arg>
<arg>${active}</arg>
<arg>${startDate}</arg>
<arg>${endDate}</arg>
</arguments>
<assign>
<var>${response}</var>
</assign>
<msg timestamp="20201203 23:53:05.658" level="INFO">${response} = {'token': '5f39bdfe-149f-408a-ae68-d80b099994a9', 'name': 'TESTING CARD', 'active': True, 'start_date': '2018-01-01', 'end_date': '2020-12-12', 'config': {'poi': {'other': {'allow': True, 'card_presen...</msg>
<status status="PASS" starttime="20201203 23:53:05.385" endtime="20201203 23:53:05.658"></status>
</kw>
<kw name="Pretty Print Response" library="marqeta">
<arguments>
<arg>${response}</arg>
</arguments>
<msg timestamp="20201203 23:53:05.660" level="INFO">{'active': True,
 'config': {'card_life_cycle': {'activate_upon_issue': True,
                                'card_service_code': 101,
                                'expiration_offset': {'unit': 'YEARS',
                                                      'value': 4},
                                'update_expiration_upon_activation': False},
            'clearing_and_settlement': {'overdraft_destination': 'GPA'},
            'digital_wallet_tokenization': {'card_art_id': '',
                                            'provisioning_controls': {'in_app_provisioning': {'address_verification': {'validate': True},
                                                                                              'enabled': False},
                                                                      'manual_entry': {'address_verification': {'validate': True},
                                                                                       'enabled': False},
                                                                      'wallet_provider_card_on_file': {'address_verification': {'validate': True},
                                                                                                       'enabled': False}}},
            'fulfillment': {'all_zero_card_security_code': False,
                            'allow_card_creation': True,
                            'bin_prefix': '111111',
                            'bulk_ship': False,
                            'enable_offline_pin': False,
                            'fulfillment_provider': 'PERFECTPLASTIC',
                            'package_id': '0',
                            'pan_length': '16',
                            'payment_instrument': 'VIRTUAL_PAN',
                            'uppercase_name_lines': True},
            'jit_funding': {'paymentcard_funding_source': {'enabled': False,
                                                           'refunds_destination': ''},
                            'program_funding_source': {'enabled': False,
                                                       'funding_source_token': '',
                                                       'refunds_destination': ''},
                            'programgateway_funding_source': {'always_fund': True,
                                                              'enabled': False,
                                                              'funding_source_token': '',
                                                              'refunds_destination': ''}},
            'poi': {'atm': False,
                    'ecommerce': True,
                    'other': {'allow': True,
                              'card_presence_required': False,
                              'cardholder_presence_required': False}},
            'selective_auth': {'dmd_location_sensitivity': 0,
                               'enable_regex_search_chain': False,
                               'sa_mode': 1},
            'special': {'merchant_on_boarding': False},
            'transaction_controls': {'accepted_countries_token': 'accept_us_only',
                                     'address_verification': {'auth_messages': {'decline_on_address_number_mismatch': False,
                                                                                'decline_on_postal_code_mismatch': False,
                                                                                'validate': True},
                                                              'av_messages': {'decline_on_address_number_mismatch': False,
                                                                              'decline_on_postal_code_mismatch': True,
                                                                              'validate': True}},
                                     'allow_chip_fallback': True,
                                     'allow_first_pin_set_via_financial_transaction': False,
                                     'allow_gpa_auth': True,
                                     'allow_mcc_group_authorization_controls': True,
                                     'allow_network_load': False,
                                     'allow_network_load_card_activation': False,
                                     'allow_quasi_cash': False,
                                     'always_require_icc': False,
                                     'always_require_pin': False,
                                     'enable_partial_auth_approval': True,
                                     'ignore_card_suspended_state': False,
                                     'require_card_not_present_card_security_code': False,
                                     'strong_customer_authentication_limits': {}}},
 'created_time': '2020-12-04T07:53:05Z',
 'end_date': '2020-12-12',
 'last_modified_time': '2020-12-04T07:53:05Z',
 'name': 'TESTING CARD',
 'start_date': '2018-01-01',
 'token': '5f39bdfe-149f-408a-ae68-d80b099994a9'}</msg>
<status status="PASS" starttime="20201203 23:53:05.658" endtime="20201203 23:53:05.660"></status>
</kw>
<status status="PASS" starttime="20201203 23:53:05.385" endtime="20201203 23:53:05.660"></status>
</kw>
<status status="PASS" starttime="20201203 23:53:05.384" endtime="20201203 23:53:05.661" critical="yes"></status>
</test>
<test id="s1-t15" name="SUITE 3 - TEST CASE 2">
<kw name="SUCCESSULLY CREATE CARD">
<arguments>
<arg>testing card</arg>
<arg>${TRUE}</arg>
<arg>2018-01-01</arg>
<arg>2020-12-12</arg>
</arguments>
<kw name="Test Success Card Product" library="marqeta">
<arguments>
<arg>${name}</arg>
<arg>${active}</arg>
<arg>${startDate}</arg>
<arg>${endDate}</arg>
</arguments>
<assign>
<var>${response}</var>
</assign>
<msg timestamp="20201203 23:53:05.948" level="INFO">${response} = {'token': '98023c5f-ff8e-46ca-850e-75b767f46e57', 'name': 'testing card', 'active': True, 'start_date': '2018-01-01', 'end_date': '2020-12-12', 'config': {'poi': {'other': {'allow': True, 'card_presen...</msg>
<status status="PASS" starttime="20201203 23:53:05.663" endtime="20201203 23:53:05.948"></status>
</kw>
<kw name="Pretty Print Response" library="marqeta">
<arguments>
<arg>${response}</arg>
</arguments>
<msg timestamp="20201203 23:53:05.951" level="INFO">{'active': True,
 'config': {'card_life_cycle': {'activate_upon_issue': True,
                                'card_service_code': 101,
                                'expiration_offset': {'unit': 'YEARS',
                                                      'value': 4},
                                'update_expiration_upon_activation': False},
            'clearing_and_settlement': {'overdraft_destination': 'GPA'},
            'digital_wallet_tokenization': {'card_art_id': '',
                                            'provisioning_controls': {'in_app_provisioning': {'address_verification': {'validate': True},
                                                                                              'enabled': False},
                                                                      'manual_entry': {'address_verification': {'validate': True},
                                                                                       'enabled': False},
                                                                      'wallet_provider_card_on_file': {'address_verification': {'validate': True},
                                                                                                       'enabled': False}}},
            'fulfillment': {'all_zero_card_security_code': False,
                            'allow_card_creation': True,
                            'bin_prefix': '111111',
                            'bulk_ship': False,
                            'enable_offline_pin': False,
                            'fulfillment_provider': 'PERFECTPLASTIC',
                            'package_id': '0',
                            'pan_length': '16',
                            'payment_instrument': 'VIRTUAL_PAN',
                            'uppercase_name_lines': True},
            'jit_funding': {'paymentcard_funding_source': {'enabled': False,
                                                           'refunds_destination': ''},
                            'program_funding_source': {'enabled': False,
                                                       'funding_source_token': '',
                                                       'refunds_destination': ''},
                            'programgateway_funding_source': {'always_fund': True,
                                                              'enabled': False,
                                                              'funding_source_token': '',
                                                              'refunds_destination': ''}},
            'poi': {'atm': False,
                    'ecommerce': True,
                    'other': {'allow': True,
                              'card_presence_required': False,
                              'cardholder_presence_required': False}},
            'selective_auth': {'dmd_location_sensitivity': 0,
                               'enable_regex_search_chain': False,
                               'sa_mode': 1},
            'special': {'merchant_on_boarding': False},
            'transaction_controls': {'accepted_countries_token': 'accept_us_only',
                                     'address_verification': {'auth_messages': {'decline_on_address_number_mismatch': False,
                                                                                'decline_on_postal_code_mismatch': False,
                                                                                'validate': True},
                                                              'av_messages': {'decline_on_address_number_mismatch': False,
                                                                              'decline_on_postal_code_mismatch': True,
                                                                              'validate': True}},
                                     'allow_chip_fallback': True,
                                     'allow_first_pin_set_via_financial_transaction': False,
                                     'allow_gpa_auth': True,
                                     'allow_mcc_group_authorization_controls': True,
                                     'allow_network_load': False,
                                     'allow_network_load_card_activation': False,
                                     'allow_quasi_cash': False,
                                     'always_require_icc': False,
                                     'always_require_pin': False,
                                     'enable_partial_auth_approval': True,
                                     'ignore_card_suspended_state': False,
                                     'require_card_not_present_card_security_code': False,
                                     'strong_customer_authentication_limits': {}}},
 'created_time': '2020-12-04T07:53:05Z',
 'end_date': '2020-12-12',
 'last_modified_time': '2020-12-04T07:53:05Z',
 'name': 'testing card',
 'start_date': '2018-01-01',
 'token': '98023c5f-ff8e-46ca-850e-75b767f46e57'}</msg>
<status status="PASS" starttime="20201203 23:53:05.948" endtime="20201203 23:53:05.951"></status>
</kw>
<status status="PASS" starttime="20201203 23:53:05.662" endtime="20201203 23:53:05.951"></status>
</kw>
<status status="PASS" starttime="20201203 23:53:05.662" endtime="20201203 23:53:05.952" critical="yes"></status>
</test>
<test id="s1-t16" name="SUITE 3 - TEST CASE 3">
<kw name="SUCCESSULLY CREATE CARD">
<arguments>
<arg>Testing Card</arg>
<arg>${TRUE}</arg>
<arg>2018-01-01</arg>
<arg>2020-12-12</arg>
</arguments>
<kw name="Test Success Card Product" library="marqeta">
<arguments>
<arg>${name}</arg>
<arg>${active}</arg>
<arg>${startDate}</arg>
<arg>${endDate}</arg>
</arguments>
<assign>
<var>${response}</var>
</assign>
<msg timestamp="20201203 23:53:06.372" level="INFO">${response} = {'token': '503e7a53-883a-48a8-8d0f-336933ddd41e', 'name': 'Testing Card', 'active': True, 'start_date': '2018-01-01', 'end_date': '2020-12-12', 'config': {'poi': {'other': {'allow': True, 'card_presen...</msg>
<status status="PASS" starttime="20201203 23:53:05.954" endtime="20201203 23:53:06.373"></status>
</kw>
<kw name="Pretty Print Response" library="marqeta">
<arguments>
<arg>${response}</arg>
</arguments>
<msg timestamp="20201203 23:53:06.375" level="INFO">{'active': True,
 'config': {'card_life_cycle': {'activate_upon_issue': True,
                                'card_service_code': 101,
                                'expiration_offset': {'unit': 'YEARS',
                                                      'value': 4},
                                'update_expiration_upon_activation': False},
            'clearing_and_settlement': {'overdraft_destination': 'GPA'},
            'digital_wallet_tokenization': {'card_art_id': '',
                                            'provisioning_controls': {'in_app_provisioning': {'address_verification': {'validate': True},
                                                                                              'enabled': False},
                                                                      'manual_entry': {'address_verification': {'validate': True},
                                                                                       'enabled': False},
                                                                      'wallet_provider_card_on_file': {'address_verification': {'validate': True},
                                                                                                       'enabled': False}}},
            'fulfillment': {'all_zero_card_security_code': False,
                            'allow_card_creation': True,
                            'bin_prefix': '111111',
                            'bulk_ship': False,
                            'enable_offline_pin': False,
                            'fulfillment_provider': 'PERFECTPLASTIC',
                            'package_id': '0',
                            'pan_length': '16',
                            'payment_instrument': 'VIRTUAL_PAN',
                            'uppercase_name_lines': True},
            'jit_funding': {'paymentcard_funding_source': {'enabled': False,
                                                           'refunds_destination': ''},
                            'program_funding_source': {'enabled': False,
                                                       'funding_source_token': '',
                                                       'refunds_destination': ''},
                            'programgateway_funding_source': {'always_fund': True,
                                                              'enabled': False,
                                                              'funding_source_token': '',
                                                              'refunds_destination': ''}},
            'poi': {'atm': False,
                    'ecommerce': True,
                    'other': {'allow': True,
                              'card_presence_required': False,
                              'cardholder_presence_required': False}},
            'selective_auth': {'dmd_location_sensitivity': 0,
                               'enable_regex_search_chain': False,
                               'sa_mode': 1},
            'special': {'merchant_on_boarding': False},
            'transaction_controls': {'accepted_countries_token': 'accept_us_only',
                                     'address_verification': {'auth_messages': {'decline_on_address_number_mismatch': False,
                                                                                'decline_on_postal_code_mismatch': False,
                                                                                'validate': True},
                                                              'av_messages': {'decline_on_address_number_mismatch': False,
                                                                              'decline_on_postal_code_mismatch': True,
                                                                              'validate': True}},
                                     'allow_chip_fallback': True,
                                     'allow_first_pin_set_via_financial_transaction': False,
                                     'allow_gpa_auth': True,
                                     'allow_mcc_group_authorization_controls': True,
                                     'allow_network_load': False,
                                     'allow_network_load_card_activation': False,
                                     'allow_quasi_cash': False,
                                     'always_require_icc': False,
                                     'always_require_pin': False,
                                     'enable_partial_auth_approval': True,
                                     'ignore_card_suspended_state': False,
                                     'require_card_not_present_card_security_code': False,
                                     'strong_customer_authentication_limits': {}}},
 'created_time': '2020-12-04T07:53:06Z',
 'end_date': '2020-12-12',
 'last_modified_time': '2020-12-04T07:53:06Z',
 'name': 'Testing Card',
 'start_date': '2018-01-01',
 'token': '503e7a53-883a-48a8-8d0f-336933ddd41e'}</msg>
<status status="PASS" starttime="20201203 23:53:06.373" endtime="20201203 23:53:06.375"></status>
</kw>
<status status="PASS" starttime="20201203 23:53:05.954" endtime="20201203 23:53:06.375"></status>
</kw>
<status status="PASS" starttime="20201203 23:53:05.953" endtime="20201203 23:53:06.376" critical="yes"></status>
</test>
<test id="s1-t17" name="SUITE 3 - TEST CASE 4">
<kw name="SUCCESSULLY CREATE CARD">
<arguments>
<arg>$Testing $Card</arg>
<arg>${TRUE}</arg>
<arg>2018-01-01</arg>
<arg>2020-12-12</arg>
</arguments>
<kw name="Test Success Card Product" library="marqeta">
<arguments>
<arg>${name}</arg>
<arg>${active}</arg>
<arg>${startDate}</arg>
<arg>${endDate}</arg>
</arguments>
<assign>
<var>${response}</var>
</assign>
<msg timestamp="20201203 23:53:06.666" level="INFO">${response} = {'token': 'e09a0d38-1d9d-4f60-b4c9-b34865a47bef', 'name': '$Testing $Card', 'active': True, 'start_date': '2018-01-01', 'end_date': '2020-12-12', 'config': {'poi': {'other': {'allow': True, 'card_pres...</msg>
<status status="PASS" starttime="20201203 23:53:06.378" endtime="20201203 23:53:06.666"></status>
</kw>
<kw name="Pretty Print Response" library="marqeta">
<arguments>
<arg>${response}</arg>
</arguments>
<msg timestamp="20201203 23:53:06.669" level="INFO">{'active': True,
 'config': {'card_life_cycle': {'activate_upon_issue': True,
                                'card_service_code': 101,
                                'expiration_offset': {'unit': 'YEARS',
                                                      'value': 4},
                                'update_expiration_upon_activation': False},
            'clearing_and_settlement': {'overdraft_destination': 'GPA'},
            'digital_wallet_tokenization': {'card_art_id': '',
                                            'provisioning_controls': {'in_app_provisioning': {'address_verification': {'validate': True},
                                                                                              'enabled': False},
                                                                      'manual_entry': {'address_verification': {'validate': True},
                                                                                       'enabled': False},
                                                                      'wallet_provider_card_on_file': {'address_verification': {'validate': True},
                                                                                                       'enabled': False}}},
            'fulfillment': {'all_zero_card_security_code': False,
                            'allow_card_creation': True,
                            'bin_prefix': '111111',
                            'bulk_ship': False,
                            'enable_offline_pin': False,
                            'fulfillment_provider': 'PERFECTPLASTIC',
                            'package_id': '0',
                            'pan_length': '16',
                            'payment_instrument': 'VIRTUAL_PAN',
                            'uppercase_name_lines': True},
            'jit_funding': {'paymentcard_funding_source': {'enabled': False,
                                                           'refunds_destination': ''},
                            'program_funding_source': {'enabled': False,
                                                       'funding_source_token': '',
                                                       'refunds_destination': ''},
                            'programgateway_funding_source': {'always_fund': True,
                                                              'enabled': False,
                                                              'funding_source_token': '',
                                                              'refunds_destination': ''}},
            'poi': {'atm': False,
                    'ecommerce': True,
                    'other': {'allow': True,
                              'card_presence_required': False,
                              'cardholder_presence_required': False}},
            'selective_auth': {'dmd_location_sensitivity': 0,
                               'enable_regex_search_chain': False,
                               'sa_mode': 1},
            'special': {'merchant_on_boarding': False},
            'transaction_controls': {'accepted_countries_token': 'accept_us_only',
                                     'address_verification': {'auth_messages': {'decline_on_address_number_mismatch': False,
                                                                                'decline_on_postal_code_mismatch': False,
                                                                                'validate': True},
                                                              'av_messages': {'decline_on_address_number_mismatch': False,
                                                                              'decline_on_postal_code_mismatch': True,
                                                                              'validate': True}},
                                     'allow_chip_fallback': True,
                                     'allow_first_pin_set_via_financial_transaction': False,
                                     'allow_gpa_auth': True,
                                     'allow_mcc_group_authorization_controls': True,
                                     'allow_network_load': False,
                                     'allow_network_load_card_activation': False,
                                     'allow_quasi_cash': False,
                                     'always_require_icc': False,
                                     'always_require_pin': False,
                                     'enable_partial_auth_approval': True,
                                     'ignore_card_suspended_state': False,
                                     'require_card_not_present_card_security_code': False,
                                     'strong_customer_authentication_limits': {}}},
 'created_time': '2020-12-04T07:53:06Z',
 'end_date': '2020-12-12',
 'last_modified_time': '2020-12-04T07:53:06Z',
 'name': '$Testing $Card',
 'start_date': '2018-01-01',
 'token': 'e09a0d38-1d9d-4f60-b4c9-b34865a47bef'}</msg>
<status status="PASS" starttime="20201203 23:53:06.667" endtime="20201203 23:53:06.669"></status>
</kw>
<status status="PASS" starttime="20201203 23:53:06.378" endtime="20201203 23:53:06.669"></status>
</kw>
<status status="PASS" starttime="20201203 23:53:06.377" endtime="20201203 23:53:06.670" critical="yes"></status>
</test>
<test id="s1-t18" name="SUITE 3 - TEST CASE 5">
<kw name="SUCCESSULLY CREATE CARD">
<arguments>
<arg>Testing_Card</arg>
<arg>${TRUE}</arg>
<arg>2018-01-01</arg>
<arg>2020-12-12</arg>
</arguments>
<kw name="Test Success Card Product" library="marqeta">
<arguments>
<arg>${name}</arg>
<arg>${active}</arg>
<arg>${startDate}</arg>
<arg>${endDate}</arg>
</arguments>
<assign>
<var>${response}</var>
</assign>
<msg timestamp="20201203 23:53:06.933" level="INFO">${response} = {'token': '1fca3cbe-f2f3-4be2-9471-e0672cafbceb', 'name': 'Testing_Card', 'active': True, 'start_date': '2018-01-01', 'end_date': '2020-12-12', 'config': {'poi': {'other': {'allow': True, 'card_presen...</msg>
<status status="PASS" starttime="20201203 23:53:06.672" endtime="20201203 23:53:06.934"></status>
</kw>
<kw name="Pretty Print Response" library="marqeta">
<arguments>
<arg>${response}</arg>
</arguments>
<msg timestamp="20201203 23:53:06.936" level="INFO">{'active': True,
 'config': {'card_life_cycle': {'activate_upon_issue': True,
                                'card_service_code': 101,
                                'expiration_offset': {'unit': 'YEARS',
                                                      'value': 4},
                                'update_expiration_upon_activation': False},
            'clearing_and_settlement': {'overdraft_destination': 'GPA'},
            'digital_wallet_tokenization': {'card_art_id': '',
                                            'provisioning_controls': {'in_app_provisioning': {'address_verification': {'validate': True},
                                                                                              'enabled': False},
                                                                      'manual_entry': {'address_verification': {'validate': True},
                                                                                       'enabled': False},
                                                                      'wallet_provider_card_on_file': {'address_verification': {'validate': True},
                                                                                                       'enabled': False}}},
            'fulfillment': {'all_zero_card_security_code': False,
                            'allow_card_creation': True,
                            'bin_prefix': '111111',
                            'bulk_ship': False,
                            'enable_offline_pin': False,
                            'fulfillment_provider': 'PERFECTPLASTIC',
                            'package_id': '0',
                            'pan_length': '16',
                            'payment_instrument': 'VIRTUAL_PAN',
                            'uppercase_name_lines': True},
            'jit_funding': {'paymentcard_funding_source': {'enabled': False,
                                                           'refunds_destination': ''},
                            'program_funding_source': {'enabled': False,
                                                       'funding_source_token': '',
                                                       'refunds_destination': ''},
                            'programgateway_funding_source': {'always_fund': True,
                                                              'enabled': False,
                                                              'funding_source_token': '',
                                                              'refunds_destination': ''}},
            'poi': {'atm': False,
                    'ecommerce': True,
                    'other': {'allow': True,
                              'card_presence_required': False,
                              'cardholder_presence_required': False}},
            'selective_auth': {'dmd_location_sensitivity': 0,
                               'enable_regex_search_chain': False,
                               'sa_mode': 1},
            'special': {'merchant_on_boarding': False},
            'transaction_controls': {'accepted_countries_token': 'accept_us_only',
                                     'address_verification': {'auth_messages': {'decline_on_address_number_mismatch': False,
                                                                                'decline_on_postal_code_mismatch': False,
                                                                                'validate': True},
                                                              'av_messages': {'decline_on_address_number_mismatch': False,
                                                                              'decline_on_postal_code_mismatch': True,
                                                                              'validate': True}},
                                     'allow_chip_fallback': True,
                                     'allow_first_pin_set_via_financial_transaction': False,
                                     'allow_gpa_auth': True,
                                     'allow_mcc_group_authorization_controls': True,
                                     'allow_network_load': False,
                                     'allow_network_load_card_activation': False,
                                     'allow_quasi_cash': False,
                                     'always_require_icc': False,
                                     'always_require_pin': False,
                                     'enable_partial_auth_approval': True,
                                     'ignore_card_suspended_state': False,
                                     'require_card_not_present_card_security_code': False,
                                     'strong_customer_authentication_limits': {}}},
 'created_time': '2020-12-04T07:53:06Z',
 'end_date': '2020-12-12',
 'last_modified_time': '2020-12-04T07:53:06Z',
 'name': 'Testing_Card',
 'start_date': '2018-01-01',
 'token': '1fca3cbe-f2f3-4be2-9471-e0672cafbceb'}</msg>
<status status="PASS" starttime="20201203 23:53:06.934" endtime="20201203 23:53:06.936"></status>
</kw>
<status status="PASS" starttime="20201203 23:53:06.672" endtime="20201203 23:53:06.936"></status>
</kw>
<status status="PASS" starttime="20201203 23:53:06.671" endtime="20201203 23:53:06.937" critical="yes"></status>
</test>
<test id="s1-t19" name="SUITE 3 - TEST CASE 6">
<kw name="SUCCESSULLY CREATE CARD">
<arguments>
<arg>T</arg>
<arg>${TRUE}</arg>
<arg>2018-01-01</arg>
<arg>2020-12-12</arg>
</arguments>
<kw name="Test Success Card Product" library="marqeta">
<arguments>
<arg>${name}</arg>
<arg>${active}</arg>
<arg>${startDate}</arg>
<arg>${endDate}</arg>
</arguments>
<assign>
<var>${response}</var>
</assign>
<msg timestamp="20201203 23:53:07.362" level="INFO">${response} = {'token': 'dede8222-9e92-4b10-8578-80caa700bef2', 'name': 'T', 'active': True, 'start_date': '2018-01-01', 'end_date': '2020-12-12', 'config': {'poi': {'other': {'allow': True, 'card_presence_required...</msg>
<status status="PASS" starttime="20201203 23:53:06.940" endtime="20201203 23:53:07.363"></status>
</kw>
<kw name="Pretty Print Response" library="marqeta">
<arguments>
<arg>${response}</arg>
</arguments>
<msg timestamp="20201203 23:53:07.365" level="INFO">{'active': True,
 'config': {'card_life_cycle': {'activate_upon_issue': True,
                                'card_service_code': 101,
                                'expiration_offset': {'unit': 'YEARS',
                                                      'value': 4},
                                'update_expiration_upon_activation': False},
            'clearing_and_settlement': {'overdraft_destination': 'GPA'},
            'digital_wallet_tokenization': {'card_art_id': '',
                                            'provisioning_controls': {'in_app_provisioning': {'address_verification': {'validate': True},
                                                                                              'enabled': False},
                                                                      'manual_entry': {'address_verification': {'validate': True},
                                                                                       'enabled': False},
                                                                      'wallet_provider_card_on_file': {'address_verification': {'validate': True},
                                                                                                       'enabled': False}}},
            'fulfillment': {'all_zero_card_security_code': False,
                            'allow_card_creation': True,
                            'bin_prefix': '111111',
                            'bulk_ship': False,
                            'enable_offline_pin': False,
[...]
            'fulfillment': {'all_zero_card_security_code': False,
                            'allow_card_creation': True,
                            'bin_prefix': '111111',
                            'bulk_ship': False,
                            'enable_offline_pin': False,
                            'fulfillment_provider': 'PERFECTPLASTIC',
                            'package_id': '0',
                            'pan_length': '16',
                            'payment_instrument': 'VIRTUAL_PAN',
                            'uppercase_name_lines': True},
            'jit_funding': {'paymentcard_funding_source': {'enabled': False,
                                                           'refunds_destination': ''},
                            'program_funding_source': {'enabled': False,
                                                       'funding_source_token': '',
                                                       'refunds_destination': ''},
                            'programgateway_funding_source': {'always_fund': True,
                                                              'enabled': False,
                                                              'funding_source_token': '',
                                                              'refunds_destination': ''}},
            'poi': {'atm': False,
                    'ecommerce': True,
                    'other': {'allow': True,
                              'card_presence_required': False,
                              'cardholder_presence_required': False}},
            'selective_auth': {'dmd_location_sensitivity': 0,
                               'enable_regex_search_chain': False,
                               'sa_mode': 1},
            'special': {'merchant_on_boarding': False},
            'transaction_controls': {'accepted_countries_token': 'accept_us_only',
                                     'address_verification': {'auth_messages': {'decline_on_address_number_mismatch': False,
                                                                                'decline_on_postal_code_mismatch': False,
                                                                                'validate': True},
                                                              'av_messages': {'decline_on_address_number_mismatch': False,
                                                                              'decline_on_postal_code_mismatch': True,
                                                                              'validate': True}},
                                     'allow_chip_fallback': True,
                                     'allow_first_pin_set_via_financial_transaction': False,
                                     'allow_gpa_auth': True,
                                     'allow_mcc_group_authorization_controls': True,
                                     'allow_network_load': False,
                                     'allow_network_load_card_activation': False,
                                     'allow_quasi_cash': False,
                                     'always_require_icc': False,
                                     'always_require_pin': False,
                                     'enable_partial_auth_approval': True,
                                     'ignore_card_suspended_state': False,
                                     'require_card_not_present_card_security_code': False,
                                     'strong_customer_authentication_limits': {}}},
 'created_time': '2020-12-04T07:53:08Z',
 'end_date': '2020-12-12',
 'last_modified_time': '2020-12-04T07:53:08Z',
 'name': 'Testing_Card_Testing_Card_Testing_Card_T',
 'start_date': '2018-01-01',
 'token': '98fcd36d-76d7-4640-84cf-331e96ad76ce'}</msg>
<status status="PASS" starttime="20201203 23:53:08.258" endtime="20201203 23:53:08.260"></status>
</kw>
<status status="PASS" starttime="20201203 23:53:07.640" endtime="20201203 23:53:08.260"></status>
</kw>
<status status="PASS" starttime="20201203 23:53:07.639" endtime="20201203 23:53:08.261" critical="yes"></status>
</test>
<test id="s1-t22" name="SUITE 3 - TEST CASE 9">
<kw name="UNSUCCESSULLY CREATE CARD">
<arguments>
<arg>Testing_Card_Testing_Card_Testing_Card_Te</arg>
<arg>${TRUE}</arg>
<arg>2018-01-01</arg>
<arg>2020-12-12</arg>
</arguments>
<kw name="Test Failed Card Product" library="marqeta">
<arguments>
<arg>${name}</arg>
<arg>${active}</arg>
<arg>${startDate}</arg>
<arg>${endDate}</arg>
</arguments>
<assign>
<var>${response}</var>
</assign>
<msg timestamp="20201203 23:53:08.505" level="INFO">${response} = {'error_code': '400001', 'error_message': 'Invalid input(s): name size must be between 1 and 40'}</msg>
<status status="PASS" starttime="20201203 23:53:08.263" endtime="20201203 23:53:08.505"></status>
</kw>
<kw name="Pretty Print Response" library="marqeta">
<arguments>
<arg>${response}</arg>
</arguments>
<msg timestamp="20201203 23:53:08.505" level="INFO">{'error_code': '400001',
 'error_message': 'Invalid input(s): name size must be between 1 and 40'}</msg>
<status status="PASS" starttime="20201203 23:53:08.505" endtime="20201203 23:53:08.505"></status>
</kw>
<status status="PASS" starttime="20201203 23:53:08.263" endtime="20201203 23:53:08.505"></status>
</kw>
<status status="PASS" starttime="20201203 23:53:08.262" endtime="20201203 23:53:08.506" critical="yes"></status>
</test>
<test id="s1-t23" name="SUITE 4 - TEST CASE 1">
<kw name="SUCCESSULLY CREATE CARD">
<arguments>
<arg>TEST_CARD</arg>
<arg>${TRUE}</arg>
<arg>2018-01-01</arg>
<arg>2020-12-12</arg>
</arguments>
<kw name="Test Success Card Product" library="marqeta">
<arguments>
<arg>${name}</arg>
<arg>${active}</arg>
<arg>${startDate}</arg>
<arg>${endDate}</arg>
</arguments>
<assign>
<var>${response}</var>
</assign>
<msg timestamp="20201203 23:53:08.770" level="INFO">${response} = {'token': '44a8719f-4ddc-4676-a123-3a18a0490554', 'name': 'TEST_CARD', 'active': True, 'start_date': '2018-01-01', 'end_date': '2020-12-12', 'config': {'poi': {'other': {'allow': True, 'card_presence_...</msg>
<status status="PASS" starttime="20201203 23:53:08.508" endtime="20201203 23:53:08.770"></status>
</kw>
<kw name="Pretty Print Response" library="marqeta">
<arguments>
<arg>${response}</arg>
</arguments>
<msg timestamp="20201203 23:53:08.772" level="INFO">{'active': True,
 'config': {'card_life_cycle': {'activate_upon_issue': True,
                                'card_service_code': 101,
                                'expiration_offset': {'unit': 'YEARS',
                                                      'value': 4},
                                'update_expiration_upon_activation': False},
            'clearing_and_settlement': {'overdraft_destination': 'GPA'},
            'digital_wallet_tokenization': {'card_art_id': '',
                                            'provisioning_controls': {'in_app_provisioning': {'address_verification': {'validate': True},
                                                                                              'enabled': False},
                                                                      'manual_entry': {'address_verification': {'validate': True},
                                                                                       'enabled': False},
                                                                      'wallet_provider_card_on_file': {'address_verification': {'validate': True},
                                                                                                       'enabled': False}}},
            'fulfillment': {'all_zero_card_security_code': False,
                            'allow_card_creation': True,
                            'bin_prefix': '111111',
                            'bulk_ship': False,
                            'enable_offline_pin': False,
                            'fulfillment_provider': 'PERFECTPLASTIC',
                            'package_id': '0',
                            'pan_length': '16',
                            'payment_instrument': 'VIRTUAL_PAN',
                            'uppercase_name_lines': True},
            'jit_funding': {'paymentcard_funding_source': {'enabled': False,
                                                           'refunds_destination': ''},
                            'program_funding_source': {'enabled': False,
                                                       'funding_source_token': '',
                                                       'refunds_destination': ''},
                            'programgateway_funding_source': {'always_fund': True,
                                                              'enabled': False,
                                                              'funding_source_token': '',
                                                              'refunds_destination': ''}},
            'poi': {'atm': False,
                    'ecommerce': True,
                    'other': {'allow': True,
                              'card_presence_required': False,
                              'cardholder_presence_required': False}},
            'selective_auth': {'dmd_location_sensitivity': 0,
                               'enable_regex_search_chain': False,
                               'sa_mode': 1},
            'special': {'merchant_on_boarding': False},
            'transaction_controls': {'accepted_countries_token': 'accept_us_only',
                                     'address_verification': {'auth_messages': {'decline_on_address_number_mismatch': False,
                                                                                'decline_on_postal_code_mismatch': False,
                                                                                'validate': True},
                                                              'av_messages': {'decline_on_address_number_mismatch': False,
                                                                              'decline_on_postal_code_mismatch': True,
                                                                              'validate': True}},
                                     'allow_chip_fallback': True,
                                     'allow_first_pin_set_via_financial_transaction': False,
                                     'allow_gpa_auth': True,
                                     'allow_mcc_group_authorization_controls': True,
                                     'allow_network_load': False,
                                     'allow_network_load_card_activation': False,
                                     'allow_quasi_cash': False,
                                     'always_require_icc': False,
                                     'always_require_pin': False,
                                     'enable_partial_auth_approval': True,
                                     'ignore_card_suspended_state': False,
                                     'require_card_not_present_card_security_code': False,
                                     'strong_customer_authentication_limits': {}}},
 'created_time': '2020-12-04T07:53:08Z',
 'end_date': '2020-12-12',
 'last_modified_time': '2020-12-04T07:53:08Z',
 'name': 'TEST_CARD',
 'start_date': '2018-01-01',
 'token': '44a8719f-4ddc-4676-a123-3a18a0490554'}</msg>
<status status="PASS" starttime="20201203 23:53:08.770" endtime="20201203 23:53:08.773"></status>
</kw>
<status status="PASS" starttime="20201203 23:53:08.508" endtime="20201203 23:53:08.773"></status>
</kw>
<status status="PASS" starttime="20201203 23:53:08.507" endtime="20201203 23:53:08.773" critical="yes"></status>
</test>
<test id="s1-t24" name="SUITE 4 - TEST CASE 2">
<kw name="SUCCESSULLY CREATE CARD">
<arguments>
<arg>TEST_CARD</arg>
<arg>${TRUE}</arg>
<arg>2018-01-01</arg>
<arg>2020-12-12</arg>
</arguments>
<kw name="Test Success Card Product" library="marqeta">
<arguments>
<arg>${name}</arg>
<arg>${active}</arg>
<arg>${startDate}</arg>
<arg>${endDate}</arg>
</arguments>
<assign>
<var>${response}</var>
</assign>
<msg timestamp="20201203 23:53:09.052" level="INFO">${response} = {'token': '33f4b3ff-7d23-4821-a045-246a8f5c873c', 'name': 'TEST_CARD', 'active': True, 'start_date': '2018-01-01', 'end_date': '2020-12-12', 'config': {'poi': {'other': {'allow': True, 'card_presence_...</msg>
<status status="PASS" starttime="20201203 23:53:08.776" endtime="20201203 23:53:09.052"></status>
</kw>
<kw name="Pretty Print Response" library="marqeta">
<arguments>
<arg>${response}</arg>
</arguments>
<msg timestamp="20201203 23:53:09.054" level="INFO">{'active': True,
 'config': {'card_life_cycle': {'activate_upon_issue': True,
                                'card_service_code': 101,
                                'expiration_offset': {'unit': 'YEARS',
                                                      'value': 4},
                                'update_expiration_upon_activation': False},
            'clearing_and_settlement': {'overdraft_destination': 'GPA'},
            'digital_wallet_tokenization': {'card_art_id': '',
                                            'provisioning_controls': {'in_app_provisioning': {'address_verification': {'validate': True},
                                                                                              'enabled': False},
                                                                      'manual_entry': {'address_verification': {'validate': True},
                                                                                       'enabled': False},
                                                                      'wallet_provider_card_on_file': {'address_verification': {'validate': True},
                                                                                                       'enabled': False}}},
            'fulfillment': {'all_zero_card_security_code': False,
                            'allow_card_creation': True,
                            'bin_prefix': '111111',
                            'bulk_ship': False,
                            'enable_offline_pin': False,
                            'fulfillment_provider': 'PERFECTPLASTIC',
                            'package_id': '0',
                            'pan_length': '16',
                            'payment_instrument': 'VIRTUAL_PAN',
                            'uppercase_name_lines': True},
            'jit_funding': {'paymentcard_funding_source': {'enabled': False,
                                                           'refunds_destination': ''},
                            'program_funding_source': {'enabled': False,
                                                       'funding_source_token': '',
                                                       'refunds_destination': ''},
                            'programgateway_funding_source': {'always_fund': True,
                                                              'enabled': False,
                                                              'funding_source_token': '',
                                                              'refunds_destination': ''}},
            'poi': {'atm': False,
                    'ecommerce': True,
                    'other': {'allow': True,
                              'card_presence_required': False,
                              'cardholder_presence_required': False}},
            'selective_auth': {'dmd_location_sensitivity': 0,
                               'enable_regex_search_chain': False,
                               'sa_mode': 1},
            'special': {'merchant_on_boarding': False},
            'transaction_controls': {'accepted_countries_token': 'accept_us_only',
                                     'address_verification': {'auth_messages': {'decline_on_address_number_mismatch': False,
                                                                                'decline_on_postal_code_mismatch': False,
                                                                                'validate': True},
                                                              'av_messages': {'decline_on_address_number_mismatch': False,
                                                                              'decline_on_postal_code_mismatch': True,
                                                                              'validate': True}},
                                     'allow_chip_fallback': True,
                                     'allow_first_pin_set_via_financial_transaction': False,
                                     'allow_gpa_auth': True,
                                     'allow_mcc_group_authorization_controls': True,
                                     'allow_network_load': False,
                                     'allow_network_load_card_activation': False,
                                     'allow_quasi_cash': False,
                                     'always_require_icc': False,
                                     'always_require_pin': False,
                                     'enable_partial_auth_approval': True,
                                     'ignore_card_suspended_state': False,
                                     'require_card_not_present_card_security_code': False,
                                     'strong_customer_authentication_limits': {}}},
 'created_time': '2020-12-04T07:53:08Z',
 'end_date': '2020-12-12',
 'last_modified_time': '2020-12-04T07:53:08Z',
 'name': 'TEST_CARD',
 'start_date': '2018-01-01',
 'token': '33f4b3ff-7d23-4821-a045-246a8f5c873c'}</msg>
<status status="PASS" starttime="20201203 23:53:09.052" endtime="20201203 23:53:09.054"></status>
</kw>
<status status="PASS" starttime="20201203 23:53:08.775" endtime="20201203 23:53:09.054"></status>
</kw>
<status status="PASS" starttime="20201203 23:53:08.774" endtime="20201203 23:53:09.055" critical="yes"></status>
</test>
<test id="s1-t25" name="SUITE 4 - TEST CASE 3">
<kw name="UNSUCCESSULLY CREATE CARD">
<arguments>
<arg>TEST_CARD</arg>
<arg>Test</arg>
<arg>2018-01-01</arg>
<arg>2020-12-12</arg>
</arguments>
<kw name="Test Failed Card Product" library="marqeta">
<arguments>
<arg>${name}</arg>
<arg>${active}</arg>
<arg>${startDate}</arg>
<arg>${endDate}</arg>
</arguments>
<assign>
<var>${response}</var>
</assign>
<msg timestamp="20201203 23:53:09.298" level="INFO">${response} = {'error_code': '400037', 'error_message': 'Malformed JSON request received: Can not construct instance of java.lang.Boolean from String value \'Test\': only "true" or "false" recognized at line: 1 col...</msg>
<status status="PASS" starttime="20201203 23:53:09.058" endtime="20201203 23:53:09.298"></status>
</kw>
<kw name="Pretty Print Response" library="marqeta">
<arguments>
<arg>${response}</arg>
</arguments>
<msg timestamp="20201203 23:53:09.298" level="INFO">{'error_code': '400037',
 'error_message': 'Malformed JSON request received: Can not construct instance '
                  "of java.lang.Boolean from String value 'Test': only "
                  '"true" or "false" recognized at line: 1 column: 21'}</msg>
<status status="PASS" starttime="20201203 23:53:09.298" endtime="20201203 23:53:09.298"></status>
</kw>
<status status="PASS" starttime="20201203 23:53:09.057" endtime="20201203 23:53:09.299"></status>
</kw>
<status status="PASS" starttime="20201203 23:53:09.057" endtime="20201203 23:53:09.299" critical="yes"></status>
</test>
<doc>Card Product Testing for Marqeta</doc>
<status status="FAIL" starttime="20201203 23:53:01.743" endtime="20201203 23:53:09.302"></status>
</suite>
<statistics>
<total>
<stat pass="24" fail="1">Critical Tests</stat>
<stat pass="24" fail="1">All Tests</stat>
</total>
<tag>
</tag>
<suite>
<stat pass="24" fail="1" id="s1" name="MarqetaTest CardProduct">MarqetaTest CardProduct</stat>
</suite>
</statistics>
<errors>
</errors>
</robot>
